#
# There is insufficient memory for the Java Runtime Environment to continue.
# Native memory allocation (malloc) failed to allocate 2113136 bytes for Chunk::new
# Possible reasons:
#   The system is out of physical RAM or swap space
#   The process is running with CompressedOops enabled, and the Java Heap may be blocking the growth of the native heap
# Possible solutions:
#   Reduce memory load on the system
#   Increase physical memory or swap space
#   Check if swap backing store is full
#   Decrease Java heap size (-Xmx/-Xms)
#   Decrease number of Java threads
#   Decrease Java thread stack sizes (-Xss)
#   Set larger code cache with -XX:ReservedCodeCacheSize=
#   JVM is running with Unscaled Compressed Oops mode in which the Java heap is
#     placed in the first 4GB address space. The Java Heap base address is the
#     maximum limit for the native heap growth. Please use -XX:HeapBaseMinAddress
#     to set the Java Heap base and to place the Java Heap above 4GB virtual address.
# This output file may be truncated or incomplete.
#
#  Out of Memory Error (arena.cpp:189), pid=21524, tid=21684
#
# JRE version: Java(TM) SE Runtime Environment (17.0.9+11) (build 17.0.9+11-LTS-201)
# Java VM: Java HotSpot(TM) 64-Bit Server VM (17.0.9+11-LTS-201, mixed mode, sharing, tiered, compressed oops, compressed class ptrs, g1 gc, windows-amd64)
# No core dump will be written. Minidumps are not enabled by default on client versions of Windows
#

---------------  S U M M A R Y ------------

Command Line: -XX:MaxMetaspaceSize=512m --add-opens=java.base/java.util=ALL-UNNAMED --add-opens=java.base/java.lang=ALL-UNNAMED --add-opens=java.base/java.lang.invoke=ALL-UNNAMED --add-opens=java.prefs/java.util.prefs=ALL-UNNAMED --add-opens=java.base/java.nio.charset=ALL-UNNAMED --add-opens=java.base/java.net=ALL-UNNAMED --add-opens=java.base/java.util.concurrent.atomic=ALL-UNNAMED -Xmx2048m -Dfile.encoding=windows-1252 -Duser.country=US -Duser.language=en -Duser.variant org.gradle.launcher.daemon.bootstrap.GradleDaemon 8.0.1

Host: Intel(R) Core(TM) i5-1035G1 CPU @ 1.00GHz, 8 cores, 7G,  Windows 11 , 64 bit Build 22621 (10.0.22621.3374)
Time: Tue Apr  9 19:31:02 2024 SE Asia Standard Time elapsed time: 164.464584 seconds (0d 0h 2m 44s)

---------------  T H R E A D  ---------------

Current thread (0x0000021ce78966b0):  JavaThread "C2 CompilerThread0" daemon [_thread_in_native, id=21684, stack(0x0000006fc3100000,0x0000006fc3200000)]


Current CompileTask:
C2: 164464 9806   !   4       com.sun.beans.TypeResolver::resolve (261 bytes)

Stack: [0x0000006fc3100000,0x0000006fc3200000]
Native frames: (J=compiled Java code, j=interpreted, Vv=VM code, C=native code)
V  [jvm.dll+0x678a4a]
V  [jvm.dll+0x7d9cfd]
V  [jvm.dll+0x7db60e]
V  [jvm.dll+0x7dbc73]
V  [jvm.dll+0x245e1f]
V  [jvm.dll+0xaaafb]
V  [jvm.dll+0xab09c]
V  [jvm.dll+0x36232f]
V  [jvm.dll+0x32ca01]
V  [jvm.dll+0x32be9a]
V  [jvm.dll+0x21812f]
V  [jvm.dll+0x217561]
V  [jvm.dll+0x1a3bc0]
V  [jvm.dll+0x2272de]
V  [jvm.dll+0x22548b]
V  [jvm.dll+0x78f58c]
V  [jvm.dll+0x78998a]
V  [jvm.dll+0x677875]
C  [ucrtbase.dll+0x29333]
C  [KERNEL32.DLL+0x1257d]
C  [ntdll.dll+0x5aa48]


---------------  P R O C E S S  ---------------

Threads class SMR info:
_java_thread_list=0x0000021ce7d9aa40, length=136, elements={
0x0000021cc96a8f30, 0x0000021ce787d0f0, 0x0000021ce787dcb0, 0x0000021ce788f9b0,
0x0000021ce7890570, 0x0000021ce7894f50, 0x0000021ce7895910, 0x0000021ce78966b0,
0x0000021ce7899170, 0x0000021ce7899b70, 0x0000021ce78fd4c0, 0x0000021ce78fe9b0,
0x0000021ced1a5c20, 0x0000021cec76c3a0, 0x0000021ced880020, 0x0000021ce7d3c020,
0x0000021cec0c6360, 0x0000021cecc5ce50, 0x0000021ce7cfd970, 0x0000021ce7cfb600,
0x0000021ce7cfbb10, 0x0000021ce7cfedb0, 0x0000021ce7cfe390, 0x0000021ce7cfc530,
0x0000021ce7cfe8a0, 0x0000021ce7cfca40, 0x0000021ce7cfcf50, 0x0000021ce7cfde80,
0x0000021cee22c2b0, 0x0000021cee22a450, 0x0000021cee2285f0, 0x0000021cee2276c0,
0x0000021cee22ccd0, 0x0000021cee226280, 0x0000021cee22c7c0, 0x0000021cee22a960,
0x0000021cee227bd0, 0x0000021cee225d70, 0x0000021cee22d6f0, 0x0000021cee22b380,
0x0000021cee22b890, 0x0000021cee229f40, 0x0000021cee229a30, 0x0000021cee229010,
0x0000021cee226790, 0x0000021cee226ca0, 0x0000021cee22bda0, 0x0000021cee2271b0,
0x0000021cee2280e0, 0x0000021cee229520, 0x0000021cee22ae70, 0x0000021ce7cfd460,
0x0000021cec0b57e0, 0x0000021cec0b6200, 0x0000021cec0b7b50, 0x0000021cec0b7130,
0x0000021cec0b48b0, 0x0000021cec0b7640, 0x0000021cec0b4dc0, 0x0000021cec0b43a0,
0x0000021cec0b52d0, 0x0000021cec0b5cf0, 0x0000021cec0b6710, 0x0000021cec0b6c20,
0x0000021ce7dc6cc0, 0x0000021ce7dc5880, 0x0000021ce7dc62a0, 0x0000021ce7dc71d0,
0x0000021ce7dc3f30, 0x0000021ce7dc2af0, 0x0000021ce7dc4440, 0x0000021ce7dc67b0,
0x0000021ce7dc3a20, 0x0000021ce7dc11a0, 0x0000021ce7dc5d90, 0x0000021ce7dc8100,
0x0000021ce7dc0c90, 0x0000021ce7dc4e60, 0x0000021ce7dc1bc0, 0x0000021ce7dc8610,
0x0000021ce7dc3000, 0x0000021ce7dc16b0, 0x0000021ce7dc25e0, 0x0000021ce7dc5370,
0x0000021ce7dc3510, 0x0000021cedaec810, 0x0000021cedaea9b0, 0x0000021cedaec300,
0x0000021cedaee160, 0x0000021cedaed230, 0x0000021cedaea4a0, 0x0000021cedaeb3d0,
0x0000021cedae9060, 0x0000021cedaeaec0, 0x0000021cedaeffc0, 0x0000021cedae9a80,
0x0000021cedaeb8e0, 0x0000021cedaedc50, 0x0000021cedaed740, 0x0000021cedaecd20,
0x0000021cedaef5a0, 0x0000021cedaf09e0, 0x0000021cedaebdf0, 0x0000021cedae9570,
0x0000021cedaef090, 0x0000021cedae9f90, 0x0000021cedaf04d0, 0x0000021cedaefab0,
0x0000021cf03a2170, 0x0000021cf03a35b0, 0x0000021cf039f3e0, 0x0000021cf039e9c0,
0x0000021cf03a2b90, 0x0000021cf03a3ac0, 0x0000021cf03a0d30, 0x0000021cf03a3fd0,
0x0000021cf03a44e0, 0x0000021cf03a1240, 0x0000021cf03a1750, 0x0000021cf03a0310,
0x0000021cf039f8f0, 0x0000021cf039d070, 0x0000021cf03a30a0, 0x0000021cf039da90,
0x0000021cf03a49f0, 0x0000021cf03a1c60, 0x0000021cf039d580, 0x0000021cf039dfa0,
0x0000021cf039e4b0, 0x0000021cf039fe00, 0x0000021cf03a2680, 0x0000021cf039eed0,
0x0000021cf03a0820, 0x0000021ced96bb50, 0x0000021ced969cf0, 0x0000021ced96a710
}

Java Threads: ( => current thread )
  0x0000021cc96a8f30 JavaThread "main" [_thread_blocked, id=21628, stack(0x0000006fc2400000,0x0000006fc2500000)]
  0x0000021ce787d0f0 JavaThread "Reference Handler" daemon [_thread_blocked, id=21660, stack(0x0000006fc2b00000,0x0000006fc2c00000)]
  0x0000021ce787dcb0 JavaThread "Finalizer" daemon [_thread_blocked, id=21664, stack(0x0000006fc2c00000,0x0000006fc2d00000)]
  0x0000021ce788f9b0 JavaThread "Signal Dispatcher" daemon [_thread_blocked, id=21668, stack(0x0000006fc2d00000,0x0000006fc2e00000)]
  0x0000021ce7890570 JavaThread "Attach Listener" daemon [_thread_blocked, id=21672, stack(0x0000006fc2e00000,0x0000006fc2f00000)]
  0x0000021ce7894f50 JavaThread "Service Thread" daemon [_thread_blocked, id=21676, stack(0x0000006fc2f00000,0x0000006fc3000000)]
  0x0000021ce7895910 JavaThread "Monitor Deflation Thread" daemon [_thread_blocked, id=21680, stack(0x0000006fc3000000,0x0000006fc3100000)]
=>0x0000021ce78966b0 JavaThread "C2 CompilerThread0" daemon [_thread_in_native, id=21684, stack(0x0000006fc3100000,0x0000006fc3200000)]
  0x0000021ce7899170 JavaThread "C1 CompilerThread0" daemon [_thread_blocked, id=21696, stack(0x0000006fc3200000,0x0000006fc3300000)]
  0x0000021ce7899b70 JavaThread "Sweeper thread" daemon [_thread_blocked, id=21700, stack(0x0000006fc3300000,0x0000006fc3400000)]
  0x0000021ce78fd4c0 JavaThread "Common-Cleaner" daemon [_thread_blocked, id=21704, stack(0x0000006fc3400000,0x0000006fc3500000)]
  0x0000021ce78fe9b0 JavaThread "Notification Thread" daemon [_thread_blocked, id=21708, stack(0x0000006fc3500000,0x0000006fc3600000)]
  0x0000021ced1a5c20 JavaThread "Daemon health stats" [_thread_blocked, id=15072, stack(0x0000006fc3b00000,0x0000006fc3c00000)]
  0x0000021cec76c3a0 JavaThread "Incoming local TCP Connector on port 55659" [_thread_in_native, id=22212, stack(0x0000006fc3c00000,0x0000006fc3d00000)]
  0x0000021ced880020 JavaThread "Daemon periodic checks" [_thread_blocked, id=22160, stack(0x0000006fc3d00000,0x0000006fc3e00000)]
  0x0000021ce7d3c020 JavaThread "Daemon" [_thread_blocked, id=21732, stack(0x0000006fc3e00000,0x0000006fc3f00000)]
  0x0000021cec0c6360 JavaThread "Handler for socket connection from /127.0.0.1:55659 to /127.0.0.1:55660" [_thread_in_native, id=16604, stack(0x0000006fc3f00000,0x0000006fc4000000)]
  0x0000021cecc5ce50 JavaThread "Cancel handler" [_thread_blocked, id=21388, stack(0x0000006fc4000000,0x0000006fc4100000)]
  0x0000021ce7cfd970 JavaThread "Daemon worker" [_thread_in_native, id=20624, stack(0x0000006fc4100000,0x0000006fc4200000)]
  0x0000021ce7cfb600 JavaThread "Asynchronous log dispatcher for DefaultDaemonConnection: socket connection from /127.0.0.1:55659 to /127.0.0.1:55660" [_thread_blocked, id=21460, stack(0x0000006fc4200000,0x0000006fc4300000)]
  0x0000021ce7cfbb10 JavaThread "Daemon client event forwarder" [_thread_blocked, id=16672, stack(0x0000006fc4400000,0x0000006fc4500000)]
  0x0000021ce7cfedb0 JavaThread "Cache worker for journal cache (C:\Users\phamv\.gradle\caches\journal-1)" [_thread_blocked, id=15056, stack(0x0000006fc4500000,0x0000006fc4600000)]
  0x0000021ce7cfe390 JavaThread "File lock request listener" [_thread_in_native, id=16504, stack(0x0000006fc4600000,0x0000006fc4700000)]
  0x0000021ce7cfc530 JavaThread "Cache worker for file hash cache (C:\Users\phamv\.gradle\caches\8.0.1\fileHashes)" [_thread_blocked, id=18940, stack(0x0000006fc4700000,0x0000006fc4800000)]
  0x0000021ce7cfe8a0 JavaThread "File lock release action executor" [_thread_blocked, id=20716, stack(0x0000006fc4b00000,0x0000006fc4c00000)]
  0x0000021ce7cfca40 JavaThread "File watcher server" daemon [_thread_in_native, id=16208, stack(0x0000006fc4c00000,0x0000006fc4d00000)]
  0x0000021ce7cfcf50 JavaThread "File watcher consumer" daemon [_thread_blocked, id=17932, stack(0x0000006fc4d00000,0x0000006fc4e00000)]
  0x0000021ce7cfde80 JavaThread "Cache worker for checksums cache (D:\Gen-Chat\GenChatMobile2-main\android\.gradle\8.0.1\checksums)" [_thread_blocked, id=19768, stack(0x0000006fc4e00000,0x0000006fc4f00000)]
  0x0000021cee22c2b0 JavaThread "Cache worker for cache directory md-rule (C:\Users\phamv\.gradle\caches\8.0.1\md-rule)" [_thread_blocked, id=21520, stack(0x0000006fc4f00000,0x0000006fc5000000)]
  0x0000021cee22a450 JavaThread "Cache worker for file content cache (C:\Users\phamv\.gradle\caches\8.0.1\fileContent)" [_thread_blocked, id=8440, stack(0x0000006fc5000000,0x0000006fc5100000)]
  0x0000021cee2285f0 JavaThread "Cache worker for file hash cache (D:\Gen-Chat\GenChatMobile2-main\android\.gradle\8.0.1\fileHashes)" [_thread_blocked, id=5736, stack(0x0000006fc5100000,0x0000006fc5200000)]
  0x0000021cee2276c0 JavaThread "Cache worker for cache directory md-supplier (C:\Users\phamv\.gradle\caches\8.0.1\md-supplier)" [_thread_blocked, id=21740, stack(0x0000006fc5300000,0x0000006fc5400000)]
  0x0000021cee22ccd0 JavaThread "Cache worker for execution history cache (C:\Users\phamv\.gradle\caches\8.0.1\executionHistory)" [_thread_blocked, id=22560, stack(0x0000006fc5400000,0x0000006fc5500000)]
  0x0000021cee226280 JavaThread "jar transforms" [_thread_blocked, id=23108, stack(0x0000006fc5500000,0x0000006fc5600000)]
  0x0000021cee22c7c0 JavaThread "jar transforms Thread 2" [_thread_blocked, id=23136, stack(0x0000006fc5600000,0x0000006fc5700000)]
  0x0000021cee22a960 JavaThread "jar transforms Thread 3" [_thread_blocked, id=23264, stack(0x0000006fc5700000,0x0000006fc5800000)]
  0x0000021cee227bd0 JavaThread "jar transforms Thread 4" [_thread_blocked, id=23284, stack(0x0000006fc5800000,0x0000006fc5900000)]
  0x0000021cee225d70 JavaThread "Cache worker for kotlin-dsl (C:\Users\phamv\.gradle\caches\8.0.1\kotlin-dsl)" [_thread_blocked, id=17600, stack(0x0000006fc2100000,0x0000006fc2200000)]
  0x0000021cee22d6f0 JavaThread "jar transforms Thread 5" [_thread_blocked, id=22956, stack(0x0000006fc2200000,0x0000006fc2300000)]
  0x0000021cee22b380 JavaThread "jar transforms Thread 6" [_thread_blocked, id=18372, stack(0x0000006fc2300000,0x0000006fc2400000)]
  0x0000021cee22b890 JavaThread "Cache worker for dependencies-accessors (D:\Gen-Chat\GenChatMobile2-main\android\.gradle\8.0.1\dependencies-accessors)" [_thread_blocked, id=19216, stack(0x0000006fc4300000,0x0000006fc4400000)]
  0x0000021cee229f40 JavaThread "Cache worker for Build Output Cleanup Cache (D:\Gen-Chat\GenChatMobile2-main\node_modules\@react-native\gradle-plugin\.gradle\buildOutputCleanup)" [_thread_blocked, id=22832, stack(0x0000006fc5b00000,0x0000006fc5c00000)]
  0x0000021cee229a30 JavaThread "jar transforms Thread 7" [_thread_blocked, id=22588, stack(0x0000006fc5c00000,0x0000006fc5d00000)]
  0x0000021cee229010 JavaThread "Unconstrained build operations" [_thread_blocked, id=4384, stack(0x0000006fc5d00000,0x0000006fc5e00000)]
  0x0000021cee226790 JavaThread "Unconstrained build operations Thread 2" [_thread_blocked, id=16064, stack(0x0000006fc5e00000,0x0000006fc5f00000)]
  0x0000021cee226ca0 JavaThread "Unconstrained build operations Thread 3" [_thread_blocked, id=11888, stack(0x0000006fc5f00000,0x0000006fc6000000)]
  0x0000021cee22bda0 JavaThread "Unconstrained build operations Thread 4" [_thread_blocked, id=17404, stack(0x0000006fc6000000,0x0000006fc6100000)]
  0x0000021cee2271b0 JavaThread "Unconstrained build operations Thread 5" [_thread_blocked, id=17792, stack(0x0000006fc6100000,0x0000006fc6200000)]
  0x0000021cee2280e0 JavaThread "Unconstrained build operations Thread 6" [_thread_blocked, id=17988, stack(0x0000006fc6200000,0x0000006fc6300000)]
  0x0000021cee229520 JavaThread "Unconstrained build operations Thread 7" [_thread_blocked, id=23128, stack(0x0000006fc6300000,0x0000006fc6400000)]
  0x0000021cee22ae70 JavaThread "Unconstrained build operations Thread 8" [_thread_blocked, id=22876, stack(0x0000006fc6400000,0x0000006fc6500000)]
  0x0000021ce7cfd460 JavaThread "Unconstrained build operations Thread 9" [_thread_blocked, id=20244, stack(0x0000006fc6500000,0x0000006fc6600000)]
  0x0000021cec0b57e0 JavaThread "Unconstrained build operations Thread 10" [_thread_blocked, id=23116, stack(0x0000006fc6600000,0x0000006fc6700000)]
  0x0000021cec0b6200 JavaThread "Unconstrained build operations Thread 11" [_thread_blocked, id=19864, stack(0x0000006fc6700000,0x0000006fc6800000)]
  0x0000021cec0b7b50 JavaThread "Unconstrained build operations Thread 12" [_thread_blocked, id=21348, stack(0x0000006fc6800000,0x0000006fc6900000)]
  0x0000021cec0b7130 JavaThread "Unconstrained build operations Thread 13" [_thread_blocked, id=20592, stack(0x0000006fc6900000,0x0000006fc6a00000)]
  0x0000021cec0b48b0 JavaThread "Unconstrained build operations Thread 14" [_thread_blocked, id=22988, stack(0x0000006fc6a00000,0x0000006fc6b00000)]
  0x0000021cec0b7640 JavaThread "Unconstrained build operations Thread 15" [_thread_blocked, id=23164, stack(0x0000006fc6b00000,0x0000006fc6c00000)]
  0x0000021cec0b4dc0 JavaThread "Unconstrained build operations Thread 16" [_thread_blocked, id=22836, stack(0x0000006fc6c00000,0x0000006fc6d00000)]
  0x0000021cec0b43a0 JavaThread "Unconstrained build operations Thread 17" [_thread_blocked, id=7672, stack(0x0000006fc6d00000,0x0000006fc6e00000)]
  0x0000021cec0b52d0 JavaThread "Unconstrained build operations Thread 18" [_thread_blocked, id=23436, stack(0x0000006fc6e00000,0x0000006fc6f00000)]
  0x0000021cec0b5cf0 JavaThread "Unconstrained build operations Thread 19" [_thread_blocked, id=22556, stack(0x0000006fc6f00000,0x0000006fc7000000)]
  0x0000021cec0b6710 JavaThread "Unconstrained build operations Thread 20" [_thread_blocked, id=5744, stack(0x0000006fc7000000,0x0000006fc7100000)]
  0x0000021cec0b6c20 JavaThread "Unconstrained build operations Thread 21" [_thread_blocked, id=20924, stack(0x0000006fc7100000,0x0000006fc7200000)]
  0x0000021ce7dc6cc0 JavaThread "Unconstrained build operations Thread 22" [_thread_blocked, id=23144, stack(0x0000006fc7200000,0x0000006fc7300000)]
  0x0000021ce7dc5880 JavaThread "Unconstrained build operations Thread 23" [_thread_blocked, id=23308, stack(0x0000006fc7300000,0x0000006fc7400000)]
  0x0000021ce7dc62a0 JavaThread "Unconstrained build operations Thread 24" [_thread_blocked, id=10340, stack(0x0000006fc7400000,0x0000006fc7500000)]
  0x0000021ce7dc71d0 JavaThread "Unconstrained build operations Thread 25" [_thread_blocked, id=21400, stack(0x0000006fc7500000,0x0000006fc7600000)]
  0x0000021ce7dc3f30 JavaThread "Unconstrained build operations Thread 26" [_thread_blocked, id=22640, stack(0x0000006fc7600000,0x0000006fc7700000)]
  0x0000021ce7dc2af0 JavaThread "jar transforms Thread 8" [_thread_blocked, id=21308, stack(0x0000006fc7700000,0x0000006fc7800000)]
  0x0000021ce7dc4440 JavaThread "Memory manager" [_thread_blocked, id=20652, stack(0x0000006fc7800000,0x0000006fc7900000)]
  0x0000021ce7dc67b0 JavaThread "Cache worker for Build Output Cleanup Cache (D:\Gen-Chat\GenChatMobile2-main\android\.gradle\buildOutputCleanup)" [_thread_blocked, id=24036, stack(0x0000006fc7900000,0x0000006fc7a00000)]
  0x0000021ce7dc3a20 JavaThread "included builds" [_thread_blocked, id=14808, stack(0x0000006fc7a00000,0x0000006fc7b00000)]
  0x0000021ce7dc11a0 JavaThread "Execution worker" [_thread_blocked, id=23064, stack(0x0000006fc7b00000,0x0000006fc7c00000)]
  0x0000021ce7dc5d90 JavaThread "Execution worker Thread 2" [_thread_blocked, id=21488, stack(0x0000006fc7c00000,0x0000006fc7d00000)]
  0x0000021ce7dc8100 JavaThread "Execution worker Thread 3" [_thread_blocked, id=23536, stack(0x0000006fc7d00000,0x0000006fc7e00000)]
  0x0000021ce7dc0c90 JavaThread "Execution worker Thread 4" [_thread_blocked, id=22884, stack(0x0000006fc7e00000,0x0000006fc7f00000)]
  0x0000021ce7dc4e60 JavaThread "Execution worker Thread 5" [_thread_blocked, id=7060, stack(0x0000006fc7f00000,0x0000006fc8000000)]
  0x0000021ce7dc1bc0 JavaThread "Execution worker Thread 6" [_thread_blocked, id=18440, stack(0x0000006fc8000000,0x0000006fc8100000)]
  0x0000021ce7dc8610 JavaThread "Execution worker Thread 7" [_thread_blocked, id=23172, stack(0x0000006fc8100000,0x0000006fc8200000)]
  0x0000021ce7dc3000 JavaThread "Cache worker for execution history cache (D:\Gen-Chat\GenChatMobile2-main\node_modules\@react-native\gradle-plugin\.gradle\8.0.1\executionHistory)" [_thread_blocked, id=21800, stack(0x0000006fc8200000,0x0000006fc8300000)]
  0x0000021ce7dc16b0 JavaThread "Unconstrained build operations Thread 27" [_thread_blocked, id=7380, stack(0x0000006fc5900000,0x0000006fc5a00000)]
  0x0000021ce7dc25e0 JavaThread "Unconstrained build operations Thread 28" [_thread_blocked, id=23608, stack(0x0000006fc8300000,0x0000006fc8400000)]
  0x0000021ce7dc5370 JavaThread "Unconstrained build operations Thread 29" [_thread_blocked, id=23604, stack(0x0000006fc8400000,0x0000006fc8500000)]
  0x0000021ce7dc3510 JavaThread "Unconstrained build operations Thread 30" [_thread_blocked, id=23600, stack(0x0000006fc8500000,0x0000006fc8600000)]
  0x0000021cedaec810 JavaThread "File lock release action executor Thread 2" [_thread_blocked, id=23640, stack(0x0000006fc8600000,0x0000006fc8700000)]
  0x0000021cedaea9b0 JavaThread "Unconstrained build operations Thread 31" [_thread_blocked, id=23680, stack(0x0000006fc8700000,0x0000006fc8800000)]
  0x0000021cedaec300 JavaThread "Unconstrained build operations Thread 32" [_thread_blocked, id=23688, stack(0x0000006fc8800000,0x0000006fc8900000)]
  0x0000021cedaee160 JavaThread "Unconstrained build operations Thread 33" [_thread_blocked, id=23692, stack(0x0000006fc8900000,0x0000006fc8a00000)]
  0x0000021cedaed230 JavaThread "Unconstrained build operations Thread 34" [_thread_blocked, id=23700, stack(0x0000006fc8a00000,0x0000006fc8b00000)]
  0x0000021cedaea4a0 JavaThread "Unconstrained build operations Thread 35" [_thread_blocked, id=23704, stack(0x0000006fc8b00000,0x0000006fc8c00000)]
  0x0000021cedaeb3d0 JavaThread "Unconstrained build operations Thread 36" [_thread_blocked, id=23652, stack(0x0000006fc8c00000,0x0000006fc8d00000)]
  0x0000021cedae9060 JavaThread "Unconstrained build operations Thread 37" [_thread_blocked, id=23696, stack(0x0000006fc8d00000,0x0000006fc8e00000)]
  0x0000021cedaeaec0 JavaThread "Unconstrained build operations Thread 38" [_thread_blocked, id=18796, stack(0x0000006fc8e00000,0x0000006fc8f00000)]
  0x0000021cedaeffc0 JavaThread "Unconstrained build operations Thread 39" [_thread_blocked, id=24104, stack(0x0000006fc8f00000,0x0000006fc9000000)]
  0x0000021cedae9a80 JavaThread "Unconstrained build operations Thread 40" [_thread_blocked, id=24096, stack(0x0000006fc9000000,0x0000006fc9100000)]
  0x0000021cedaeb8e0 JavaThread "Unconstrained build operations Thread 41" [_thread_blocked, id=24040, stack(0x0000006fc9100000,0x0000006fc9200000)]
  0x0000021cedaedc50 JavaThread "Unconstrained build operations Thread 42" [_thread_blocked, id=23892, stack(0x0000006fc9200000,0x0000006fc9300000)]
  0x0000021cedaed740 JavaThread "Unconstrained build operations Thread 43" [_thread_blocked, id=23888, stack(0x0000006fc9300000,0x0000006fc9400000)]
  0x0000021cedaecd20 JavaThread "Unconstrained build operations Thread 44" [_thread_blocked, id=23800, stack(0x0000006fc9400000,0x0000006fc9500000)]
  0x0000021cedaef5a0 JavaThread "Unconstrained build operations Thread 45" [_thread_blocked, id=23872, stack(0x0000006fc9500000,0x0000006fc9600000)]
  0x0000021cedaf09e0 JavaThread "Unconstrained build operations Thread 46" [_thread_blocked, id=23896, stack(0x0000006fc9600000,0x0000006fc9700000)]
  0x0000021cedaebdf0 JavaThread "Unconstrained build operations Thread 47" [_thread_blocked, id=22868, stack(0x0000006fc9700000,0x0000006fc9800000)]
  0x0000021cedae9570 JavaThread "Unconstrained build operations Thread 48" [_thread_blocked, id=23280, stack(0x0000006fc9800000,0x0000006fc9900000)]
  0x0000021cedaef090 JavaThread "Unconstrained build operations Thread 49" [_thread_blocked, id=18480, stack(0x0000006fc9900000,0x0000006fc9a00000)]
  0x0000021cedae9f90 JavaThread "Unconstrained build operations Thread 50" [_thread_blocked, id=22592, stack(0x0000006fc9a00000,0x0000006fc9b00000)]
  0x0000021cedaf04d0 JavaThread "Unconstrained build operations Thread 51" [_thread_blocked, id=23868, stack(0x0000006fc9b00000,0x0000006fc9c00000)]
  0x0000021cedaefab0 JavaThread "Unconstrained build operations Thread 52" [_thread_blocked, id=18744, stack(0x0000006fc9c00000,0x0000006fc9d00000)]
  0x0000021cf03a2170 JavaThread "Unconstrained build operations Thread 53" [_thread_blocked, id=4448, stack(0x0000006fc9d00000,0x0000006fc9e00000)]
  0x0000021cf03a35b0 JavaThread "Unconstrained build operations Thread 54" [_thread_blocked, id=3060, stack(0x0000006fc9e00000,0x0000006fc9f00000)]
  0x0000021cf039f3e0 JavaThread "Unconstrained build operations Thread 55" [_thread_blocked, id=17272, stack(0x0000006fc9f00000,0x0000006fca000000)]
  0x0000021cf039e9c0 JavaThread "Unconstrained build operations Thread 56" [_thread_blocked, id=20880, stack(0x0000006fca000000,0x0000006fca100000)]
  0x0000021cf03a2b90 JavaThread "Unconstrained build operations Thread 57" [_thread_blocked, id=20876, stack(0x0000006fca100000,0x0000006fca200000)]
  0x0000021cf03a3ac0 JavaThread "Unconstrained build operations Thread 58" [_thread_blocked, id=9980, stack(0x0000006fca200000,0x0000006fca300000)]
  0x0000021cf03a0d30 JavaThread "Unconstrained build operations Thread 59" [_thread_blocked, id=15820, stack(0x0000006fca300000,0x0000006fca400000)]
  0x0000021cf03a3fd0 JavaThread "Unconstrained build operations Thread 60" [_thread_blocked, id=20816, stack(0x0000006fca400000,0x0000006fca500000)]
  0x0000021cf03a44e0 JavaThread "Unconstrained build operations Thread 61" [_thread_blocked, id=1912, stack(0x0000006fca500000,0x0000006fca600000)]
  0x0000021cf03a1240 JavaThread "Unconstrained build operations Thread 62" [_thread_blocked, id=18484, stack(0x0000006fca600000,0x0000006fca700000)]
  0x0000021cf03a1750 JavaThread "Unconstrained build operations Thread 63" [_thread_blocked, id=18452, stack(0x0000006fca700000,0x0000006fca800000)]
  0x0000021cf03a0310 JavaThread "Unconstrained build operations Thread 64" [_thread_blocked, id=14244, stack(0x0000006fca800000,0x0000006fca900000)]
  0x0000021cf039f8f0 JavaThread "Unconstrained build operations Thread 65" [_thread_blocked, id=15732, stack(0x0000006fca900000,0x0000006fcaa00000)]
  0x0000021cf039d070 JavaThread "Unconstrained build operations Thread 66" [_thread_blocked, id=16840, stack(0x0000006fcaa00000,0x0000006fcab00000)]
  0x0000021cf03a30a0 JavaThread "Unconstrained build operations Thread 67" [_thread_blocked, id=5364, stack(0x0000006fcab00000,0x0000006fcac00000)]
  0x0000021cf039da90 JavaThread "Unconstrained build operations Thread 68" [_thread_blocked, id=13288, stack(0x0000006fcac00000,0x0000006fcad00000)]
  0x0000021cf03a49f0 JavaThread "Unconstrained build operations Thread 69" [_thread_blocked, id=17684, stack(0x0000006fcad00000,0x0000006fcae00000)]
  0x0000021cf03a1c60 JavaThread "Unconstrained build operations Thread 70" [_thread_blocked, id=20872, stack(0x0000006fcae00000,0x0000006fcaf00000)]
  0x0000021cf039d580 JavaThread "Unconstrained build operations Thread 71" [_thread_blocked, id=20960, stack(0x0000006fcaf00000,0x0000006fcb000000)]
  0x0000021cf039dfa0 JavaThread "Unconstrained build operations Thread 72" [_thread_blocked, id=6056, stack(0x0000006fcb000000,0x0000006fcb100000)]
  0x0000021cf039e4b0 JavaThread "Unconstrained build operations Thread 73" [_thread_blocked, id=15332, stack(0x0000006fcb100000,0x0000006fcb200000)]
  0x0000021cf039fe00 JavaThread "Unconstrained build operations Thread 74" [_thread_blocked, id=16136, stack(0x0000006fcb200000,0x0000006fcb300000)]
  0x0000021cf03a2680 JavaThread "Unconstrained build operations Thread 75" [_thread_blocked, id=14964, stack(0x0000006fcb300000,0x0000006fcb400000)]
  0x0000021cf039eed0 JavaThread "Unconstrained build operations Thread 76" [_thread_blocked, id=19236, stack(0x0000006fcb400000,0x0000006fcb500000)]
  0x0000021cf03a0820 JavaThread "Unconstrained build operations Thread 77" [_thread_blocked, id=16272, stack(0x0000006fcb500000,0x0000006fcb600000)]
  0x0000021ced96bb50 JavaThread "Unconstrained build operations Thread 78" [_thread_blocked, id=19128, stack(0x0000006fcb600000,0x0000006fcb700000)]
  0x0000021ced969cf0 JavaThread "Unconstrained build operations Thread 79" [_thread_blocked, id=7084, stack(0x0000006fcb700000,0x0000006fcb800000)]
  0x0000021ced96a710 JavaThread "Unconstrained build operations Thread 80" [_thread_blocked, id=20712, stack(0x0000006fcb800000,0x0000006fcb900000)]

Other Threads:
  0x0000021ce7877ea0 VMThread "VM Thread" [stack: 0x0000006fc2a00000,0x0000006fc2b00000] [id=21656]
  0x0000021ce7a70460 WatcherThread [stack: 0x0000006fc3600000,0x0000006fc3700000] [id=21712]
  0x0000021cc9703f00 GCTaskThread "GC Thread#0" [stack: 0x0000006fc2500000,0x0000006fc2600000] [id=21636]
  0x0000021cec7fe940 GCTaskThread "GC Thread#1" [stack: 0x0000006fc3700000,0x0000006fc3800000] [id=22164]
  0x0000021cec7fec00 GCTaskThread "GC Thread#2" [stack: 0x0000006fc3800000,0x0000006fc3900000] [id=22168]
  0x0000021cecb407a0 GCTaskThread "GC Thread#3" [stack: 0x0000006fc3900000,0x0000006fc3a00000] [id=22172]
  0x0000021cec04c3b0 GCTaskThread "GC Thread#4" [stack: 0x0000006fc3a00000,0x0000006fc3b00000] [id=11176]
  0x0000021ced17efe0 GCTaskThread "GC Thread#5" [stack: 0x0000006fc4800000,0x0000006fc4900000] [id=21724]
  0x0000021ced626350 GCTaskThread "GC Thread#6" [stack: 0x0000006fc4900000,0x0000006fc4a00000] [id=11704]
  0x0000021ced626610 GCTaskThread "GC Thread#7" [stack: 0x0000006fc4a00000,0x0000006fc4b00000] [id=8656]
  0x0000021cc9714e50 ConcurrentGCThread "G1 Main Marker" [stack: 0x0000006fc2600000,0x0000006fc2700000] [id=21640]
  0x0000021cc9715860 ConcurrentGCThread "G1 Conc#0" [stack: 0x0000006fc2700000,0x0000006fc2800000] [id=21644]
  0x0000021ceee1c9c0 ConcurrentGCThread "G1 Conc#1" [stack: 0x0000006fc5200000,0x0000006fc5300000] [id=15076]
  0x0000021ce77320c0 ConcurrentGCThread "G1 Refine#0" [stack: 0x0000006fc2800000,0x0000006fc2900000] [id=21648]
  0x0000021ce7732af0 ConcurrentGCThread "G1 Service" [stack: 0x0000006fc2900000,0x0000006fc2a00000] [id=21652]

Threads with active compile tasks:
C2 CompilerThread0   164531 9806   !   4       com.sun.beans.TypeResolver::resolve (261 bytes)

VM state: not at safepoint (normal execution)

VM Mutex/Monitor currently owned by a thread: None

Heap address: 0x0000000080000000, size: 2048 MB, Compressed Oops mode: 32-bit

CDS archive(s) mapped at: [0x0000021c80000000-0x0000021c80bd0000-0x0000021c80bd0000), size 12386304, SharedBaseAddress: 0x0000021c80000000, ArchiveRelocationMode: 1.
Compressed class space mapped at: 0x0000021c81000000-0x0000021c9b000000, reserved size: 436207616
Narrow klass base: 0x0000021c80000000, Narrow klass shift: 0, Narrow klass range: 0x100000000

GC Precious Log:
 CPUs: 8 total, 8 available
 Memory: 7973M
 Large Page Support: Disabled
 NUMA Support: Disabled
 Compressed Oops: Enabled (32-bit)
 Heap Region Size: 1M
 Heap Min Capacity: 8M
 Heap Initial Capacity: 126M
 Heap Max Capacity: 2G
 Pre-touch: Disabled
 Parallel Workers: 8
 Concurrent Workers: 2
 Concurrent Refinement Workers: 8
 Periodic GC: Disabled

Heap:
 garbage-first heap   total 145408K, used 106094K [0x0000000080000000, 0x0000000100000000)
  region size 1024K, 37 young (37888K), 3 survivors (3072K)
 Metaspace       used 73482K, committed 74176K, reserved 491520K
  class space    used 10010K, committed 10304K, reserved 425984K

Heap Regions: E=young(eden), S=young(survivor), O=old, HS=humongous(starts), HC=humongous(continues), CS=collection set, F=free, OA=open archive, CA=closed archive, TAMS=top-at-mark-start (previous, next)
|   0|0x0000000080000000, 0x0000000080100000, 0x0000000080100000|100%|HS|  |TAMS 0x0000000080100000, 0x0000000080000000| Complete 
|   1|0x0000000080100000, 0x0000000080200000, 0x0000000080200000|100%|HC|  |TAMS 0x0000000080200000, 0x0000000080100000| Complete 
|   2|0x0000000080200000, 0x0000000080300000, 0x0000000080300000|100%|HC|  |TAMS 0x0000000080300000, 0x0000000080200000| Complete 
|   3|0x0000000080300000, 0x0000000080400000, 0x0000000080400000|100%|HC|  |TAMS 0x0000000080400000, 0x0000000080300000| Complete 
|   4|0x0000000080400000, 0x0000000080500000, 0x0000000080500000|100%| O|  |TAMS 0x0000000080500000, 0x0000000080400000| Untracked 
|   5|0x0000000080500000, 0x0000000080600000, 0x0000000080600000|100%| O|  |TAMS 0x0000000080600000, 0x0000000080500000| Untracked 
|   6|0x0000000080600000, 0x0000000080700000, 0x0000000080700000|100%| O|  |TAMS 0x0000000080700000, 0x0000000080600000| Untracked 
|   7|0x0000000080700000, 0x0000000080800000, 0x0000000080800000|100%| O|  |TAMS 0x0000000080800000, 0x0000000080700000| Untracked 
|   8|0x0000000080800000, 0x0000000080900000, 0x0000000080900000|100%| O|  |TAMS 0x0000000080900000, 0x0000000080800000| Untracked 
|   9|0x0000000080900000, 0x0000000080a00000, 0x0000000080a00000|100%| O|  |TAMS 0x0000000080a00000, 0x0000000080900000| Untracked 
|  10|0x0000000080a00000, 0x0000000080b00000, 0x0000000080b00000|100%| O|  |TAMS 0x0000000080b00000, 0x0000000080a00000| Untracked 
|  11|0x0000000080b00000, 0x0000000080c00000, 0x0000000080c00000|100%| O|  |TAMS 0x0000000080c00000, 0x0000000080b00000| Untracked 
|  12|0x0000000080c00000, 0x0000000080d00000, 0x0000000080d00000|100%| O|  |TAMS 0x0000000080d00000, 0x0000000080c00000| Untracked 
|  13|0x0000000080d00000, 0x0000000080e00000, 0x0000000080e00000|100%| O|  |TAMS 0x0000000080e00000, 0x0000000080d00000| Untracked 
|  14|0x0000000080e00000, 0x0000000080f00000, 0x0000000080f00000|100%| O|  |TAMS 0x0000000080f00000, 0x0000000080e00000| Untracked 
|  15|0x0000000080f00000, 0x0000000081000000, 0x0000000081000000|100%| O|  |TAMS 0x0000000081000000, 0x0000000080f00000| Untracked 
|  16|0x0000000081000000, 0x0000000081100000, 0x0000000081100000|100%| O|  |TAMS 0x0000000081100000, 0x0000000081000000| Untracked 
|  17|0x0000000081100000, 0x0000000081200000, 0x0000000081200000|100%| O|  |TAMS 0x0000000081200000, 0x0000000081100000| Untracked 
|  18|0x0000000081200000, 0x0000000081300000, 0x0000000081300000|100%| O|  |TAMS 0x0000000081300000, 0x0000000081200000| Untracked 
|  19|0x0000000081300000, 0x0000000081400000, 0x0000000081400000|100%| O|  |TAMS 0x0000000081400000, 0x0000000081300000| Untracked 
|  20|0x0000000081400000, 0x0000000081500000, 0x0000000081500000|100%|HS|  |TAMS 0x0000000081500000, 0x0000000081400000| Complete 
|  21|0x0000000081500000, 0x0000000081600000, 0x0000000081600000|100%| O|  |TAMS 0x0000000081600000, 0x0000000081500000| Untracked 
|  22|0x0000000081600000, 0x0000000081700000, 0x0000000081700000|100%| O|  |TAMS 0x0000000081700000, 0x0000000081600000| Untracked 
|  23|0x0000000081700000, 0x0000000081800000, 0x0000000081800000|100%| O|  |TAMS 0x0000000081800000, 0x0000000081700000| Untracked 
|  24|0x0000000081800000, 0x0000000081900000, 0x0000000081900000|100%| O|  |TAMS 0x0000000081900000, 0x0000000081800000| Untracked 
|  25|0x0000000081900000, 0x0000000081a00000, 0x0000000081a00000|100%| O|  |TAMS 0x0000000081a00000, 0x0000000081900000| Untracked 
|  26|0x0000000081a00000, 0x0000000081b00000, 0x0000000081b00000|100%| O|  |TAMS 0x0000000081b00000, 0x0000000081a00000| Untracked 
|  27|0x0000000081b00000, 0x0000000081c00000, 0x0000000081c00000|100%| O|  |TAMS 0x0000000081c00000, 0x0000000081b00000| Untracked 
|  28|0x0000000081c00000, 0x0000000081d00000, 0x0000000081d00000|100%| O|  |TAMS 0x0000000081d00000, 0x0000000081c00000| Untracked 
|  29|0x0000000081d00000, 0x0000000081e00000, 0x0000000081e00000|100%|HS|  |TAMS 0x0000000081e00000, 0x0000000081d00000| Complete 
|  30|0x0000000081e00000, 0x0000000081f00000, 0x0000000081f00000|100%|HC|  |TAMS 0x0000000081f00000, 0x0000000081e00000| Complete 
|  31|0x0000000081f00000, 0x0000000082000000, 0x0000000082000000|100%|HS|  |TAMS 0x0000000082000000, 0x0000000081f00000| Complete 
|  32|0x0000000082000000, 0x0000000082100000, 0x0000000082100000|100%|HC|  |TAMS 0x0000000082100000, 0x0000000082000000| Complete 
|  33|0x0000000082100000, 0x0000000082200000, 0x0000000082200000|100%|HC|  |TAMS 0x0000000082200000, 0x0000000082100000| Complete 
|  34|0x0000000082200000, 0x0000000082300000, 0x0000000082300000|100%|HC|  |TAMS 0x0000000082300000, 0x0000000082200000| Complete 
|  35|0x0000000082300000, 0x0000000082400000, 0x0000000082400000|100%| O|  |TAMS 0x0000000082400000, 0x0000000082300000| Untracked 
|  36|0x0000000082400000, 0x0000000082500000, 0x0000000082500000|100%| O|  |TAMS 0x0000000082500000, 0x0000000082400000| Untracked 
|  37|0x0000000082500000, 0x0000000082600000, 0x0000000082600000|100%| O|  |TAMS 0x0000000082600000, 0x0000000082500000| Untracked 
|  38|0x0000000082600000, 0x0000000082700000, 0x0000000082700000|100%| O|  |TAMS 0x0000000082700000, 0x0000000082600000| Untracked 
|  39|0x0000000082700000, 0x0000000082800000, 0x0000000082800000|100%| O|  |TAMS 0x0000000082800000, 0x0000000082700000| Untracked 
|  40|0x0000000082800000, 0x0000000082900000, 0x0000000082900000|100%| O|  |TAMS 0x0000000082900000, 0x0000000082800000| Untracked 
|  41|0x0000000082900000, 0x0000000082a00000, 0x0000000082a00000|100%| O|  |TAMS 0x0000000082a00000, 0x0000000082900000| Untracked 
|  42|0x0000000082a00000, 0x0000000082b00000, 0x0000000082b00000|100%| O|  |TAMS 0x0000000082b00000, 0x0000000082a00000| Untracked 
|  43|0x0000000082b00000, 0x0000000082c00000, 0x0000000082c00000|100%| O|  |TAMS 0x0000000082c00000, 0x0000000082b00000| Untracked 
|  44|0x0000000082c00000, 0x0000000082d00000, 0x0000000082d00000|100%| O|  |TAMS 0x0000000082d00000, 0x0000000082c00000| Untracked 
|  45|0x0000000082d00000, 0x0000000082e00000, 0x0000000082e00000|100%| O|  |TAMS 0x0000000082e00000, 0x0000000082d00000| Untracked 
|  46|0x0000000082e00000, 0x0000000082f00000, 0x0000000082f00000|100%| O|  |TAMS 0x0000000082f00000, 0x0000000082e00000| Untracked 
|  47|0x0000000082f00000, 0x0000000083000000, 0x0000000083000000|100%| O|  |TAMS 0x0000000083000000, 0x0000000082f00000| Untracked 
|  48|0x0000000083000000, 0x0000000083100000, 0x0000000083100000|100%| O|  |TAMS 0x0000000083100000, 0x0000000083000000| Untracked 
|  49|0x0000000083100000, 0x0000000083200000, 0x0000000083200000|100%| O|  |TAMS 0x0000000083200000, 0x0000000083100000| Untracked 
|  50|0x0000000083200000, 0x0000000083300000, 0x0000000083300000|100%| O|  |TAMS 0x0000000083300000, 0x0000000083200000| Complete 
|  51|0x0000000083300000, 0x0000000083400000, 0x0000000083400000|100%| O|  |TAMS 0x0000000083400000, 0x0000000083300000| Untracked 
|  52|0x0000000083400000, 0x0000000083500000, 0x0000000083500000|100%| O|  |TAMS 0x0000000083500000, 0x0000000083400000| Untracked 
|  53|0x0000000083500000, 0x0000000083500000, 0x0000000083600000|  0%| F|  |TAMS 0x0000000083500000, 0x0000000083500000| Untracked 
|  54|0x0000000083600000, 0x0000000083700000, 0x0000000083700000|100%| O|  |TAMS 0x0000000083700000, 0x0000000083600000| Untracked 
|  55|0x0000000083700000, 0x0000000083800000, 0x0000000083800000|100%| O|  |TAMS 0x0000000083800000, 0x0000000083700000| Untracked 
|  56|0x0000000083800000, 0x0000000083900000, 0x0000000083900000|100%| O|  |TAMS 0x0000000083900000, 0x0000000083800000| Untracked 
|  57|0x0000000083900000, 0x0000000083a00000, 0x0000000083a00000|100%| O|  |TAMS 0x0000000083a00000, 0x0000000083900000| Untracked 
|  58|0x0000000083a00000, 0x0000000083b00000, 0x0000000083b00000|100%| O|  |TAMS 0x0000000083b00000, 0x0000000083a00000| Untracked 
|  59|0x0000000083b00000, 0x0000000083c00000, 0x0000000083c00000|100%|HS|  |TAMS 0x0000000083c00000, 0x0000000083b00000| Complete 
|  60|0x0000000083c00000, 0x0000000083d00000, 0x0000000083d00000|100%| O|  |TAMS 0x0000000083d00000, 0x0000000083c00000| Untracked 
|  61|0x0000000083d00000, 0x0000000083e00000, 0x0000000083e00000|100%| O|  |TAMS 0x0000000083e00000, 0x0000000083d00000| Untracked 
|  62|0x0000000083e00000, 0x0000000083f00000, 0x0000000083f00000|100%| O|  |TAMS 0x0000000083f00000, 0x0000000083e00000| Untracked 
|  63|0x0000000083f00000, 0x0000000084000000, 0x0000000084000000|100%| O|  |TAMS 0x0000000084000000, 0x0000000083f00000| Untracked 
|  64|0x0000000084000000, 0x0000000084100000, 0x0000000084100000|100%| O|  |TAMS 0x0000000084100000, 0x0000000084000000| Untracked 
|  65|0x0000000084100000, 0x00000000841e0400, 0x0000000084200000| 87%| O|  |TAMS 0x00000000841e0400, 0x0000000084100000| Untracked 
|  66|0x0000000084200000, 0x0000000084200000, 0x0000000084300000|  0%| F|  |TAMS 0x0000000084200000, 0x0000000084200000| Untracked 
|  67|0x0000000084300000, 0x0000000084300000, 0x0000000084400000|  0%| F|  |TAMS 0x0000000084300000, 0x0000000084300000| Untracked 
|  68|0x0000000084400000, 0x0000000084400000, 0x0000000084500000|  0%| F|  |TAMS 0x0000000084400000, 0x0000000084400000| Untracked 
|  69|0x0000000084500000, 0x0000000084500000, 0x0000000084600000|  0%| F|  |TAMS 0x0000000084500000, 0x0000000084500000| Untracked 
|  70|0x0000000084600000, 0x0000000084700000, 0x0000000084700000|100%| O|  |TAMS 0x0000000084700000, 0x0000000084600000| Untracked 
|  71|0x0000000084700000, 0x0000000084800000, 0x0000000084800000|100%| O|  |TAMS 0x0000000084800000, 0x0000000084700000| Untracked 
|  72|0x0000000084800000, 0x0000000084900000, 0x0000000084900000|100%| O|  |TAMS 0x0000000084900000, 0x0000000084800000| Untracked 
|  73|0x0000000084900000, 0x0000000084900000, 0x0000000084a00000|  0%| F|  |TAMS 0x0000000084900000, 0x0000000084900000| Untracked 
|  74|0x0000000084a00000, 0x0000000084a00000, 0x0000000084b00000|  0%| F|  |TAMS 0x0000000084a00000, 0x0000000084a00000| Untracked 
|  75|0x0000000084b00000, 0x0000000084b00000, 0x0000000084c00000|  0%| F|  |TAMS 0x0000000084b00000, 0x0000000084b00000| Untracked 
|  76|0x0000000084c00000, 0x0000000084c00000, 0x0000000084d00000|  0%| F|  |TAMS 0x0000000084c00000, 0x0000000084c00000| Untracked 
|  77|0x0000000084d00000, 0x0000000084d00000, 0x0000000084e00000|  0%| F|  |TAMS 0x0000000084d00000, 0x0000000084d00000| Untracked 
|  78|0x0000000084e00000, 0x0000000084e00000, 0x0000000084f00000|  0%| F|  |TAMS 0x0000000084e00000, 0x0000000084e00000| Untracked 
|  79|0x0000000084f00000, 0x0000000084f00000, 0x0000000085000000|  0%| F|  |TAMS 0x0000000084f00000, 0x0000000084f00000| Untracked 
|  80|0x0000000085000000, 0x0000000085000000, 0x0000000085100000|  0%| F|  |TAMS 0x0000000085000000, 0x0000000085000000| Untracked 
|  81|0x0000000085100000, 0x0000000085100000, 0x0000000085200000|  0%| F|  |TAMS 0x0000000085100000, 0x0000000085100000| Untracked 
|  82|0x0000000085200000, 0x0000000085200000, 0x0000000085300000|  0%| F|  |TAMS 0x0000000085200000, 0x0000000085200000| Untracked 
|  83|0x0000000085300000, 0x0000000085300000, 0x0000000085400000|  0%| F|  |TAMS 0x0000000085300000, 0x0000000085300000| Untracked 
|  84|0x0000000085400000, 0x0000000085400000, 0x0000000085500000|  0%| F|  |TAMS 0x0000000085400000, 0x0000000085400000| Untracked 
|  85|0x0000000085500000, 0x0000000085500000, 0x0000000085600000|  0%| F|  |TAMS 0x0000000085500000, 0x0000000085500000| Untracked 
|  86|0x0000000085600000, 0x0000000085600000, 0x0000000085700000|  0%| F|  |TAMS 0x0000000085600000, 0x0000000085600000| Untracked 
|  87|0x0000000085700000, 0x0000000085700000, 0x0000000085800000|  0%| F|  |TAMS 0x0000000085700000, 0x0000000085700000| Untracked 
|  88|0x0000000085800000, 0x0000000085800000, 0x0000000085900000|  0%| F|  |TAMS 0x0000000085800000, 0x0000000085800000| Untracked 
|  89|0x0000000085900000, 0x0000000085900000, 0x0000000085a00000|  0%| F|  |TAMS 0x0000000085900000, 0x0000000085900000| Untracked 
|  90|0x0000000085a00000, 0x0000000085a00000, 0x0000000085b00000|  0%| F|  |TAMS 0x0000000085a00000, 0x0000000085a00000| Untracked 
|  91|0x0000000085b00000, 0x0000000085b00000, 0x0000000085c00000|  0%| F|  |TAMS 0x0000000085b00000, 0x0000000085b00000| Untracked 
|  92|0x0000000085c00000, 0x0000000085c00000, 0x0000000085d00000|  0%| F|  |TAMS 0x0000000085c00000, 0x0000000085c00000| Untracked 
|  93|0x0000000085d00000, 0x0000000085d00000, 0x0000000085e00000|  0%| F|  |TAMS 0x0000000085d00000, 0x0000000085d00000| Untracked 
|  94|0x0000000085e00000, 0x0000000085e00000, 0x0000000085f00000|  0%| F|  |TAMS 0x0000000085e00000, 0x0000000085e00000| Untracked 
|  95|0x0000000085f00000, 0x0000000085f00000, 0x0000000086000000|  0%| F|  |TAMS 0x0000000085f00000, 0x0000000085f00000| Untracked 
|  96|0x0000000086000000, 0x0000000086000000, 0x0000000086100000|  0%| F|  |TAMS 0x0000000086000000, 0x0000000086000000| Untracked 
|  97|0x0000000086100000, 0x0000000086100000, 0x0000000086200000|  0%| F|  |TAMS 0x0000000086100000, 0x0000000086100000| Untracked 
|  98|0x0000000086200000, 0x00000000862bb470, 0x0000000086300000| 73%| S|CS|TAMS 0x0000000086200000, 0x0000000086200000| Complete 
|  99|0x0000000086300000, 0x0000000086400000, 0x0000000086400000|100%| S|CS|TAMS 0x0000000086300000, 0x0000000086300000| Complete 
| 100|0x0000000086400000, 0x0000000086500000, 0x0000000086500000|100%| S|CS|TAMS 0x0000000086400000, 0x0000000086400000| Complete 
| 101|0x0000000086500000, 0x0000000086500000, 0x0000000086600000|  0%| F|  |TAMS 0x0000000086500000, 0x0000000086500000| Untracked 
| 102|0x0000000086600000, 0x0000000086600000, 0x0000000086700000|  0%| F|  |TAMS 0x0000000086600000, 0x0000000086600000| Untracked 
| 103|0x0000000086700000, 0x0000000086700000, 0x0000000086800000|  0%| F|  |TAMS 0x0000000086700000, 0x0000000086700000| Untracked 
| 104|0x0000000086800000, 0x0000000086800000, 0x0000000086900000|  0%| F|  |TAMS 0x0000000086800000, 0x0000000086800000| Untracked 
| 105|0x0000000086900000, 0x0000000086900000, 0x0000000086a00000|  0%| F|  |TAMS 0x0000000086900000, 0x0000000086900000| Untracked 
| 106|0x0000000086a00000, 0x0000000086a00000, 0x0000000086b00000|  0%| F|  |TAMS 0x0000000086a00000, 0x0000000086a00000| Untracked 
| 107|0x0000000086b00000, 0x0000000086b00000, 0x0000000086c00000|  0%| F|  |TAMS 0x0000000086b00000, 0x0000000086b00000| Untracked 
| 108|0x0000000086c00000, 0x0000000086c032f8, 0x0000000086d00000|  1%| E|  |TAMS 0x0000000086c00000, 0x0000000086c00000| Complete 
| 109|0x0000000086d00000, 0x0000000086e00000, 0x0000000086e00000|100%| E|CS|TAMS 0x0000000086d00000, 0x0000000086d00000| Complete 
| 110|0x0000000086e00000, 0x0000000086f00000, 0x0000000086f00000|100%| E|CS|TAMS 0x0000000086e00000, 0x0000000086e00000| Complete 
| 111|0x0000000086f00000, 0x0000000087000000, 0x0000000087000000|100%| E|CS|TAMS 0x0000000086f00000, 0x0000000086f00000| Complete 
| 112|0x0000000087000000, 0x0000000087100000, 0x0000000087100000|100%| E|CS|TAMS 0x0000000087000000, 0x0000000087000000| Complete 
| 113|0x0000000087100000, 0x0000000087200000, 0x0000000087200000|100%| E|CS|TAMS 0x0000000087100000, 0x0000000087100000| Complete 
| 114|0x0000000087200000, 0x0000000087300000, 0x0000000087300000|100%| E|CS|TAMS 0x0000000087200000, 0x0000000087200000| Complete 
| 115|0x0000000087300000, 0x0000000087400000, 0x0000000087400000|100%| E|CS|TAMS 0x0000000087300000, 0x0000000087300000| Complete 
| 116|0x0000000087400000, 0x0000000087500000, 0x0000000087500000|100%| E|CS|TAMS 0x0000000087400000, 0x0000000087400000| Complete 
| 117|0x0000000087500000, 0x0000000087600000, 0x0000000087600000|100%| E|CS|TAMS 0x0000000087500000, 0x0000000087500000| Complete 
| 118|0x0000000087600000, 0x0000000087700000, 0x0000000087700000|100%| E|CS|TAMS 0x0000000087600000, 0x0000000087600000| Complete 
| 119|0x0000000087700000, 0x0000000087800000, 0x0000000087800000|100%| E|CS|TAMS 0x0000000087700000, 0x0000000087700000| Complete 
| 120|0x0000000087800000, 0x0000000087900000, 0x0000000087900000|100%| E|CS|TAMS 0x0000000087800000, 0x0000000087800000| Complete 
| 121|0x0000000087900000, 0x0000000087a00000, 0x0000000087a00000|100%| E|CS|TAMS 0x0000000087900000, 0x0000000087900000| Complete 
| 122|0x0000000087a00000, 0x0000000087b00000, 0x0000000087b00000|100%| E|CS|TAMS 0x0000000087a00000, 0x0000000087a00000| Complete 
| 123|0x0000000087b00000, 0x0000000087c00000, 0x0000000087c00000|100%| E|CS|TAMS 0x0000000087b00000, 0x0000000087b00000| Complete 
| 124|0x0000000087c00000, 0x0000000087d00000, 0x0000000087d00000|100%| E|CS|TAMS 0x0000000087c00000, 0x0000000087c00000| Complete 
| 125|0x0000000087d00000, 0x0000000087e00000, 0x0000000087e00000|100%| E|CS|TAMS 0x0000000087d00000, 0x0000000087d00000| Complete 
| 126|0x0000000087e00000, 0x0000000087f00000, 0x0000000087f00000|100%| E|CS|TAMS 0x0000000087e00000, 0x0000000087e00000| Complete 
| 127|0x0000000087f00000, 0x0000000088000000, 0x0000000088000000|100%| E|CS|TAMS 0x0000000087f00000, 0x0000000087f00000| Complete 
| 128|0x0000000088000000, 0x0000000088100000, 0x0000000088100000|100%| E|CS|TAMS 0x0000000088000000, 0x0000000088000000| Complete 
| 129|0x0000000088100000, 0x0000000088200000, 0x0000000088200000|100%| E|CS|TAMS 0x0000000088100000, 0x0000000088100000| Complete 
| 130|0x0000000088200000, 0x0000000088300000, 0x0000000088300000|100%| E|CS|TAMS 0x0000000088200000, 0x0000000088200000| Complete 
| 131|0x0000000088300000, 0x0000000088400000, 0x0000000088400000|100%| E|CS|TAMS 0x0000000088300000, 0x0000000088300000| Complete 
| 132|0x0000000088400000, 0x0000000088500000, 0x0000000088500000|100%| E|CS|TAMS 0x0000000088400000, 0x0000000088400000| Complete 
| 133|0x0000000088500000, 0x0000000088600000, 0x0000000088600000|100%| E|CS|TAMS 0x0000000088500000, 0x0000000088500000| Complete 
| 134|0x0000000088600000, 0x0000000088700000, 0x0000000088700000|100%| E|CS|TAMS 0x0000000088600000, 0x0000000088600000| Complete 
| 135|0x0000000088700000, 0x0000000088800000, 0x0000000088800000|100%| E|CS|TAMS 0x0000000088700000, 0x0000000088700000| Complete 
| 136|0x0000000088800000, 0x0000000088900000, 0x0000000088900000|100%| E|CS|TAMS 0x0000000088800000, 0x0000000088800000| Complete 
| 137|0x0000000088900000, 0x0000000088a00000, 0x0000000088a00000|100%| E|CS|TAMS 0x0000000088900000, 0x0000000088900000| Complete 
| 138|0x0000000088a00000, 0x0000000088b00000, 0x0000000088b00000|100%| E|CS|TAMS 0x0000000088a00000, 0x0000000088a00000| Complete 
| 139|0x0000000088b00000, 0x0000000088c00000, 0x0000000088c00000|100%| E|CS|TAMS 0x0000000088b00000, 0x0000000088b00000| Complete 
| 140|0x0000000088c00000, 0x0000000088d00000, 0x0000000088d00000|100%| E|CS|TAMS 0x0000000088c00000, 0x0000000088c00000| Complete 
| 141|0x0000000088d00000, 0x0000000088e00000, 0x0000000088e00000|100%| E|CS|TAMS 0x0000000088d00000, 0x0000000088d00000| Complete 

Card table byte_map: [0x0000021ce0680000,0x0000021ce0a80000] _byte_map_base: 0x0000021ce0280000

Marking Bits (Prev, Next): (CMBitMap*) 0x0000021cc9704560, (CMBitMap*) 0x0000021cc9704520
 Prev Bits: [0x0000021ce2e80000, 0x0000021ce4e80000)
 Next Bits: [0x0000021ce0e80000, 0x0000021ce2e80000)

Polling page: 0x0000021cc7690000

Metaspace:

Usage:
  Non-class:     61.98 MB used.
      Class:      9.78 MB used.
       Both:     71.76 MB used.

Virtual space:
  Non-class space:       64.00 MB reserved,      62.38 MB ( 97%) committed,  1 nodes.
      Class space:      416.00 MB reserved,      10.06 MB (  2%) committed,  1 nodes.
             Both:      480.00 MB reserved,      72.44 MB ( 15%) committed. 

Chunk freelists:
   Non-Class:  877.00 KB
       Class:  5.91 MB
        Both:  6.76 MB

MaxMetaspaceSize: 512.00 MB
CompressedClassSpaceSize: 416.00 MB
Initial GC threshold: 21.00 MB
Current GC threshold: 120.62 MB
CDS: on
MetaspaceReclaimPolicy: balanced
 - commit_granule_bytes: 65536.
 - commit_granule_words: 8192.
 - virtual_space_node_default_size: 8388608.
 - enlarge_chunks_in_place: 1.
 - new_chunks_are_fully_committed: 0.
 - uncommit_free_chunks: 1.
 - use_allocation_guard: 0.
 - handle_deallocations: 1.


Internal statistics:

num_allocs_failed_limit: 6.
num_arena_births: 822.
num_arena_deaths: 0.
num_vsnodes_births: 2.
num_vsnodes_deaths: 0.
num_space_committed: 1159.
num_space_uncommitted: 0.
num_chunks_returned_to_freelist: 6.
num_chunks_taken_from_freelist: 3745.
num_chunk_merges: 6.
num_chunk_splits: 2526.
num_chunks_enlarged: 1736.
num_inconsistent_stats: 0.

CodeHeap 'non-profiled nmethods': size=120000Kb used=4710Kb max_used=5128Kb free=115289Kb
 bounds [0x0000021cd8a10000, 0x0000021cd8f30000, 0x0000021cdff40000]
CodeHeap 'profiled nmethods': size=120000Kb used=16753Kb max_used=17789Kb free=103246Kb
 bounds [0x0000021cd0f40000, 0x0000021cd20c0000, 0x0000021cd8470000]
CodeHeap 'non-nmethods': size=5760Kb used=2397Kb max_used=2448Kb free=3362Kb
 bounds [0x0000021cd8470000, 0x0000021cd86e0000, 0x0000021cd8a10000]
 total_blobs=9379 nmethods=8460 adapters=831
 compilation: enabled
              stopped_count=0, restarted_count=0
 full_count=0

Compilation events (20 events):
Event: 163.337 Thread 0x0000021ce7899170 9855       3       java.beans.Introspector::processPropertyDescriptors (964 bytes)
Event: 163.349 Thread 0x0000021ce7899170 nmethod 9855 0x0000021cd1e1d610 code [0x0000021cd1e1dfc0, 0x0000021cd1e25698]
Event: 163.354 Thread 0x0000021ce7899170 9856   !   3       org.gradle.internal.event.AbstractBroadcastDispatch::dispatch (191 bytes)
Event: 163.357 Thread 0x0000021ce7899170 nmethod 9856 0x0000021cd140c290 code [0x0000021cd140c600, 0x0000021cd140e218]
Event: 163.358 Thread 0x0000021ce7899170 9857   !   3       org.codehaus.groovy.reflection.CachedMethod::invoke (84 bytes)
Event: 163.362 Thread 0x0000021ce7899170 nmethod 9857 0x0000021cd18a1190 code [0x0000021cd18a1500, 0x0000021cd18a2cc8]
Event: 163.362 Thread 0x0000021ce7899170 9858   !   3       org.gradle.internal.metaobject.BeanDynamicObject$MetaClassAdapter::lookupProperty (47 bytes)
Event: 163.364 Thread 0x0000021ce7899170 nmethod 9858 0x0000021cd1540d90 code [0x0000021cd1541000, 0x0000021cd1541cb8]
Event: 163.364 Thread 0x0000021ce7899170 9859       3       org.gradle.internal.metaobject.BeanDynamicObject::access$1000 (4 bytes)
Event: 163.365 Thread 0x0000021ce7899170 nmethod 9859 0x0000021cd1071e10 code [0x0000021cd1071fa0, 0x0000021cd1072098]
Event: 163.703 Thread 0x0000021ce78966b0 nmethod 9807 0x0000021cd8c9fd10 code [0x0000021cd8ca0300, 0x0000021cd8ca8710]
Event: 163.704 Thread 0x0000021ce78966b0 9830       4       java.lang.Class::getMethod (59 bytes)
Event: 163.934 Thread 0x0000021ce78966b0 nmethod 9830 0x0000021cd8e32310 code [0x0000021cd8e32680, 0x0000021cd8e36200]
Event: 163.935 Thread 0x0000021ce78966b0 9832       4       jdk.internal.reflect.ReflectionFactory::copyMethod (11 bytes)
Event: 163.942 Thread 0x0000021ce78966b0 nmethod 9832 0x0000021cd8acb610 code [0x0000021cd8acb7a0, 0x0000021cd8acbaf8]
Event: 163.942 Thread 0x0000021ce78966b0 9831       4       java.lang.Class::getReflectionFactory (26 bytes)
Event: 163.943 Thread 0x0000021ce78966b0 nmethod 9831 0x0000021cd8c9fa10 code [0x0000021cd8c9fb80, 0x0000021cd8c9fbf8]
Event: 163.943 Thread 0x0000021ce78966b0 9819       4       java.util.Hashtable$Enumerator::hasNext (5 bytes)
Event: 163.953 Thread 0x0000021ce78966b0 nmethod 9819 0x0000021cd8bac090 code [0x0000021cd8bac200, 0x0000021cd8bac498]
Event: 163.953 Thread 0x0000021ce78966b0 9806   !   4       com.sun.beans.TypeResolver::resolve (261 bytes)

GC Heap History (20 events):
Event: 136.655 GC heap before
{Heap before GC invocations=22 (full 0):
 garbage-first heap   total 92160K, used 74930K [0x0000000080000000, 0x0000000100000000)
  region size 1024K, 24 young (24576K), 3 survivors (3072K)
 Metaspace       used 60657K, committed 61312K, reserved 491520K
  class space    used 8456K, committed 8768K, reserved 425984K
}
Event: 136.674 GC heap after
{Heap after GC invocations=23 (full 0):
 garbage-first heap   total 92160K, used 56831K [0x0000000080000000, 0x0000000100000000)
  region size 1024K, 3 young (3072K), 3 survivors (3072K)
 Metaspace       used 60657K, committed 61312K, reserved 491520K
  class space    used 8456K, committed 8768K, reserved 425984K
}
Event: 141.809 GC heap before
{Heap before GC invocations=24 (full 0):
 garbage-first heap   total 102400K, used 74239K [0x0000000080000000, 0x0000000100000000)
  region size 1024K, 20 young (20480K), 3 survivors (3072K)
 Metaspace       used 62411K, committed 63040K, reserved 491520K
  class space    used 8663K, committed 8960K, reserved 425984K
}
Event: 141.817 GC heap after
{Heap after GC invocations=25 (full 0):
 garbage-first heap   total 102400K, used 58546K [0x0000000080000000, 0x0000000100000000)
  region size 1024K, 2 young (2048K), 2 survivors (2048K)
 Metaspace       used 62411K, committed 63040K, reserved 491520K
  class space    used 8663K, committed 8960K, reserved 425984K
}
Event: 143.238 GC heap before
{Heap before GC invocations=25 (full 0):
 garbage-first heap   total 102400K, used 61618K [0x0000000080000000, 0x0000000100000000)
  region size 1024K, 5 young (5120K), 2 survivors (2048K)
 Metaspace       used 62544K, committed 63168K, reserved 491520K
  class space    used 8678K, committed 8960K, reserved 425984K
}
Event: 143.245 GC heap after
{Heap after GC invocations=26 (full 0):
 garbage-first heap   total 102400K, used 59237K [0x0000000080000000, 0x0000000100000000)
  region size 1024K, 1 young (1024K), 1 survivors (1024K)
 Metaspace       used 62544K, committed 63168K, reserved 491520K
  class space    used 8678K, committed 8960K, reserved 425984K
}
Event: 150.371 GC heap before
{Heap before GC invocations=26 (full 0):
 garbage-first heap   total 102400K, used 73573K [0x0000000080000000, 0x0000000100000000)
  region size 1024K, 17 young (17408K), 1 survivors (1024K)
 Metaspace       used 62645K, committed 63360K, reserved 491520K
  class space    used 8680K, committed 9024K, reserved 425984K
}
Event: 150.375 GC heap after
{Heap after GC invocations=27 (full 0):
 garbage-first heap   total 102400K, used 59434K [0x0000000080000000, 0x0000000100000000)
  region size 1024K, 1 young (1024K), 1 survivors (1024K)
 Metaspace       used 62645K, committed 63360K, reserved 491520K
  class space    used 8680K, committed 9024K, reserved 425984K
}
Event: 153.599 GC heap before
{Heap before GC invocations=28 (full 0):
 garbage-first heap   total 106496K, used 85034K [0x0000000080000000, 0x0000000100000000)
  region size 1024K, 25 young (25600K), 1 survivors (1024K)
 Metaspace       used 65784K, committed 66432K, reserved 491520K
  class space    used 9027K, committed 9344K, reserved 425984K
}
Event: 153.609 GC heap after
{Heap after GC invocations=29 (full 0):
 garbage-first heap   total 106496K, used 64881K [0x0000000080000000, 0x0000000100000000)
  region size 1024K, 4 young (4096K), 4 survivors (4096K)
 Metaspace       used 65784K, committed 66432K, reserved 491520K
  class space    used 9027K, committed 9344K, reserved 425984K
}
Event: 153.661 GC heap before
{Heap before GC invocations=29 (full 0):
 garbage-first heap   total 106496K, used 65905K [0x0000000080000000, 0x0000000100000000)
  region size 1024K, 5 young (5120K), 4 survivors (4096K)
 Metaspace       used 65919K, committed 66560K, reserved 491520K
  class space    used 9046K, committed 9344K, reserved 425984K
}
Event: 153.672 GC heap after
{Heap after GC invocations=30 (full 0):
 garbage-first heap   total 106496K, used 64304K [0x0000000080000000, 0x0000000100000000)
  region size 1024K, 1 young (1024K), 1 survivors (1024K)
 Metaspace       used 65919K, committed 66560K, reserved 491520K
  class space    used 9046K, committed 9344K, reserved 425984K
}
Event: 155.478 GC heap before
{Heap before GC invocations=30 (full 0):
 garbage-first heap   total 106496K, used 78640K [0x0000000080000000, 0x0000000100000000)
  region size 1024K, 17 young (17408K), 1 survivors (1024K)
 Metaspace       used 68420K, committed 69184K, reserved 491520K
  class space    used 9337K, committed 9664K, reserved 425984K
}
Event: 155.483 GC heap after
{Heap after GC invocations=31 (full 0):
 garbage-first heap   total 106496K, used 67002K [0x0000000080000000, 0x0000000100000000)
  region size 1024K, 3 young (3072K), 3 survivors (3072K)
 Metaspace       used 68420K, committed 69184K, reserved 491520K
  class space    used 9337K, committed 9664K, reserved 425984K
}
Event: 156.801 GC heap before
{Heap before GC invocations=32 (full 0):
 garbage-first heap   total 145408K, used 94650K [0x0000000080000000, 0x0000000100000000)
  region size 1024K, 23 young (23552K), 3 survivors (3072K)
 Metaspace       used 69169K, committed 69824K, reserved 491520K
  class space    used 9456K, committed 9728K, reserved 425984K
}
Event: 156.811 GC heap after
{Heap after GC invocations=33 (full 0):
 garbage-first heap   total 145408K, used 70197K [0x0000000080000000, 0x0000000100000000)
  region size 1024K, 3 young (3072K), 3 survivors (3072K)
 Metaspace       used 69169K, committed 69824K, reserved 491520K
  class space    used 9456K, committed 9728K, reserved 425984K
}
Event: 157.010 GC heap before
{Heap before GC invocations=33 (full 0):
 garbage-first heap   total 145408K, used 73269K [0x0000000080000000, 0x0000000100000000)
  region size 1024K, 7 young (7168K), 3 survivors (3072K)
 Metaspace       used 69618K, committed 70272K, reserved 491520K
  class space    used 9506K, committed 9792K, reserved 425984K
}
Event: 157.014 GC heap after
{Heap after GC invocations=34 (full 0):
 garbage-first heap   total 145408K, used 70014K [0x0000000080000000, 0x0000000100000000)
  region size 1024K, 1 young (1024K), 1 survivors (1024K)
 Metaspace       used 69618K, committed 70272K, reserved 491520K
  class space    used 9506K, committed 9792K, reserved 425984K
}
Event: 161.947 GC heap before
{Heap before GC invocations=34 (full 0):
 garbage-first heap   total 145408K, used 111998K [0x0000000080000000, 0x0000000100000000)
  region size 1024K, 41 young (41984K), 1 survivors (1024K)
 Metaspace       used 73351K, committed 73984K, reserved 491520K
  class space    used 9998K, committed 10304K, reserved 425984K
}
Event: 161.953 GC heap after
{Heap after GC invocations=35 (full 0):
 garbage-first heap   total 145408K, used 72302K [0x0000000080000000, 0x0000000100000000)
  region size 1024K, 3 young (3072K), 3 survivors (3072K)
 Metaspace       used 73351K, committed 73984K, reserved 491520K
  class space    used 9998K, committed 10304K, reserved 425984K
}

Deoptimization events (20 events):
Event: 161.623 Thread 0x0000021ce7cfd970 Uncommon trap: trap_request=0xffffffde fr.pc=0x0000021cd8c3f678 relative=0x0000000000000258
Event: 161.623 Thread 0x0000021ce7cfd970 Uncommon trap: reason=class_check action=maybe_recompile pc=0x0000021cd8c3f678 method=java.util.stream.StreamOpFlag.fromCharacteristics(Ljava/util/Spliterator;)I @ 14 c2
Event: 161.623 Thread 0x0000021ce7cfd970 DEOPT PACKING pc=0x0000021cd8c3f678 sp=0x0000006fc41f7b00
Event: 161.623 Thread 0x0000021ce7cfd970 DEOPT UNPACKING pc=0x0000021cd84c5ba3 sp=0x0000006fc41f79e8 mode 2
Event: 161.968 Thread 0x0000021ce7cfd970 Uncommon trap: trap_request=0xffffff45 fr.pc=0x0000021cd8a57d78 relative=0x0000000000000438
Event: 161.968 Thread 0x0000021ce7cfd970 Uncommon trap: reason=unstable_if action=reinterpret pc=0x0000021cd8a57d78 method=java.util.StringJoiner.add(Ljava/lang/CharSequence;)Ljava/util/StringJoiner; @ 33 c2
Event: 161.968 Thread 0x0000021ce7cfd970 DEOPT PACKING pc=0x0000021cd8a57d78 sp=0x0000006fc41f73c0
Event: 161.968 Thread 0x0000021ce7cfd970 DEOPT UNPACKING pc=0x0000021cd84c5ba3 sp=0x0000006fc41f7370 mode 2
Event: 161.978 Thread 0x0000021ce7cfd970 Uncommon trap: trap_request=0xffffff45 fr.pc=0x0000021cd8a98b50 relative=0x00000000000006f0
Event: 161.978 Thread 0x0000021ce7cfd970 Uncommon trap: reason=unstable_if action=reinterpret pc=0x0000021cd8a98b50 method=com.sun.beans.introspect.MethodInfo$MethodOrder.compare(Ljava/lang/reflect/Method;Ljava/lang/reflect/Method;)I @ 148 c2
Event: 161.978 Thread 0x0000021ce7cfd970 DEOPT PACKING pc=0x0000021cd8a98b50 sp=0x0000006fc41f7a00
Event: 161.978 Thread 0x0000021ce7cfd970 DEOPT UNPACKING pc=0x0000021cd84c5ba3 sp=0x0000006fc41f7938 mode 2
Event: 161.978 Thread 0x0000021ce7cfd970 Uncommon trap: trap_request=0xffffff45 fr.pc=0x0000021cd8a9791c relative=0x00000000000006bc
Event: 161.978 Thread 0x0000021ce7cfd970 Uncommon trap: reason=unstable_if action=reinterpret pc=0x0000021cd8a9791c method=com.sun.beans.introspect.MethodInfo$MethodOrder.compare(Ljava/lang/reflect/Method;Ljava/lang/reflect/Method;)I @ 148 c2
Event: 161.978 Thread 0x0000021ce7cfd970 DEOPT PACKING pc=0x0000021cd8a9791c sp=0x0000006fc41f7970
Event: 161.978 Thread 0x0000021ce7cfd970 DEOPT UNPACKING pc=0x0000021cd84c5ba3 sp=0x0000006fc41f7930 mode 2
Event: 162.809 Thread 0x0000021ce7cfd970 Uncommon trap: trap_request=0xfffffff4 fr.pc=0x0000021cd8ba9240 relative=0x00000000000039c0
Event: 162.809 Thread 0x0000021ce7cfd970 Uncommon trap: reason=null_check action=make_not_entrant pc=0x0000021cd8ba9240 method=java.lang.PublicMethods$MethodList.getMostSpecific()Ljava/lang/reflect/Method; @ 41 c2
Event: 162.809 Thread 0x0000021ce7cfd970 DEOPT PACKING pc=0x0000021cd8ba9240 sp=0x0000006fc41f3470
Event: 162.809 Thread 0x0000021ce7cfd970 DEOPT UNPACKING pc=0x0000021cd84c5ba3 sp=0x0000006fc41f3350 mode 2

Classes unloaded (0 events):
No events

Classes redefined (0 events):
No events

Internal exceptions (20 events):
Event: 163.034 Thread 0x0000021ce7cfd970 Exception <a 'java/lang/ClassNotFoundException'{0x0000000087104ae0}: com/android/build/gradle/internal/dsl/BuildType$AgpDecorated_DecoratedBeanInfo> (0x0000000087104ae0) 
thrown [s\open\src\hotspot\share\classfile\systemDictionary.cpp, line 256]
Event: 163.037 Thread 0x0000021ce7cfd970 Exception <a 'java/lang/ClassNotFoundException'{0x00000000871132b0}: com/android/build/gradle/internal/dsl/BuildType$AgpDecoratedBeanInfo> (0x00000000871132b0) 
thrown [s\open\src\hotspot\share\classfile\systemDictionary.cpp, line 256]
Event: 163.038 Thread 0x0000021ce7cfd970 Exception <a 'java/lang/ClassNotFoundException'{0x0000000087121880}: com/android/build/gradle/internal/dsl/BuildTypeBeanInfo> (0x0000000087121880) 
thrown [s\open\src\hotspot\share\classfile\systemDictionary.cpp, line 256]
Event: 163.039 Thread 0x0000021ce7cfd970 Exception <a 'java/lang/ClassNotFoundException'{0x000000008712fbb8}: com/android/builder/core/AbstractBuildTypeBeanInfo> (0x000000008712fbb8) 
thrown [s\open\src\hotspot\share\classfile\systemDictionary.cpp, line 256]
Event: 163.040 Thread 0x0000021ce7cfd970 Exception <a 'java/lang/ClassNotFoundException'{0x000000008713dee0}: com/android/builder/core/AbstractBuildTypeCustomizer> (0x000000008713dee0) 
thrown [s\open\src\hotspot\share\classfile\systemDictionary.cpp, line 256]
Event: 163.043 Thread 0x0000021ce7cfd970 Exception <a 'java/lang/ClassNotFoundException'{0x0000000087168cc8}: com/android/build/gradle/internal/dsl/BuildTypeCustomizer> (0x0000000087168cc8) 
thrown [s\open\src\hotspot\share\classfile\systemDictionary.cpp, line 256]
Event: 163.089 Thread 0x0000021ce7cfd970 Exception <a 'java/lang/ClassNotFoundException'{0x00000000871f22f8}: com/android/build/gradle/internal/dsl/BuildType$AgpDecoratedCustomizer> (0x00000000871f22f8) 
thrown [s\open\src\hotspot\share\classfile\systemDictionary.cpp, line 256]
Event: 163.109 Thread 0x0000021ce7cfd970 Exception <a 'java/lang/ClassNotFoundException'{0x0000000087045d70}: com/android/build/gradle/internal/dsl/BuildType$AgpDecorated_DecoratedCustomizer> (0x0000000087045d70) 
thrown [s\open\src\hotspot\share\classfile\systemDictionary.cpp, line 256]
Event: 163.138 Thread 0x0000021ce7cfd970 Exception <a 'java/lang/ClassNotFoundException'{0x0000000086f30f00}: build_78wjim1519a96q5smjez0x2cv$_run_closure2$_closure6BeanInfo> (0x0000000086f30f00) 
thrown [s\open\src\hotspot\share\classfile\systemDictionary.cpp, line 256]
Event: 163.138 Thread 0x0000021ce7cfd970 Exception <a 'java/lang/ClassNotFoundException'{0x0000000086f3bc00}: build_78wjim1519a96q5smjez0x2cv$_run_closure2$_closure6Customizer> (0x0000000086f3bc00) 
thrown [s\open\src\hotspot\share\classfile\systemDictionary.cpp, line 256]
Event: 163.257 Thread 0x0000021ce7cfd970 Exception <a 'java/lang/ClassNotFoundException'{0x0000000086e16c30}: org/gradle/api/internal/artifacts/dependencies/DefaultExternalModuleDependency_DecoratedBeanInfo> (0x0000000086e16c30) 
thrown [s\open\src\hotspot\share\classfile\systemDictionary.cpp, line 256]
Event: 163.260 Thread 0x0000021ce7cfd970 Exception <a 'java/lang/ClassNotFoundException'{0x0000000086e32b70}: org/gradle/api/internal/artifacts/dependencies/DefaultExternalModuleDependencyBeanInfo> (0x0000000086e32b70) 
thrown [s\open\src\hotspot\share\classfile\systemDictionary.cpp, line 256]
Event: 163.262 Thread 0x0000021ce7cfd970 Exception <a 'java/lang/ClassNotFoundException'{0x0000000086e4ed30}: org/gradle/api/internal/artifacts/dependencies/AbstractExternalModuleDependencyBeanInfo> (0x0000000086e4ed30) 
thrown [s\open\src\hotspot\share\classfile\systemDictionary.cpp, line 256]
Event: 163.264 Thread 0x0000021ce7cfd970 Exception <a 'java/lang/ClassNotFoundException'{0x0000000086e67380}: org/gradle/api/internal/artifacts/dependencies/AbstractModuleDependencyBeanInfo> (0x0000000086e67380) 
thrown [s\open\src\hotspot\share\classfile\systemDictionary.cpp, line 256]
Event: 163.266 Thread 0x0000021ce7cfd970 Exception <a 'java/lang/ClassNotFoundException'{0x0000000086e7f798}: org/gradle/api/internal/artifacts/dependencies/AbstractDependencyBeanInfo> (0x0000000086e7f798) 
thrown [s\open\src\hotspot\share\classfile\systemDictionary.cpp, line 256]
Event: 163.269 Thread 0x0000021ce7cfd970 Exception <a 'java/lang/ClassNotFoundException'{0x0000000086e97e30}: org/gradle/api/internal/artifacts/dependencies/AbstractDependencyCustomizer> (0x0000000086e97e30) 
thrown [s\open\src\hotspot\share\classfile\systemDictionary.cpp, line 256]
Event: 163.315 Thread 0x0000021ce7cfd970 Exception <a 'java/lang/ClassNotFoundException'{0x0000000086eb3b60}: org/gradle/api/internal/artifacts/dependencies/AbstractModuleDependencyCustomizer> (0x0000000086eb3b60) 
thrown [s\open\src\hotspot\share\classfile\systemDictionary.cpp, line 256]
Event: 163.328 Thread 0x0000021ce7cfd970 Exception <a 'java/lang/ClassNotFoundException'{0x0000000086eebfe8}: org/gradle/api/internal/artifacts/dependencies/AbstractExternalModuleDependencyCustomizer> (0x0000000086eebfe8) 
thrown [s\open\src\hotspot\share\classfile\systemDictionary.cpp, line 256]
Event: 163.335 Thread 0x0000021ce7cfd970 Exception <a 'java/lang/ClassNotFoundException'{0x0000000086d18610}: org/gradle/api/internal/artifacts/dependencies/DefaultExternalModuleDependencyCustomizer> (0x0000000086d18610) 
thrown [s\open\src\hotspot\share\classfile\systemDictionary.cpp, line 256]
Event: 163.338 Thread 0x0000021ce7cfd970 Exception <a 'java/lang/ClassNotFoundException'{0x0000000086d3fe90}: org/gradle/api/internal/artifacts/dependencies/DefaultExternalModuleDependency_DecoratedCustomizer> (0x0000000086d3fe90) 
thrown [s\open\src\hotspot\share\classfile\systemDictionary.cpp, line 256]

VM Operations (20 events):
Event: 158.089 Executing VM operation: HandshakeAllThreads
Event: 158.090 Executing VM operation: HandshakeAllThreads done
Event: 158.090 Executing VM operation: Cleanup
Event: 158.091 Executing VM operation: Cleanup done
Event: 159.102 Executing VM operation: Cleanup
Event: 159.103 Executing VM operation: Cleanup done
Event: 160.114 Executing VM operation: Cleanup
Event: 160.115 Executing VM operation: Cleanup done
Event: 161.121 Executing VM operation: Cleanup
Event: 161.121 Executing VM operation: Cleanup done
Event: 161.946 Executing VM operation: G1CollectForAllocation
Event: 161.953 Executing VM operation: G1CollectForAllocation done
Event: 162.076 Executing VM operation: G1Concurrent
Event: 162.111 Executing VM operation: G1Concurrent done
Event: 162.201 Executing VM operation: G1Concurrent
Event: 162.202 Executing VM operation: G1Concurrent done
Event: 163.206 Executing VM operation: Cleanup
Event: 163.237 Executing VM operation: Cleanup done
Event: 164.252 Executing VM operation: Cleanup
Event: 164.252 Executing VM operation: Cleanup done

Events (20 events):
Event: 158.115 Thread 0x0000021ce7899b70 flushing nmethod 0x0000021cd1fcb790
Event: 158.115 Thread 0x0000021ce7899b70 flushing nmethod 0x0000021cd1fcc490
Event: 158.175 loading class sun/reflect/annotation/AnnotationInvocationHandler$1
Event: 158.175 loading class sun/reflect/annotation/AnnotationInvocationHandler$1 done
Event: 158.943 loading class java/util/concurrent/atomic/AtomicIntegerArray
Event: 158.946 loading class java/util/concurrent/atomic/AtomicIntegerArray done
Event: 158.950 loading class java/util/Currency
Event: 158.951 loading class java/util/Currency done
Event: 159.087 loading class java/util/concurrent/atomic/AtomicLongArray
Event: 159.088 loading class java/util/concurrent/atomic/AtomicLongArray done
Event: 159.226 loading class sun/reflect/generics/repository/FieldRepository
Event: 159.231 loading class sun/reflect/generics/repository/FieldRepository done
Event: 159.356 loading class jdk/internal/vm/annotation/ForceInline
Event: 159.383 loading class jdk/internal/vm/annotation/ForceInline done
Event: 159.749 loading class java/util/regex/Pattern$Caret
Event: 159.775 loading class java/util/regex/Pattern$Caret done
Event: 161.405 loading class java/util/regex/Pattern$Pos
Event: 161.430 loading class java/util/regex/Pattern$Pos done
Event: 162.516 loading class java/beans/IntrospectionException
Event: 162.516 loading class java/beans/IntrospectionException done


Dynamic libraries:
0x00007ff6256a0000 - 0x00007ff6256b0000 	C:\Program Files\Java\jdk-17\bin\java.exe
0x00007ffb6ee10000 - 0x00007ffb6f026000 	C:\WINDOWS\SYSTEM32\ntdll.dll
0x00007ffb6e210000 - 0x00007ffb6e2d4000 	C:\WINDOWS\System32\KERNEL32.DLL
0x00007ffb6c310000 - 0x00007ffb6c6b7000 	C:\WINDOWS\System32\KERNELBASE.dll
0x00007ffb6c6f0000 - 0x00007ffb6c801000 	C:\WINDOWS\System32\ucrtbase.dll
0x00007ffb4df40000 - 0x00007ffb4df59000 	C:\Program Files\Java\jdk-17\bin\jli.dll
0x00007ffb6dfb0000 - 0x00007ffb6e062000 	C:\WINDOWS\System32\ADVAPI32.dll
0x00007ffb6e390000 - 0x00007ffb6e437000 	C:\WINDOWS\System32\msvcrt.dll
0x00007ffb6e970000 - 0x00007ffb6ea18000 	C:\WINDOWS\System32\sechost.dll
0x00007ffb4eac0000 - 0x00007ffb4eadb000 	C:\Program Files\Java\jdk-17\bin\VCRUNTIME140.dll
0x00007ffb6c980000 - 0x00007ffb6c9a8000 	C:\WINDOWS\System32\bcrypt.dll
0x00007ffb6ead0000 - 0x00007ffb6ebe5000 	C:\WINDOWS\System32\RPCRT4.dll
0x00007ffb6cbe0000 - 0x00007ffb6cd8e000 	C:\WINDOWS\System32\USER32.dll
0x00007ffb6c6c0000 - 0x00007ffb6c6e6000 	C:\WINDOWS\System32\win32u.dll
0x00007ffb6e440000 - 0x00007ffb6e469000 	C:\WINDOWS\System32\GDI32.dll
0x00007ffb6ca20000 - 0x00007ffb6cb39000 	C:\WINDOWS\System32\gdi32full.dll
0x00007ffb6c270000 - 0x00007ffb6c30a000 	C:\WINDOWS\System32\msvcp_win.dll
0x00007ffb516f0000 - 0x00007ffb51983000 	C:\WINDOWS\WinSxS\amd64_microsoft.windows.common-controls_6595b64144ccf1df_6.0.22621.3235_none_270f74e173860f98\COMCTL32.dll
0x00007ffb63020000 - 0x00007ffb6302a000 	C:\WINDOWS\SYSTEM32\VERSION.dll
0x00007ffb6cb50000 - 0x00007ffb6cb81000 	C:\WINDOWS\System32\IMM32.DLL
0x00007ffb65b90000 - 0x00007ffb65b9c000 	C:\Program Files\Java\jdk-17\bin\vcruntime140_1.dll
0x00007ffb4c4c0000 - 0x00007ffb4c54e000 	C:\Program Files\Java\jdk-17\bin\msvcp140.dll
0x00007ffac8760000 - 0x00007ffac9341000 	C:\Program Files\Java\jdk-17\bin\server\jvm.dll
0x00007ffb6cb40000 - 0x00007ffb6cb48000 	C:\WINDOWS\System32\PSAPI.DLL
0x00007ffb3bb20000 - 0x00007ffb3bb29000 	C:\WINDOWS\SYSTEM32\WSOCK32.dll
0x00007ffb6e7f0000 - 0x00007ffb6e861000 	C:\WINDOWS\System32\WS2_32.dll
0x00007ffb64b20000 - 0x00007ffb64b54000 	C:\WINDOWS\SYSTEM32\WINMM.dll
0x00007ffb6b130000 - 0x00007ffb6b148000 	C:\WINDOWS\SYSTEM32\kernel.appcore.dll
0x00007ffb65b30000 - 0x00007ffb65b3a000 	C:\Program Files\Java\jdk-17\bin\jimage.dll
0x00007ffb69a40000 - 0x00007ffb69c73000 	C:\WINDOWS\SYSTEM32\DBGHELP.DLL
0x00007ffb6d210000 - 0x00007ffb6d598000 	C:\WINDOWS\System32\combase.dll
0x00007ffb6e470000 - 0x00007ffb6e547000 	C:\WINDOWS\System32\OLEAUT32.dll
0x00007ffb49b30000 - 0x00007ffb49b62000 	C:\WINDOWS\SYSTEM32\dbgcore.DLL
0x00007ffb6c1f0000 - 0x00007ffb6c269000 	C:\WINDOWS\System32\bcryptPrimitives.dll
0x00007ffb4d2b0000 - 0x00007ffb4d2d5000 	C:\Program Files\Java\jdk-17\bin\java.dll
0x00007ffb1d100000 - 0x00007ffb1d1d7000 	C:\Program Files\Java\jdk-17\bin\jsvml.dll
0x00007ffb6d750000 - 0x00007ffb6dfac000 	C:\WINDOWS\System32\SHELL32.dll
0x00007ffb6a060000 - 0x00007ffb6a959000 	C:\WINDOWS\SYSTEM32\windows.storage.dll
0x00007ffb69dc0000 - 0x00007ffb69efe000 	C:\WINDOWS\SYSTEM32\wintypes.dll
0x00007ffb6e870000 - 0x00007ffb6e963000 	C:\WINDOWS\System32\SHCORE.dll
0x00007ffb6e550000 - 0x00007ffb6e5ae000 	C:\WINDOWS\System32\shlwapi.dll
0x00007ffb6c060000 - 0x00007ffb6c081000 	C:\WINDOWS\SYSTEM32\profapi.dll
0x00007ffb4d780000 - 0x00007ffb4d799000 	C:\Program Files\Java\jdk-17\bin\net.dll
0x00007ffb65200000 - 0x00007ffb65336000 	C:\WINDOWS\SYSTEM32\WINHTTP.dll
0x00007ffb6b690000 - 0x00007ffb6b6f9000 	C:\WINDOWS\system32\mswsock.dll
0x00007ffb4d290000 - 0x00007ffb4d2a6000 	C:\Program Files\Java\jdk-17\bin\nio.dll
0x00007ffb4d270000 - 0x00007ffb4d288000 	C:\Program Files\Java\jdk-17\bin\zip.dll
0x00007ffb4df00000 - 0x00007ffb4df10000 	C:\Program Files\Java\jdk-17\bin\verify.dll
0x00007ffb4a980000 - 0x00007ffb4a9a7000 	C:\Users\phamv\.gradle\native\68d5fa5c4cc2d200863cafc0d521ce42e7d3e7ee720ec0a83991735586a16f82\windows-amd64\native-platform.dll
0x00007ffb09370000 - 0x00007ffb094b4000 	C:\Users\phamv\.gradle\native\e376f236ea51e6404a007f0833ffe2c6e607c4080706a723a18a27aeea778392\windows-amd64\native-platform-file-events.dll
0x00007ffb4daf0000 - 0x00007ffb4dafa000 	C:\Program Files\Java\jdk-17\bin\management.dll
0x00007ffb4d9c0000 - 0x00007ffb4d9cb000 	C:\Program Files\Java\jdk-17\bin\management_ext.dll
0x00007ffb6b8e0000 - 0x00007ffb6b8fb000 	C:\WINDOWS\SYSTEM32\CRYPTSP.dll
0x00007ffb6b090000 - 0x00007ffb6b0c5000 	C:\WINDOWS\system32\rsaenh.dll
0x00007ffb6b730000 - 0x00007ffb6b758000 	C:\WINDOWS\SYSTEM32\USERENV.dll
0x00007ffb6b8a0000 - 0x00007ffb6b8ac000 	C:\WINDOWS\SYSTEM32\CRYPTBASE.dll
0x00007ffb6abc0000 - 0x00007ffb6abed000 	C:\WINDOWS\SYSTEM32\IPHLPAPI.DLL
0x00007ffb6e7e0000 - 0x00007ffb6e7e9000 	C:\WINDOWS\System32\NSI.dll
0x00007ffb64e40000 - 0x00007ffb64e59000 	C:\WINDOWS\SYSTEM32\dhcpcsvc6.DLL
0x00007ffb64b90000 - 0x00007ffb64baf000 	C:\WINDOWS\SYSTEM32\dhcpcsvc.DLL
0x00007ffb6ac30000 - 0x00007ffb6ad29000 	C:\WINDOWS\SYSTEM32\DNSAPI.dll
0x00007ffb65ba0000 - 0x00007ffb65bae000 	C:\Program Files\Java\jdk-17\bin\sunmscapi.dll
0x00007ffb6c810000 - 0x00007ffb6c976000 	C:\WINDOWS\System32\CRYPT32.dll
0x00007ffb6bad0000 - 0x00007ffb6bafe000 	C:\WINDOWS\SYSTEM32\ncrypt.dll
0x00007ffb6ba90000 - 0x00007ffb6bac7000 	C:\WINDOWS\SYSTEM32\NTASN1.dll
0x00007ffb2cb80000 - 0x00007ffb2cb88000 	C:\WINDOWS\system32\wshunix.dll

dbghelp: loaded successfully - version: 4.0.5 - missing functions: none
symbol engine: initialized successfully - sym options: 0x614 - pdb path: .;C:\Program Files\Java\jdk-17\bin;C:\WINDOWS\SYSTEM32;C:\WINDOWS\WinSxS\amd64_microsoft.windows.common-controls_6595b64144ccf1df_6.0.22621.3235_none_270f74e173860f98;C:\Program Files\Java\jdk-17\bin\server;C:\Users\phamv\.gradle\native\68d5fa5c4cc2d200863cafc0d521ce42e7d3e7ee720ec0a83991735586a16f82\windows-amd64;C:\Users\phamv\.gradle\native\e376f236ea51e6404a007f0833ffe2c6e607c4080706a723a18a27aeea778392\windows-amd64

VM Arguments:
jvm_args: -XX:MaxMetaspaceSize=512m --add-opens=java.base/java.util=ALL-UNNAMED --add-opens=java.base/java.lang=ALL-UNNAMED --add-opens=java.base/java.lang.invoke=ALL-UNNAMED --add-opens=java.prefs/java.util.prefs=ALL-UNNAMED --add-opens=java.base/java.nio.charset=ALL-UNNAMED --add-opens=java.base/java.net=ALL-UNNAMED --add-opens=java.base/java.util.concurrent.atomic=ALL-UNNAMED -Xmx2048m -Dfile.encoding=windows-1252 -Duser.country=US -Duser.language=en -Duser.variant 
java_command: org.gradle.launcher.daemon.bootstrap.GradleDaemon 8.0.1
java_class_path (initial): C:\Users\phamv\.gradle\wrapper\dists\gradle-8.0.1-all\aro4hu1c3oeioove7l0i4i14o\gradle-8.0.1\lib\gradle-launcher-8.0.1.jar
Launcher Type: SUN_STANDARD

[Global flags]
     intx CICompilerCount                          = 4                                         {product} {ergonomic}
   size_t CompressedClassSpaceSize                 = 436207616                                 {product} {ergonomic}
     uint ConcGCThreads                            = 2                                         {product} {ergonomic}
     uint G1ConcRefinementThreads                  = 8                                         {product} {ergonomic}
   size_t G1HeapRegionSize                         = 1048576                                   {product} {ergonomic}
    uintx GCDrainStackTargetSize                   = 64                                        {product} {ergonomic}
   size_t InitialHeapSize                          = 132120576                                 {product} {ergonomic}
   size_t MarkStackSize                            = 4194304                                   {product} {ergonomic}
   size_t MaxHeapSize                              = 2147483648                                {product} {command line}
   size_t MaxMetaspaceSize                         = 536870912                                 {product} {command line}
   size_t MaxNewSize                               = 1287651328                                {product} {ergonomic}
   size_t MinHeapDeltaBytes                        = 1048576                                   {product} {ergonomic}
   size_t MinHeapSize                              = 8388608                                   {product} {ergonomic}
    uintx NonNMethodCodeHeapSize                   = 5839372                                {pd product} {ergonomic}
    uintx NonProfiledCodeHeapSize                  = 122909434                              {pd product} {ergonomic}
    uintx ProfiledCodeHeapSize                     = 122909434                              {pd product} {ergonomic}
    uintx ReservedCodeCacheSize                    = 251658240                              {pd product} {ergonomic}
     bool SegmentedCodeCache                       = true                                      {product} {ergonomic}
   size_t SoftMaxHeapSize                          = 2147483648                             {manageable} {ergonomic}
     bool UseCompressedClassPointers               = true                           {product lp64_product} {ergonomic}
     bool UseCompressedOops                        = true                           {product lp64_product} {ergonomic}
     bool UseG1GC                                  = true                                      {product} {ergonomic}
     bool UseLargePagesIndividualAllocation        = false                                  {pd product} {ergonomic}

Logging:
Log output configuration:
 #0: stdout all=warning uptime,level,tags
 #1: stderr all=off uptime,level,tags

Environment Variables:
CLASSPATH=D:\Gen-Chat\GenChatMobile2-main\android\\gradle\wrapper\gradle-wrapper.jar
PATH=D:\Gen-Chat\GenChatMobile2-main\node_modules\.bin;D:\Gen-Chat\GenChatMobile2-main\node_modules\.bin;D:\Gen-Chat\node_modules\.bin;D:\node_modules\.bin;C:\Program Files\nodejs\node_modules\npm\node_modules\@npmcli\run-script\lib\node-gyp-bin;D:\Gen-Chat\GenChatMobile2-main\node_modules\.bin;D:\Gen-Chat\node_modules\.bin;D:\node_modules\.bin;C:\Program Files\nodejs\node_modules\npm\node_modules\@npmcli\run-script\lib\node-gyp-bin;C:\Program Files\Common Files\Oracle\Java\javapath;C:\WINDOWS\system32;C:\WINDOWS;C:\WINDOWS\System32\Wbem;C:\WINDOWS\System32\WindowsPowerShell\v1.0\;C:\WINDOWS\System32\OpenSSH\;C:\Program Files\Java\jdk-17\bin;C:\Program Files (x86)\Microsoft SQL Server\110\Tools\Binn\;C:\Program Files\Microsoft SQL Server\110\Tools\Binn\;C:\Program Files\Microsoft SQL Server\110\DTS\Binn\;C:\Program Files (x86)\Microsoft SQL Server\110\Tools\Binn\ManagementStudio\;C:\Program Files (x86)\Microsoft SQL Server\110\DTS\Binn\;C:\Program Files\Git\cmd;C:\Program Files\nodejs\;C:\Program Files\apache-maven-3.9.6\bin;C:\Program Files\PuTTY\;C:\Program Files\Docker\Docker\resources\bin;C:\Program Files\Redis\;C:\Program Files\MongoDB\Tools\100\bin;C:\Users\phamv\AppData\Local\Microsoft\WindowsApps;;C:\Users\phamv\AppData\Local\Programs\Microsoft VS Code\bin;C:\Users\phamv\AppData\Roaming\npm;C:\Program Files\JetBrains\IntelliJ IDEA 2023.3.6\bin;;C:\Users\phamv\AppData\Local\Programs\mongosh\
USERNAME=phamv
LANG=en_US.UTF-8
OS=Windows_NT
PROCESSOR_IDENTIFIER=Intel64 Family 6 Model 126 Stepping 5, GenuineIntel



---------------  S Y S T E M  ---------------

OS:
 Windows 11 , 64 bit Build 22621 (10.0.22621.3374)
OS uptime: 0 days 8:18 hours
Hyper-V role detected

CPU: total 8 (initial active 8) (4 cores per cpu, 2 threads per core) family 6 model 126 stepping 5 microcode 0x86, cx8, cmov, fxsr, ht, mmx, 3dnowpref, sse, sse2, sse3, ssse3, sse4.1, sse4.2, popcnt, lzcnt, tsc, tscinvbit, avx, avx2, aes, erms, clmul, bmi1, bmi2, adx, avx512f, avx512dq, avx512cd, avx512bw, avx512vl, sha, fma, vzeroupper, avx512_vpopcntdq, avx512_vpclmulqdq, avx512_vaes, avx512_vnni, clflush, clflushopt, avx512_vbmi2, avx512_vbmi, hv

Memory: 4k page, system-wide physical 7973M (138M free)
TotalPageFile size 24561M (AvailPageFile size 6M)
current process WorkingSet (physical memory assigned to process): 304M, peak: 306M
current process commit charge ("private bytes"): 404M, peak: 407M

vm_info: Java HotSpot(TM) 64-Bit Server VM (17.0.9+11-LTS-201) for windows-amd64 JRE (17.0.9+11-LTS-201), built on Oct 10 2023 23:16:06 by "mach5one" with MS VC++ 17.1 (VS2022)

END.
