#
# There is insufficient memory for the Java Runtime Environment to continue.
# Native memory allocation (mmap) failed to map 102760448 bytes for G1 virtual space
# Possible reasons:
#   The system is out of physical RAM or swap space
#   The process is running with CompressedOops enabled, and the Java Heap may be blocking the growth of the native heap
# Possible solutions:
#   Reduce memory load on the system
#   Increase physical memory or swap space
#   Check if swap backing store is full
#   Decrease Java heap size (-Xmx/-Xms)
#   Decrease number of Java threads
#   Decrease Java thread stack sizes (-Xss)
#   Set larger code cache with -XX:ReservedCodeCacheSize=
#   JVM is running with Unscaled Compressed Oops mode in which the Java heap is
#     placed in the first 4GB address space. The Java Heap base address is the
#     maximum limit for the native heap growth. Please use -XX:HeapBaseMinAddress
#     to set the Java Heap base and to place the Java Heap above 4GB virtual address.
# This output file may be truncated or incomplete.
#
#  Out of Memory Error (os_windows.cpp:3552), pid=17656, tid=20952
#
# JRE version: Java(TM) SE Runtime Environment (17.0.9+11) (build 17.0.9+11-LTS-201)
# Java VM: Java HotSpot(TM) 64-Bit Server VM (17.0.9+11-LTS-201, mixed mode, sharing, tiered, compressed oops, compressed class ptrs, g1 gc, windows-amd64)
# No core dump will be written. Minidumps are not enabled by default on client versions of Windows
#

---------------  S U M M A R Y ------------

Command Line: -XX:MaxMetaspaceSize=512m --add-opens=java.base/java.util=ALL-UNNAMED --add-opens=java.base/java.lang=ALL-UNNAMED --add-opens=java.base/java.lang.invoke=ALL-UNNAMED --add-opens=java.prefs/java.util.prefs=ALL-UNNAMED --add-opens=java.base/java.nio.charset=ALL-UNNAMED --add-opens=java.base/java.net=ALL-UNNAMED --add-opens=java.base/java.util.concurrent.atomic=ALL-UNNAMED -Xmx2048m -Dfile.encoding=windows-1252 -Duser.country=US -Duser.language=en -Duser.variant org.gradle.launcher.daemon.bootstrap.GradleDaemon 8.0.1

Host: Intel(R) Core(TM) i5-1035G1 CPU @ 1.00GHz, 8 cores, 7G,  Windows 11 , 64 bit Build 22621 (10.0.22621.3374)
Time: Tue Apr  9 19:31:02 2024 SE Asia Standard Time elapsed time: 170.789845 seconds (0d 0h 2m 50s)

---------------  T H R E A D  ---------------

Current thread (0x0000015a76016df0):  VMThread "VM Thread" [stack: 0x000000101ad00000,0x000000101ae00000] [id=20952]

Stack: [0x000000101ad00000,0x000000101ae00000]
Native frames: (J=compiled Java code, j=interpreted, Vv=VM code, C=native code)
V  [jvm.dll+0x678a4a]
V  [jvm.dll+0x7d9cfd]
V  [jvm.dll+0x7db60e]
V  [jvm.dll+0x7dbc73]
V  [jvm.dll+0x245e1f]
V  [jvm.dll+0x6758f9]
V  [jvm.dll+0x66a2a2]
V  [jvm.dll+0x303686]
V  [jvm.dll+0x30ac06]
V  [jvm.dll+0x35a48e]
V  [jvm.dll+0x35a6bf]
V  [jvm.dll+0x2da678]
V  [jvm.dll+0x2d8a85]
V  [jvm.dll+0x2d808c]
V  [jvm.dll+0x31b97b]
V  [jvm.dll+0x7e048b]
V  [jvm.dll+0x7e11c4]
V  [jvm.dll+0x7e16dd]
V  [jvm.dll+0x7e1ab4]
V  [jvm.dll+0x7e1b80]
V  [jvm.dll+0x78998a]
V  [jvm.dll+0x677875]
C  [ucrtbase.dll+0x29333]
C  [KERNEL32.DLL+0x1257d]
C  [ntdll.dll+0x5aa48]

VM_Operation (0x000000101c4f31a0): G1CollectForAllocation, mode: safepoint, requested by thread 0x0000015a7672f570


---------------  P R O C E S S  ---------------

Threads class SMR info:
_java_thread_list=0x0000015a7b664ee0, length=135, elements={
0x0000015a57e47b80, 0x0000015a7601c040, 0x0000015a7601cc00, 0x0000015a7602e940,
0x0000015a7602f500, 0x0000015a76033fe0, 0x0000015a760349a0, 0x0000015a76035740,
0x0000015a76038200, 0x0000015a76038c00, 0x0000015a76214730, 0x0000015a76215420,
0x0000015a7b527970, 0x0000015a7bce6860, 0x0000015a7b3f0440, 0x0000015a7bc88960,
0x0000015a763903c0, 0x0000015a767304a0, 0x0000015a7672f570, 0x0000015a767313d0,
0x0000015a7672fa80, 0x0000015a76731df0, 0x0000015a76732300, 0x0000015a76732810,
0x0000015a767309b0, 0x0000015a76730ec0, 0x0000015a7cf4b950, 0x0000015a7cf486b0,
0x0000015a7cf4a510, 0x0000015a7cf481a0, 0x0000015a7cf4b440, 0x0000015a7cf49af0,
0x0000015a7cf48bc0, 0x0000015a7cf495e0, 0x0000015a7cf4aa20, 0x0000015a7cf4e1d0,
0x0000015a7cf4dcc0, 0x0000015a7cf4cd90, 0x0000015a7cf4a000, 0x0000015a7cf47c90,
0x0000015a7cf4af30, 0x0000015a7cf47270, 0x0000015a7cf490d0, 0x0000015a7cf4c370,
0x0000015a7cf4c880, 0x0000015a7cf4d2a0, 0x0000015a7cf47780, 0x0000015a7cf4d7b0,
0x0000015a7cf46d60, 0x0000015a7cf4e6e0, 0x0000015a7672f060, 0x0000015a7b7b1780,
0x0000015a7b7b1c90, 0x0000015a7b7b4000, 0x0000015a7b7b1270, 0x0000015a7b7b4510,
0x0000015a7b7b30d0, 0x0000015a7b7b21a0, 0x0000015a7b7b2bc0, 0x0000015a7b7b3af0,
0x0000015a7b7b0d60, 0x0000015a7b7b26b0, 0x0000015a7b7b35e0, 0x0000015a7cf2fa50,
0x0000015a7cf34640, 0x0000015a7cf2ff60, 0x0000015a7cf35a80, 0x0000015a7cf34b50,
0x0000015a7cf2eb20, 0x0000015a7cf35060, 0x0000015a7cf313a0, 0x0000015a7cf33200,
0x0000015a7cf2f540, 0x0000015a7cf322d0, 0x0000015a7cf33710, 0x0000015a7cf35f90,
0x0000015a7cf30470, 0x0000015a7cf35570, 0x0000015a7cf33c20, 0x0000015a7cf34130,
0x0000015a7cf30e90, 0x0000015a7cf327e0, 0x0000015a7cf32cf0, 0x0000015a7c1066f0,
0x0000015a7c107b30, 0x0000015a7c10add0, 0x0000015a7c10cc30, 0x0000015a7c10b2e0,
0x0000015a7c108040, 0x0000015a7c106c00, 0x0000015a7c10b7f0, 0x0000015a7c10a3b0,
0x0000015a7c1061e0, 0x0000015a7c109ea0, 0x0000015a7c108a60, 0x0000015a7c108550,
0x0000015a7c107110, 0x0000015a7c108f70, 0x0000015a7c107620, 0x0000015a7c109480,
0x0000015a7c10a8c0, 0x0000015a7c109990, 0x0000015a7c10bd00, 0x0000015a7c10c210,
0x0000015a7c10c720, 0x0000015a7c1057c0, 0x0000015a7d69a850, 0x0000015a7d699e30,
0x0000015a7d697fd0, 0x0000015a7d694310, 0x0000015a7d695750, 0x0000015a7d69bc90,
0x0000015a7d695240, 0x0000015a7d694820, 0x0000015a7d694d30, 0x0000015a7d69ad60,
0x0000015a7d696b90, 0x0000015a7d699410, 0x0000015a7d69b270, 0x0000015a7d696170,
0x0000015a7d6984e0, 0x0000015a7d695c60, 0x0000015a7d699920, 0x0000015a7d6970a0,
0x0000015a7d69b780, 0x0000015a7d69a340, 0x0000015a7d696680, 0x0000015a7d6975b0,
0x0000015a7d698f00, 0x0000015a7d697ac0, 0x0000015a7d6989f0, 0x0000015a7d4ec2a0,
0x0000015a7d4ee610, 0x0000015a7d4ec7b0, 0x0000015a7d4ed1d0
}

Java Threads: ( => current thread )
  0x0000015a57e47b80 JavaThread "main" [_thread_blocked, id=20596, stack(0x000000101a600000,0x000000101a700000)]
  0x0000015a7601c040 JavaThread "Reference Handler" daemon [_thread_blocked, id=1552, stack(0x000000101ae00000,0x000000101af00000)]
  0x0000015a7601cc00 JavaThread "Finalizer" daemon [_thread_blocked, id=15376, stack(0x000000101af00000,0x000000101b000000)]
  0x0000015a7602e940 JavaThread "Signal Dispatcher" daemon [_thread_blocked, id=17132, stack(0x000000101b000000,0x000000101b100000)]
  0x0000015a7602f500 JavaThread "Attach Listener" daemon [_thread_blocked, id=1576, stack(0x000000101b100000,0x000000101b200000)]
  0x0000015a76033fe0 JavaThread "Service Thread" daemon [_thread_blocked, id=9496, stack(0x000000101b200000,0x000000101b300000)]
  0x0000015a760349a0 JavaThread "Monitor Deflation Thread" daemon [_thread_blocked, id=13064, stack(0x000000101b300000,0x000000101b400000)]
  0x0000015a76035740 JavaThread "C2 CompilerThread0" daemon [_thread_in_native, id=19964, stack(0x000000101b400000,0x000000101b500000)]
  0x0000015a76038200 JavaThread "C1 CompilerThread0" daemon [_thread_blocked, id=19476, stack(0x000000101b500000,0x000000101b600000)]
  0x0000015a76038c00 JavaThread "Sweeper thread" daemon [_thread_blocked, id=16892, stack(0x000000101b600000,0x000000101b700000)]
  0x0000015a76214730 JavaThread "Common-Cleaner" daemon [_thread_blocked, id=18768, stack(0x000000101b700000,0x000000101b800000)]
  0x0000015a76215420 JavaThread "Notification Thread" daemon [_thread_blocked, id=17752, stack(0x000000101b800000,0x000000101b900000)]
  0x0000015a7b527970 JavaThread "Daemon health stats" [_thread_blocked, id=21784, stack(0x000000101be00000,0x000000101bf00000)]
  0x0000015a7bce6860 JavaThread "Incoming local TCP Connector on port 55636" [_thread_in_native, id=21948, stack(0x000000101bf00000,0x000000101c000000)]
  0x0000015a7b3f0440 JavaThread "Daemon periodic checks" [_thread_blocked, id=21992, stack(0x000000101c000000,0x000000101c100000)]
  0x0000015a7bc88960 JavaThread "Daemon" [_thread_blocked, id=22060, stack(0x000000101c100000,0x000000101c200000)]
  0x0000015a763903c0 JavaThread "Handler for socket connection from /127.0.0.1:55636 to /127.0.0.1:55639" [_thread_in_native, id=22064, stack(0x000000101c200000,0x000000101c300000)]
  0x0000015a767304a0 JavaThread "Cancel handler" [_thread_blocked, id=22104, stack(0x000000101c300000,0x000000101c400000)]
  0x0000015a7672f570 JavaThread "Daemon worker" [_thread_blocked, id=22108, stack(0x000000101c400000,0x000000101c500000)]
  0x0000015a767313d0 JavaThread "Asynchronous log dispatcher for DefaultDaemonConnection: socket connection from /127.0.0.1:55636 to /127.0.0.1:55639" [_thread_blocked, id=22120, stack(0x000000101c500000,0x000000101c600000)]
  0x0000015a7672fa80 JavaThread "Daemon client event forwarder" [_thread_blocked, id=22128, stack(0x000000101c700000,0x000000101c800000)]
  0x0000015a76731df0 JavaThread "Cache worker for journal cache (C:\Users\phamv\.gradle\caches\journal-1)" [_thread_blocked, id=22256, stack(0x000000101c800000,0x000000101c900000)]
  0x0000015a76732300 JavaThread "File lock request listener" [_thread_in_native, id=22260, stack(0x000000101c900000,0x000000101ca00000)]
  0x0000015a76732810 JavaThread "Cache worker for file hash cache (C:\Users\phamv\.gradle\caches\8.0.1\fileHashes)" [_thread_blocked, id=22440, stack(0x000000101cb00000,0x000000101cc00000)]
  0x0000015a767309b0 JavaThread "File watcher server" daemon [_thread_in_native, id=22084, stack(0x000000101cf00000,0x000000101d000000)]
  0x0000015a76730ec0 JavaThread "File watcher consumer" daemon [_thread_blocked, id=22136, stack(0x000000101d000000,0x000000101d100000)]
  0x0000015a7cf4b950 JavaThread "Cache worker for checksums cache (D:\Gen-Chat\GenChatMobile2-main\android\.gradle\8.0.1\checksums)" [_thread_blocked, id=22080, stack(0x000000101d100000,0x000000101d200000)]
  0x0000015a7cf486b0 JavaThread "Cache worker for cache directory md-rule (C:\Users\phamv\.gradle\caches\8.0.1\md-rule)" [_thread_blocked, id=6892, stack(0x000000101d200000,0x000000101d300000)]
  0x0000015a7cf4a510 JavaThread "Cache worker for file content cache (C:\Users\phamv\.gradle\caches\8.0.1\fileContent)" [_thread_blocked, id=11872, stack(0x000000101d300000,0x000000101d400000)]
  0x0000015a7cf481a0 JavaThread "Cache worker for file hash cache (D:\Gen-Chat\GenChatMobile2-main\android\.gradle\8.0.1\fileHashes)" [_thread_blocked, id=19088, stack(0x000000101d400000,0x000000101d500000)]
  0x0000015a7cf4b440 JavaThread "Cache worker for cache directory md-supplier (C:\Users\phamv\.gradle\caches\8.0.1\md-supplier)" [_thread_blocked, id=18256, stack(0x000000101d600000,0x000000101d700000)]
  0x0000015a7cf49af0 JavaThread "Cache worker for execution history cache (C:\Users\phamv\.gradle\caches\8.0.1\executionHistory)" [_thread_blocked, id=17676, stack(0x000000101d700000,0x000000101d800000)]
  0x0000015a7cf48bc0 JavaThread "jar transforms" [_thread_blocked, id=13208, stack(0x000000101d800000,0x000000101d900000)]
  0x0000015a7cf495e0 JavaThread "jar transforms Thread 2" [_thread_blocked, id=4840, stack(0x000000101d900000,0x000000101da00000)]
  0x0000015a7cf4aa20 JavaThread "jar transforms Thread 3" [_thread_blocked, id=19420, stack(0x000000101da00000,0x000000101db00000)]
  0x0000015a7cf4e1d0 JavaThread "jar transforms Thread 4" [_thread_blocked, id=19260, stack(0x000000101db00000,0x000000101dc00000)]
  0x0000015a7cf4dcc0 JavaThread "Cache worker for kotlin-dsl (C:\Users\phamv\.gradle\caches\8.0.1\kotlin-dsl)" [_thread_blocked, id=23076, stack(0x000000101a500000,0x000000101a600000)]
  0x0000015a7cf4cd90 JavaThread "jar transforms Thread 5" [_thread_blocked, id=19404, stack(0x000000101a700000,0x000000101a800000)]
  0x0000015a7cf4a000 JavaThread "jar transforms Thread 6" [_thread_blocked, id=22616, stack(0x000000101c600000,0x000000101c700000)]
  0x0000015a7cf47c90 JavaThread "Cache worker for dependencies-accessors (D:\Gen-Chat\GenChatMobile2-main\android\.gradle\8.0.1\dependencies-accessors)" [_thread_blocked, id=21500, stack(0x000000101de00000,0x000000101df00000)]
  0x0000015a7cf4af30 JavaThread "Cache worker for Build Output Cleanup Cache (D:\Gen-Chat\GenChatMobile2-main\node_modules\@react-native\gradle-plugin\.gradle\buildOutputCleanup)" [_thread_blocked, id=23524, stack(0x000000101df00000,0x000000101e000000)]
  0x0000015a7cf47270 JavaThread "jar transforms Thread 7" [_thread_blocked, id=800, stack(0x000000101e000000,0x000000101e100000)]
  0x0000015a7cf490d0 JavaThread "Unconstrained build operations" [_thread_blocked, id=19056, stack(0x000000101e100000,0x000000101e200000)]
  0x0000015a7cf4c370 JavaThread "Unconstrained build operations Thread 2" [_thread_blocked, id=22852, stack(0x000000101e200000,0x000000101e300000)]
  0x0000015a7cf4c880 JavaThread "Unconstrained build operations Thread 3" [_thread_blocked, id=18708, stack(0x000000101e300000,0x000000101e400000)]
  0x0000015a7cf4d2a0 JavaThread "Unconstrained build operations Thread 4" [_thread_blocked, id=10424, stack(0x000000101e400000,0x000000101e500000)]
  0x0000015a7cf47780 JavaThread "Unconstrained build operations Thread 5" [_thread_blocked, id=23472, stack(0x000000101e500000,0x000000101e600000)]
  0x0000015a7cf4d7b0 JavaThread "Unconstrained build operations Thread 6" [_thread_blocked, id=2156, stack(0x000000101e600000,0x000000101e700000)]
  0x0000015a7cf46d60 JavaThread "Unconstrained build operations Thread 7" [_thread_blocked, id=22888, stack(0x000000101e700000,0x000000101e800000)]
  0x0000015a7cf4e6e0 JavaThread "Unconstrained build operations Thread 8" [_thread_blocked, id=22628, stack(0x000000101e800000,0x000000101e900000)]
  0x0000015a7672f060 JavaThread "Unconstrained build operations Thread 9" [_thread_blocked, id=15576, stack(0x000000101e900000,0x000000101ea00000)]
  0x0000015a7b7b1780 JavaThread "Unconstrained build operations Thread 10" [_thread_blocked, id=13108, stack(0x000000101ea00000,0x000000101eb00000)]
  0x0000015a7b7b1c90 JavaThread "Unconstrained build operations Thread 11" [_thread_blocked, id=23480, stack(0x000000101eb00000,0x000000101ec00000)]
  0x0000015a7b7b4000 JavaThread "Unconstrained build operations Thread 12" [_thread_blocked, id=2720, stack(0x000000101ec00000,0x000000101ed00000)]
  0x0000015a7b7b1270 JavaThread "Unconstrained build operations Thread 13" [_thread_blocked, id=19432, stack(0x000000101ed00000,0x000000101ee00000)]
  0x0000015a7b7b4510 JavaThread "Unconstrained build operations Thread 14" [_thread_blocked, id=18888, stack(0x000000101ee00000,0x000000101ef00000)]
  0x0000015a7b7b30d0 JavaThread "Unconstrained build operations Thread 15" [_thread_blocked, id=12892, stack(0x000000101ef00000,0x000000101f000000)]
  0x0000015a7b7b21a0 JavaThread "Unconstrained build operations Thread 16" [_thread_blocked, id=22632, stack(0x000000101f000000,0x000000101f100000)]
  0x0000015a7b7b2bc0 JavaThread "Unconstrained build operations Thread 17" [_thread_blocked, id=23248, stack(0x000000101f100000,0x000000101f200000)]
  0x0000015a7b7b3af0 JavaThread "Unconstrained build operations Thread 18" [_thread_blocked, id=20788, stack(0x000000101f200000,0x000000101f300000)]
  0x0000015a7b7b0d60 JavaThread "Unconstrained build operations Thread 19" [_thread_blocked, id=22572, stack(0x000000101f300000,0x000000101f400000)]
  0x0000015a7b7b26b0 JavaThread "Unconstrained build operations Thread 20" [_thread_blocked, id=21940, stack(0x000000101f400000,0x000000101f500000)]
  0x0000015a7b7b35e0 JavaThread "Unconstrained build operations Thread 21" [_thread_blocked, id=19336, stack(0x000000101f500000,0x000000101f600000)]
  0x0000015a7cf2fa50 JavaThread "Unconstrained build operations Thread 22" [_thread_blocked, id=16680, stack(0x000000101f600000,0x000000101f700000)]
  0x0000015a7cf34640 JavaThread "Unconstrained build operations Thread 23" [_thread_blocked, id=10584, stack(0x000000101f700000,0x000000101f800000)]
  0x0000015a7cf2ff60 JavaThread "Unconstrained build operations Thread 24" [_thread_blocked, id=20744, stack(0x000000101f800000,0x000000101f900000)]
  0x0000015a7cf35a80 JavaThread "Unconstrained build operations Thread 25" [_thread_blocked, id=22984, stack(0x000000101f900000,0x000000101fa00000)]
  0x0000015a7cf34b50 JavaThread "Unconstrained build operations Thread 26" [_thread_blocked, id=19444, stack(0x000000101fa00000,0x000000101fb00000)]
  0x0000015a7cf2eb20 JavaThread "File lock release action executor Thread 2" [_thread_blocked, id=22768, stack(0x000000101fb00000,0x000000101fc00000)]
  0x0000015a7cf35060 JavaThread "jar transforms Thread 8" [_thread_blocked, id=22544, stack(0x000000101fc00000,0x000000101fd00000)]
  0x0000015a7cf313a0 JavaThread "Memory manager" [_thread_blocked, id=18336, stack(0x000000101fd00000,0x000000101fe00000)]
  0x0000015a7cf33200 JavaThread "Cache worker for Build Output Cleanup Cache (D:\Gen-Chat\GenChatMobile2-main\android\.gradle\buildOutputCleanup)" [_thread_blocked, id=23944, stack(0x000000101fe00000,0x000000101ff00000)]
  0x0000015a7cf2f540 JavaThread "included builds" [_thread_blocked, id=8432, stack(0x000000101dc00000,0x000000101dd00000)]
  0x0000015a7cf322d0 JavaThread "Execution worker" [_thread_blocked, id=13900, stack(0x000000101ff00000,0x0000001020000000)]
  0x0000015a7cf33710 JavaThread "Execution worker Thread 2" [_thread_blocked, id=23028, stack(0x0000001020000000,0x0000001020100000)]
  0x0000015a7cf35f90 JavaThread "Execution worker Thread 3" [_thread_blocked, id=16740, stack(0x0000001020100000,0x0000001020200000)]
  0x0000015a7cf30470 JavaThread "Execution worker Thread 4" [_thread_blocked, id=19892, stack(0x0000001020200000,0x0000001020300000)]
  0x0000015a7cf35570 JavaThread "Execution worker Thread 5" [_thread_blocked, id=11260, stack(0x0000001020300000,0x0000001020400000)]
  0x0000015a7cf33c20 JavaThread "Execution worker Thread 6" [_thread_blocked, id=22536, stack(0x0000001020400000,0x0000001020500000)]
  0x0000015a7cf34130 JavaThread "Execution worker Thread 7" [_thread_blocked, id=22636, stack(0x0000001020500000,0x0000001020600000)]
  0x0000015a7cf30e90 JavaThread "Cache worker for execution history cache (D:\Gen-Chat\GenChatMobile2-main\node_modules\@react-native\gradle-plugin\.gradle\8.0.1\executionHistory)" [_thread_blocked, id=18532, stack(0x0000001020600000,0x0000001020700000)]
  0x0000015a7cf327e0 JavaThread "Unconstrained build operations Thread 27" [_thread_blocked, id=23288, stack(0x0000001020700000,0x0000001020800000)]
  0x0000015a7cf32cf0 JavaThread "Unconstrained build operations Thread 28" [_thread_blocked, id=23084, stack(0x0000001020800000,0x0000001020900000)]
  0x0000015a7c1066f0 JavaThread "Unconstrained build operations Thread 29" [_thread_blocked, id=12332, stack(0x0000001020900000,0x0000001020a00000)]
  0x0000015a7c107b30 JavaThread "Unconstrained build operations Thread 30" [_thread_blocked, id=17664, stack(0x0000001020a00000,0x0000001020b00000)]
  0x0000015a7c10add0 JavaThread "Unconstrained build operations Thread 31" [_thread_blocked, id=22872, stack(0x0000001020b00000,0x0000001020c00000)]
  0x0000015a7c10cc30 JavaThread "Unconstrained build operations Thread 32" [_thread_blocked, id=23420, stack(0x0000001020c00000,0x0000001020d00000)]
  0x0000015a7c10b2e0 JavaThread "Unconstrained build operations Thread 33" [_thread_blocked, id=24404, stack(0x0000001020d00000,0x0000001020e00000)]
  0x0000015a7c108040 JavaThread "Unconstrained build operations Thread 34" [_thread_blocked, id=14548, stack(0x0000001020e00000,0x0000001020f00000)]
  0x0000015a7c106c00 JavaThread "Unconstrained build operations Thread 35" [_thread_blocked, id=6904, stack(0x0000001020f00000,0x0000001021000000)]
  0x0000015a7c10b7f0 JavaThread "Unconstrained build operations Thread 36" [_thread_blocked, id=9784, stack(0x0000001021000000,0x0000001021100000)]
  0x0000015a7c10a3b0 JavaThread "Unconstrained build operations Thread 37" [_thread_blocked, id=21968, stack(0x0000001021100000,0x0000001021200000)]
  0x0000015a7c1061e0 JavaThread "Unconstrained build operations Thread 38" [_thread_blocked, id=21972, stack(0x0000001021200000,0x0000001021300000)]
  0x0000015a7c109ea0 JavaThread "Unconstrained build operations Thread 39" [_thread_blocked, id=21960, stack(0x0000001021300000,0x0000001021400000)]
  0x0000015a7c108a60 JavaThread "Unconstrained build operations Thread 40" [_thread_blocked, id=20324, stack(0x0000001021400000,0x0000001021500000)]
  0x0000015a7c108550 JavaThread "Unconstrained build operations Thread 41" [_thread_blocked, id=21976, stack(0x0000001021500000,0x0000001021600000)]
  0x0000015a7c107110 JavaThread "Unconstrained build operations Thread 42" [_thread_blocked, id=21988, stack(0x0000001021600000,0x0000001021700000)]
  0x0000015a7c108f70 JavaThread "Unconstrained build operations Thread 43" [_thread_blocked, id=18164, stack(0x0000001021700000,0x0000001021800000)]
  0x0000015a7c107620 JavaThread "Unconstrained build operations Thread 44" [_thread_blocked, id=22000, stack(0x0000001021800000,0x0000001021900000)]
  0x0000015a7c109480 JavaThread "Unconstrained build operations Thread 45" [_thread_blocked, id=19692, stack(0x0000001021900000,0x0000001021a00000)]
  0x0000015a7c10a8c0 JavaThread "Unconstrained build operations Thread 46" [_thread_blocked, id=2176, stack(0x0000001021a00000,0x0000001021b00000)]
  0x0000015a7c109990 JavaThread "Unconstrained build operations Thread 47" [_thread_blocked, id=17900, stack(0x0000001021b00000,0x0000001021c00000)]
  0x0000015a7c10bd00 JavaThread "Unconstrained build operations Thread 48" [_thread_blocked, id=22848, stack(0x0000001021c00000,0x0000001021d00000)]
  0x0000015a7c10c210 JavaThread "Unconstrained build operations Thread 49" [_thread_blocked, id=19800, stack(0x0000001021d00000,0x0000001021e00000)]
  0x0000015a7c10c720 JavaThread "Unconstrained build operations Thread 50" [_thread_blocked, id=21200, stack(0x0000001021e00000,0x0000001021f00000)]
  0x0000015a7c1057c0 JavaThread "Unconstrained build operations Thread 51" [_thread_blocked, id=21284, stack(0x0000001021f00000,0x0000001022000000)]
  0x0000015a7d69a850 JavaThread "Unconstrained build operations Thread 52" [_thread_blocked, id=12716, stack(0x0000001022000000,0x0000001022100000)]
  0x0000015a7d699e30 JavaThread "Unconstrained build operations Thread 53" [_thread_blocked, id=17192, stack(0x0000001022100000,0x0000001022200000)]
  0x0000015a7d697fd0 JavaThread "Unconstrained build operations Thread 54" [_thread_blocked, id=14776, stack(0x0000001022200000,0x0000001022300000)]
  0x0000015a7d694310 JavaThread "Unconstrained build operations Thread 55" [_thread_blocked, id=18044, stack(0x0000001022300000,0x0000001022400000)]
  0x0000015a7d695750 JavaThread "Unconstrained build operations Thread 56" [_thread_blocked, id=15964, stack(0x0000001022400000,0x0000001022500000)]
  0x0000015a7d69bc90 JavaThread "Unconstrained build operations Thread 57" [_thread_blocked, id=18932, stack(0x0000001022500000,0x0000001022600000)]
  0x0000015a7d695240 JavaThread "Unconstrained build operations Thread 58" [_thread_blocked, id=15688, stack(0x0000001022600000,0x0000001022700000)]
  0x0000015a7d694820 JavaThread "Unconstrained build operations Thread 59" [_thread_blocked, id=21056, stack(0x0000001022700000,0x0000001022800000)]
  0x0000015a7d694d30 JavaThread "Unconstrained build operations Thread 60" [_thread_blocked, id=4636, stack(0x0000001022800000,0x0000001022900000)]
  0x0000015a7d69ad60 JavaThread "Unconstrained build operations Thread 61" [_thread_blocked, id=10620, stack(0x0000001022900000,0x0000001022a00000)]
  0x0000015a7d696b90 JavaThread "Unconstrained build operations Thread 62" [_thread_blocked, id=23384, stack(0x0000001022a00000,0x0000001022b00000)]
  0x0000015a7d699410 JavaThread "Unconstrained build operations Thread 63" [_thread_blocked, id=23708, stack(0x0000001022b00000,0x0000001022c00000)]
  0x0000015a7d69b270 JavaThread "Unconstrained build operations Thread 64" [_thread_blocked, id=23956, stack(0x0000001022c00000,0x0000001022d00000)]
  0x0000015a7d696170 JavaThread "Unconstrained build operations Thread 65" [_thread_blocked, id=23964, stack(0x0000001022d00000,0x0000001022e00000)]
  0x0000015a7d6984e0 JavaThread "Unconstrained build operations Thread 66" [_thread_blocked, id=24000, stack(0x0000001022e00000,0x0000001022f00000)]
  0x0000015a7d695c60 JavaThread "Unconstrained build operations Thread 67" [_thread_blocked, id=23984, stack(0x0000001022f00000,0x0000001023000000)]
  0x0000015a7d699920 JavaThread "Unconstrained build operations Thread 68" [_thread_blocked, id=23988, stack(0x0000001023000000,0x0000001023100000)]
  0x0000015a7d6970a0 JavaThread "Unconstrained build operations Thread 69" [_thread_blocked, id=24004, stack(0x0000001023100000,0x0000001023200000)]
  0x0000015a7d69b780 JavaThread "Unconstrained build operations Thread 70" [_thread_blocked, id=23996, stack(0x0000001023200000,0x0000001023300000)]
  0x0000015a7d69a340 JavaThread "Unconstrained build operations Thread 71" [_thread_blocked, id=23824, stack(0x0000001023300000,0x0000001023400000)]
  0x0000015a7d696680 JavaThread "Unconstrained build operations Thread 72" [_thread_blocked, id=24020, stack(0x0000001023400000,0x0000001023500000)]
  0x0000015a7d6975b0 JavaThread "Unconstrained build operations Thread 73" [_thread_blocked, id=24028, stack(0x0000001023500000,0x0000001023600000)]
  0x0000015a7d698f00 JavaThread "Unconstrained build operations Thread 74" [_thread_blocked, id=24024, stack(0x0000001023600000,0x0000001023700000)]
  0x0000015a7d697ac0 JavaThread "Unconstrained build operations Thread 75" [_thread_blocked, id=23992, stack(0x0000001023700000,0x0000001023800000)]
  0x0000015a7d6989f0 JavaThread "Unconstrained build operations Thread 76" [_thread_blocked, id=24080, stack(0x0000001023800000,0x0000001023900000)]
  0x0000015a7d4ec2a0 JavaThread "Unconstrained build operations Thread 77" [_thread_blocked, id=23820, stack(0x0000001023900000,0x0000001023a00000)]
  0x0000015a7d4ee610 JavaThread "Unconstrained build operations Thread 78" [_thread_blocked, id=22280, stack(0x0000001023a00000,0x0000001023b00000)]
  0x0000015a7d4ec7b0 JavaThread "Unconstrained build operations Thread 79" [_thread_blocked, id=16108, stack(0x0000001023b00000,0x0000001023c00000)]
  0x0000015a7d4ed1d0 JavaThread "Unconstrained build operations Thread 80" [_thread_blocked, id=8464, stack(0x0000001023c00000,0x0000001023d00000)]

Other Threads:
=>0x0000015a76016df0 VMThread "VM Thread" [stack: 0x000000101ad00000,0x000000101ae00000] [id=20952]
  0x0000015a76215b20 WatcherThread [stack: 0x000000101b900000,0x000000101ba00000] [id=11272]
  0x0000015a57ea2e30 GCTaskThread "GC Thread#0" [stack: 0x000000101a800000,0x000000101a900000] [id=7224]
  0x0000015a7b1c4b20 GCTaskThread "GC Thread#1" [stack: 0x000000101ba00000,0x000000101bb00000] [id=6936]
  0x0000015a7b1c4de0 GCTaskThread "GC Thread#2" [stack: 0x000000101bb00000,0x000000101bc00000] [id=21508]
  0x0000015a7b16e130 GCTaskThread "GC Thread#3" [stack: 0x000000101bc00000,0x000000101bd00000] [id=21516]
  0x0000015a7b6a7440 GCTaskThread "GC Thread#4" [stack: 0x000000101bd00000,0x000000101be00000] [id=21720]
  0x0000015a7cf5ed40 GCTaskThread "GC Thread#5" [stack: 0x000000101cc00000,0x000000101cd00000] [id=22092]
  0x0000015a7be14b70 GCTaskThread "GC Thread#6" [stack: 0x000000101cd00000,0x000000101ce00000] [id=22088]
  0x0000015a7c072a60 GCTaskThread "GC Thread#7" [stack: 0x000000101ce00000,0x000000101cf00000] [id=22072]
  0x0000015a57eb3d80 ConcurrentGCThread "G1 Main Marker" [stack: 0x000000101a900000,0x000000101aa00000] [id=10708]
  0x0000015a57eb4790 ConcurrentGCThread "G1 Conc#0" [stack: 0x000000101aa00000,0x000000101ab00000] [id=3644]
  0x0000015a7b740ab0 ConcurrentGCThread "G1 Conc#1" [stack: 0x000000101d500000,0x000000101d600000] [id=16908]
  0x0000015a75ed20c0 ConcurrentGCThread "G1 Refine#0" [stack: 0x000000101ab00000,0x000000101ac00000] [id=19856]
  0x0000015a75ed2af0 ConcurrentGCThread "G1 Service" [stack: 0x000000101ac00000,0x000000101ad00000] [id=7468]

Threads with active compile tasks:
C2 CompilerThread0   170966 9818   !   4       com.sun.beans.TypeResolver::resolve (261 bytes)

VM state: at safepoint (normal execution)

VM Mutex/Monitor currently owned by a thread:  ([mutex/lock_event])
[0x0000015a57e43480] Threads_lock - owner thread: 0x0000015a76016df0
[0x0000015a57e43510] Heap_lock - owner thread: 0x0000015a7672f570

Heap address: 0x0000000080000000, size: 2048 MB, Compressed Oops mode: 32-bit

CDS archive(s) mapped at: [0x0000015a00000000-0x0000015a00bd0000-0x0000015a00bd0000), size 12386304, SharedBaseAddress: 0x0000015a00000000, ArchiveRelocationMode: 1.
Compressed class space mapped at: 0x0000015a01000000-0x0000015a1b000000, reserved size: 436207616
Narrow klass base: 0x0000015a00000000, Narrow klass shift: 0, Narrow klass range: 0x100000000

GC Precious Log:
 CPUs: 8 total, 8 available
 Memory: 7973M
 Large Page Support: Disabled
 NUMA Support: Disabled
 Compressed Oops: Enabled (32-bit)
 Heap Region Size: 1M
 Heap Min Capacity: 8M
 Heap Initial Capacity: 126M
 Heap Max Capacity: 2G
 Pre-touch: Disabled
 Parallel Workers: 8
 Concurrent Workers: 2
 Concurrent Refinement Workers: 8
 Periodic GC: Disabled

Heap:
 garbage-first heap   total 129024K, used 75241K [0x0000000080000000, 0x0000000100000000)
  region size 1024K, 3 young (3072K), 3 survivors (3072K)
 Metaspace       used 73437K, committed 74176K, reserved 491520K
  class space    used 10009K, committed 10304K, reserved 425984K

Heap Regions: E=young(eden), S=young(survivor), O=old, HS=humongous(starts), HC=humongous(continues), CS=collection set, F=free, OA=open archive, CA=closed archive, TAMS=top-at-mark-start (previous, next)
|   0|0x0000000080000000, 0x0000000080100000, 0x0000000080100000|100%|HS|  |TAMS 0x0000000080100000, 0x0000000080000000| Complete 
|   1|0x0000000080100000, 0x0000000080200000, 0x0000000080200000|100%|HC|  |TAMS 0x0000000080200000, 0x0000000080100000| Complete 
|   2|0x0000000080200000, 0x0000000080300000, 0x0000000080300000|100%|HC|  |TAMS 0x0000000080300000, 0x0000000080200000| Complete 
|   3|0x0000000080300000, 0x0000000080400000, 0x0000000080400000|100%|HC|  |TAMS 0x0000000080400000, 0x0000000080300000| Complete 
|   4|0x0000000080400000, 0x0000000080500000, 0x0000000080500000|100%| O|  |TAMS 0x0000000080500000, 0x0000000080400000| Untracked 
|   5|0x0000000080500000, 0x0000000080600000, 0x0000000080600000|100%| O|  |TAMS 0x0000000080600000, 0x0000000080500000| Untracked 
|   6|0x0000000080600000, 0x0000000080700000, 0x0000000080700000|100%| O|  |TAMS 0x0000000080700000, 0x0000000080600000| Untracked 
|   7|0x0000000080700000, 0x0000000080800000, 0x0000000080800000|100%| O|  |TAMS 0x0000000080800000, 0x0000000080700000| Untracked 
|   8|0x0000000080800000, 0x0000000080900000, 0x0000000080900000|100%| O|  |TAMS 0x0000000080900000, 0x0000000080800000| Untracked 
|   9|0x0000000080900000, 0x0000000080a00000, 0x0000000080a00000|100%| O|  |TAMS 0x0000000080a00000, 0x0000000080900000| Untracked 
|  10|0x0000000080a00000, 0x0000000080b00000, 0x0000000080b00000|100%| O|  |TAMS 0x0000000080b00000, 0x0000000080a00000| Untracked 
|  11|0x0000000080b00000, 0x0000000080c00000, 0x0000000080c00000|100%| O|  |TAMS 0x0000000080c00000, 0x0000000080b00000| Untracked 
|  12|0x0000000080c00000, 0x0000000080d00000, 0x0000000080d00000|100%| O|  |TAMS 0x0000000080d00000, 0x0000000080c00000| Untracked 
|  13|0x0000000080d00000, 0x0000000080e00000, 0x0000000080e00000|100%| O|  |TAMS 0x0000000080e00000, 0x0000000080d00000| Untracked 
|  14|0x0000000080e00000, 0x0000000080f00000, 0x0000000080f00000|100%| O|  |TAMS 0x0000000080f00000, 0x0000000080e00000| Untracked 
|  15|0x0000000080f00000, 0x0000000081000000, 0x0000000081000000|100%| O|  |TAMS 0x0000000081000000, 0x0000000080f00000| Untracked 
|  16|0x0000000081000000, 0x0000000081100000, 0x0000000081100000|100%| O|  |TAMS 0x0000000081100000, 0x0000000081000000| Untracked 
|  17|0x0000000081100000, 0x0000000081200000, 0x0000000081200000|100%| O|  |TAMS 0x0000000081200000, 0x0000000081100000| Untracked 
|  18|0x0000000081200000, 0x0000000081300000, 0x0000000081300000|100%| O|  |TAMS 0x0000000081300000, 0x0000000081200000| Untracked 
|  19|0x0000000081300000, 0x0000000081300000, 0x0000000081400000|  0%| F|  |TAMS 0x0000000081300000, 0x0000000081300000| Untracked 
|  20|0x0000000081400000, 0x0000000081500000, 0x0000000081500000|100%|HS|  |TAMS 0x0000000081500000, 0x0000000081400000| Complete 
|  21|0x0000000081500000, 0x0000000081600000, 0x0000000081600000|100%| O|  |TAMS 0x0000000081600000, 0x0000000081500000| Untracked 
|  22|0x0000000081600000, 0x0000000081700000, 0x0000000081700000|100%| O|  |TAMS 0x0000000081700000, 0x0000000081600000| Untracked 
|  23|0x0000000081700000, 0x0000000081800000, 0x0000000081800000|100%| O|  |TAMS 0x0000000081800000, 0x0000000081700000| Untracked 
|  24|0x0000000081800000, 0x0000000081900000, 0x0000000081900000|100%| O|  |TAMS 0x0000000081900000, 0x0000000081800000| Untracked 
|  25|0x0000000081900000, 0x0000000081a00000, 0x0000000081a00000|100%| O|  |TAMS 0x0000000081a00000, 0x0000000081900000| Untracked 
|  26|0x0000000081a00000, 0x0000000081b00000, 0x0000000081b00000|100%| O|  |TAMS 0x0000000081b00000, 0x0000000081a00000| Untracked 
|  27|0x0000000081b00000, 0x0000000081c00000, 0x0000000081c00000|100%| O|  |TAMS 0x0000000081c00000, 0x0000000081b00000| Untracked 
|  28|0x0000000081c00000, 0x0000000081d00000, 0x0000000081d00000|100%|HS|  |TAMS 0x0000000081d00000, 0x0000000081c00000| Complete 
|  29|0x0000000081d00000, 0x0000000081e00000, 0x0000000081e00000|100%|HC|  |TAMS 0x0000000081e00000, 0x0000000081d00000| Complete 
|  30|0x0000000081e00000, 0x0000000081f00000, 0x0000000081f00000|100%| O|  |TAMS 0x0000000081f00000, 0x0000000081e00000| Untracked 
|  31|0x0000000081f00000, 0x0000000082000000, 0x0000000082000000|100%| O|  |TAMS 0x0000000082000000, 0x0000000081f00000| Untracked 
|  32|0x0000000082000000, 0x0000000082100000, 0x0000000082100000|100%| O|  |TAMS 0x0000000082100000, 0x0000000082000000| Untracked 
|  33|0x0000000082100000, 0x0000000082200000, 0x0000000082200000|100%| O|  |TAMS 0x0000000082200000, 0x0000000082100000| Untracked 
|  34|0x0000000082200000, 0x0000000082300000, 0x0000000082300000|100%| O|  |TAMS 0x0000000082300000, 0x0000000082200000| Untracked 
|  35|0x0000000082300000, 0x0000000082400000, 0x0000000082400000|100%|HS|  |TAMS 0x0000000082400000, 0x0000000082300000| Complete 
|  36|0x0000000082400000, 0x0000000082500000, 0x0000000082500000|100%|HC|  |TAMS 0x0000000082500000, 0x0000000082400000| Complete 
|  37|0x0000000082500000, 0x0000000082600000, 0x0000000082600000|100%|HC|  |TAMS 0x0000000082600000, 0x0000000082500000| Complete 
|  38|0x0000000082600000, 0x0000000082700000, 0x0000000082700000|100%|HC|  |TAMS 0x0000000082700000, 0x0000000082600000| Complete 
|  39|0x0000000082700000, 0x0000000082800000, 0x0000000082800000|100%| O|  |TAMS 0x0000000082800000, 0x0000000082700000| Untracked 
|  40|0x0000000082800000, 0x0000000082900000, 0x0000000082900000|100%| O|  |TAMS 0x0000000082900000, 0x0000000082800000| Untracked 
|  41|0x0000000082900000, 0x0000000082a00000, 0x0000000082a00000|100%| O|  |TAMS 0x0000000082a00000, 0x0000000082900000| Untracked 
|  42|0x0000000082a00000, 0x0000000082b00000, 0x0000000082b00000|100%| O|  |TAMS 0x0000000082b00000, 0x0000000082a00000| Untracked 
|  43|0x0000000082b00000, 0x0000000082c00000, 0x0000000082c00000|100%| O|  |TAMS 0x0000000082c00000, 0x0000000082b00000| Untracked 
|  44|0x0000000082c00000, 0x0000000082d00000, 0x0000000082d00000|100%| O|  |TAMS 0x0000000082d00000, 0x0000000082c00000| Untracked 
|  45|0x0000000082d00000, 0x0000000082e00000, 0x0000000082e00000|100%| O|  |TAMS 0x0000000082e00000, 0x0000000082d00000| Untracked 
|  46|0x0000000082e00000, 0x0000000082f00000, 0x0000000082f00000|100%| O|  |TAMS 0x0000000082f00000, 0x0000000082e00000| Untracked 
|  47|0x0000000082f00000, 0x0000000083000000, 0x0000000083000000|100%| O|  |TAMS 0x0000000083000000, 0x0000000082f00000| Untracked 
|  48|0x0000000083000000, 0x0000000083100000, 0x0000000083100000|100%| O|  |TAMS 0x0000000083100000, 0x0000000083000000| Untracked 
|  49|0x0000000083100000, 0x0000000083200000, 0x0000000083200000|100%| O|  |TAMS 0x0000000083200000, 0x0000000083100000| Untracked 
|  50|0x0000000083200000, 0x0000000083300000, 0x0000000083300000|100%| O|  |TAMS 0x0000000083300000, 0x0000000083200000| Untracked 
|  51|0x0000000083300000, 0x0000000083400000, 0x0000000083400000|100%| O|  |TAMS 0x0000000083400000, 0x0000000083300000| Untracked 
|  52|0x0000000083400000, 0x0000000083500000, 0x0000000083500000|100%| O|  |TAMS 0x0000000083500000, 0x0000000083400000| Untracked 
|  53|0x0000000083500000, 0x0000000083600000, 0x0000000083600000|100%| O|  |TAMS 0x0000000083600000, 0x0000000083500000| Untracked 
|  54|0x0000000083600000, 0x0000000083700000, 0x0000000083700000|100%| O|  |TAMS 0x0000000083700000, 0x0000000083600000| Untracked 
|  55|0x0000000083700000, 0x0000000083800000, 0x0000000083800000|100%| O|  |TAMS 0x0000000083800000, 0x0000000083700000| Untracked 
|  56|0x0000000083800000, 0x0000000083900000, 0x0000000083900000|100%| O|  |TAMS 0x0000000083800000, 0x0000000083800000| Untracked 
|  57|0x0000000083900000, 0x0000000083a00000, 0x0000000083a00000|100%| O|  |TAMS 0x0000000083a00000, 0x0000000083900000| Untracked 
|  58|0x0000000083a00000, 0x0000000083b00000, 0x0000000083b00000|100%| O|  |TAMS 0x0000000083b00000, 0x0000000083a00000| Untracked 
|  59|0x0000000083b00000, 0x0000000083c00000, 0x0000000083c00000|100%|HS|  |TAMS 0x0000000083c00000, 0x0000000083b00000| Complete 
|  60|0x0000000083c00000, 0x0000000083d00000, 0x0000000083d00000|100%| O|  |TAMS 0x0000000083d00000, 0x0000000083c00000| Untracked 
|  61|0x0000000083d00000, 0x0000000083e00000, 0x0000000083e00000|100%| O|  |TAMS 0x0000000083e00000, 0x0000000083d00000| Untracked 
|  62|0x0000000083e00000, 0x0000000083f00000, 0x0000000083f00000|100%| O|  |TAMS 0x0000000083f00000, 0x0000000083e00000| Untracked 
|  63|0x0000000083f00000, 0x0000000084000000, 0x0000000084000000|100%| O|  |TAMS 0x0000000084000000, 0x0000000083f00000| Untracked 
|  64|0x0000000084000000, 0x0000000084100000, 0x0000000084100000|100%| O|  |TAMS 0x0000000084100000, 0x0000000084000000| Untracked 
|  65|0x0000000084100000, 0x0000000084200000, 0x0000000084200000|100%| O|  |TAMS 0x0000000084200000, 0x0000000084100000| Untracked 
|  66|0x0000000084200000, 0x0000000084300000, 0x0000000084300000|100%| O|  |TAMS 0x0000000084239200, 0x0000000084200000| Untracked 
|  67|0x0000000084300000, 0x0000000084400000, 0x0000000084400000|100%| O|  |TAMS 0x0000000084300000, 0x0000000084300000| Untracked 
|  68|0x0000000084400000, 0x0000000084500000, 0x0000000084500000|100%| O|  |TAMS 0x0000000084400000, 0x0000000084400000| Untracked 
|  69|0x0000000084500000, 0x0000000084541c00, 0x0000000084600000| 25%| O|  |TAMS 0x0000000084500000, 0x0000000084500000| Untracked 
|  70|0x0000000084600000, 0x0000000084700000, 0x0000000084700000|100%| O|  |TAMS 0x0000000084700000, 0x0000000084600000| Untracked 
|  71|0x0000000084700000, 0x0000000084800000, 0x0000000084800000|100%| O|  |TAMS 0x0000000084800000, 0x0000000084700000| Untracked 
|  72|0x0000000084800000, 0x0000000084900000, 0x0000000084900000|100%| O|  |TAMS 0x0000000084900000, 0x0000000084800000| Untracked 
|  73|0x0000000084900000, 0x0000000084900000, 0x0000000084a00000|  0%| F|  |TAMS 0x0000000084900000, 0x0000000084900000| Untracked 
|  74|0x0000000084a00000, 0x0000000084a00000, 0x0000000084b00000|  0%| F|  |TAMS 0x0000000084a00000, 0x0000000084a00000| Untracked 
|  75|0x0000000084b00000, 0x0000000084b00000, 0x0000000084c00000|  0%| F|  |TAMS 0x0000000084b00000, 0x0000000084b00000| Untracked 
|  76|0x0000000084c00000, 0x0000000084c00000, 0x0000000084d00000|  0%| F|  |TAMS 0x0000000084c00000, 0x0000000084c00000| Untracked 
|  77|0x0000000084d00000, 0x0000000084d00000, 0x0000000084e00000|  0%| F|  |TAMS 0x0000000084d00000, 0x0000000084d00000| Untracked 
|  78|0x0000000084e00000, 0x0000000084e00000, 0x0000000084f00000|  0%| F|  |TAMS 0x0000000084e00000, 0x0000000084e00000| Untracked 
|  79|0x0000000084f00000, 0x0000000084f00000, 0x0000000085000000|  0%| F|  |TAMS 0x0000000084f00000, 0x0000000084f00000| Untracked 
|  80|0x0000000085000000, 0x0000000085000000, 0x0000000085100000|  0%| F|  |TAMS 0x0000000085000000, 0x0000000085000000| Untracked 
|  81|0x0000000085100000, 0x0000000085100000, 0x0000000085200000|  0%| F|  |TAMS 0x0000000085100000, 0x0000000085100000| Untracked 
|  82|0x0000000085200000, 0x0000000085200000, 0x0000000085300000|  0%| F|  |TAMS 0x0000000085200000, 0x0000000085200000| Untracked 
|  83|0x0000000085300000, 0x0000000085300000, 0x0000000085400000|  0%| F|  |TAMS 0x0000000085300000, 0x0000000085300000| Untracked 
|  84|0x0000000085400000, 0x0000000085400000, 0x0000000085500000|  0%| F|  |TAMS 0x0000000085400000, 0x0000000085400000| Untracked 
|  85|0x0000000085500000, 0x0000000085500000, 0x0000000085600000|  0%| F|  |TAMS 0x0000000085500000, 0x0000000085500000| Untracked 
|  86|0x0000000085600000, 0x0000000085600000, 0x0000000085700000|  0%| F|  |TAMS 0x0000000085600000, 0x0000000085600000| Untracked 
|  87|0x0000000085700000, 0x0000000085700000, 0x0000000085800000|  0%| F|  |TAMS 0x0000000085700000, 0x0000000085700000| Untracked 
|  88|0x0000000085800000, 0x0000000085800000, 0x0000000085900000|  0%| F|  |TAMS 0x0000000085800000, 0x0000000085800000| Untracked 
|  89|0x0000000085900000, 0x0000000085900000, 0x0000000085a00000|  0%| F|  |TAMS 0x0000000085900000, 0x0000000085900000| Untracked 
|  90|0x0000000085a00000, 0x0000000085a38ae0, 0x0000000085b00000| 22%| S|CS|TAMS 0x0000000085a00000, 0x0000000085a00000| Complete 
|  91|0x0000000085b00000, 0x0000000085c00000, 0x0000000085c00000|100%| S|CS|TAMS 0x0000000085b00000, 0x0000000085b00000| Complete 
|  92|0x0000000085c00000, 0x0000000085d00000, 0x0000000085d00000|100%| S|CS|TAMS 0x0000000085c00000, 0x0000000085c00000| Complete 
|  93|0x0000000085d00000, 0x0000000085d00000, 0x0000000085e00000|  0%| F|  |TAMS 0x0000000085d00000, 0x0000000085d00000| Untracked 
|  94|0x0000000085e00000, 0x0000000085e00000, 0x0000000085f00000|  0%| F|  |TAMS 0x0000000085e00000, 0x0000000085e00000| Untracked 
|  95|0x0000000085f00000, 0x0000000085f00000, 0x0000000086000000|  0%| F|  |TAMS 0x0000000085f00000, 0x0000000085f00000| Untracked 
|  96|0x0000000086000000, 0x0000000086000000, 0x0000000086100000|  0%| F|  |TAMS 0x0000000086000000, 0x0000000086000000| Untracked 
|  97|0x0000000086100000, 0x0000000086100000, 0x0000000086200000|  0%| F|  |TAMS 0x0000000086100000, 0x0000000086100000| Untracked 
|  98|0x0000000086200000, 0x0000000086200000, 0x0000000086300000|  0%| F|  |TAMS 0x0000000086200000, 0x0000000086200000| Untracked 
|  99|0x0000000086300000, 0x0000000086300000, 0x0000000086400000|  0%| F|  |TAMS 0x0000000086300000, 0x0000000086300000| Untracked 
| 100|0x0000000086400000, 0x0000000086400000, 0x0000000086500000|  0%| F|  |TAMS 0x0000000086400000, 0x0000000086400000| Untracked 
| 101|0x0000000086500000, 0x0000000086500000, 0x0000000086600000|  0%| F|  |TAMS 0x0000000086500000, 0x0000000086500000| Untracked 
| 102|0x0000000086600000, 0x0000000086600000, 0x0000000086700000|  0%| F|  |TAMS 0x0000000086600000, 0x0000000086600000| Untracked 
| 103|0x0000000086700000, 0x0000000086700000, 0x0000000086800000|  0%| F|  |TAMS 0x0000000086700000, 0x0000000086700000| Untracked 
| 104|0x0000000086800000, 0x0000000086800000, 0x0000000086900000|  0%| F|  |TAMS 0x0000000086800000, 0x0000000086800000| Untracked 
| 105|0x0000000086900000, 0x0000000086900000, 0x0000000086a00000|  0%| F|  |TAMS 0x0000000086900000, 0x0000000086900000| Untracked 
| 106|0x0000000086a00000, 0x0000000086a00000, 0x0000000086b00000|  0%| F|  |TAMS 0x0000000086a00000, 0x0000000086a00000| Untracked 
| 107|0x0000000086b00000, 0x0000000086b00000, 0x0000000086c00000|  0%| F|  |TAMS 0x0000000086b00000, 0x0000000086b00000| Untracked 
| 108|0x0000000086c00000, 0x0000000086c00000, 0x0000000086d00000|  0%| F|  |TAMS 0x0000000086c00000, 0x0000000086c00000| Untracked 
| 109|0x0000000086d00000, 0x0000000086d00000, 0x0000000086e00000|  0%| F|  |TAMS 0x0000000086d00000, 0x0000000086d00000| Untracked 
| 110|0x0000000086e00000, 0x0000000086e00000, 0x0000000086f00000|  0%| F|  |TAMS 0x0000000086e00000, 0x0000000086e00000| Untracked 
| 111|0x0000000086f00000, 0x0000000086f00000, 0x0000000087000000|  0%| F|  |TAMS 0x0000000086f00000, 0x0000000086f00000| Untracked 
| 112|0x0000000087000000, 0x0000000087000000, 0x0000000087100000|  0%| F|  |TAMS 0x0000000087000000, 0x0000000087000000| Untracked 
| 113|0x0000000087100000, 0x0000000087100000, 0x0000000087200000|  0%| F|  |TAMS 0x0000000087100000, 0x0000000087100000| Untracked 
| 114|0x0000000087200000, 0x0000000087200000, 0x0000000087300000|  0%| F|  |TAMS 0x0000000087200000, 0x0000000087200000| Untracked 
| 115|0x0000000087300000, 0x0000000087300000, 0x0000000087400000|  0%| F|  |TAMS 0x0000000087300000, 0x0000000087300000| Untracked 
| 116|0x0000000087400000, 0x0000000087400000, 0x0000000087500000|  0%| F|  |TAMS 0x0000000087400000, 0x0000000087400000| Untracked 
| 117|0x0000000087500000, 0x0000000087500000, 0x0000000087600000|  0%| F|  |TAMS 0x0000000087500000, 0x0000000087500000| Untracked 
| 118|0x0000000087600000, 0x0000000087600000, 0x0000000087700000|  0%| F|  |TAMS 0x0000000087600000, 0x0000000087600000| Untracked 
| 119|0x0000000087700000, 0x0000000087700000, 0x0000000087800000|  0%| F|  |TAMS 0x0000000087700000, 0x0000000087700000| Untracked 
| 120|0x0000000087800000, 0x0000000087800000, 0x0000000087900000|  0%| F|  |TAMS 0x0000000087800000, 0x0000000087800000| Untracked 
| 121|0x0000000087900000, 0x0000000087900000, 0x0000000087a00000|  0%| F|  |TAMS 0x0000000087900000, 0x0000000087900000| Untracked 
| 122|0x0000000087a00000, 0x0000000087a00000, 0x0000000087b00000|  0%| F|  |TAMS 0x0000000087a00000, 0x0000000087a00000| Untracked 
| 123|0x0000000087b00000, 0x0000000087b00000, 0x0000000087c00000|  0%| F|  |TAMS 0x0000000087b00000, 0x0000000087b00000| Untracked 
| 124|0x0000000087c00000, 0x0000000087c00000, 0x0000000087d00000|  0%| F|  |TAMS 0x0000000087c00000, 0x0000000087c00000| Untracked 
| 125|0x0000000087d00000, 0x0000000087d00000, 0x0000000087e00000|  0%| F|  |TAMS 0x0000000087d00000, 0x0000000087d00000| Untracked 

Card table byte_map: [0x0000015a6ee10000,0x0000015a6f210000] _byte_map_base: 0x0000015a6ea10000

Marking Bits (Prev, Next): (CMBitMap*) 0x0000015a57ea3490, (CMBitMap*) 0x0000015a57ea3450
 Prev Bits: [0x0000015a71610000, 0x0000015a73610000)
 Next Bits: [0x0000015a6f610000, 0x0000015a71610000)

Polling page: 0x0000015a55fb0000

Metaspace:

Usage:
  Non-class:     61.94 MB used.
      Class:      9.78 MB used.
       Both:     71.72 MB used.

Virtual space:
  Non-class space:       64.00 MB reserved,      62.38 MB ( 97%) committed,  1 nodes.
      Class space:      416.00 MB reserved,      10.06 MB (  2%) committed,  1 nodes.
             Both:      480.00 MB reserved,      72.44 MB ( 15%) committed. 

Chunk freelists:
   Non-Class:  877.00 KB
       Class:  5.94 MB
        Both:  6.80 MB

MaxMetaspaceSize: 512.00 MB
CompressedClassSpaceSize: 416.00 MB
Initial GC threshold: 21.00 MB
Current GC threshold: 117.44 MB
CDS: on
MetaspaceReclaimPolicy: balanced
 - commit_granule_bytes: 65536.
 - commit_granule_words: 8192.
 - virtual_space_node_default_size: 8388608.
 - enlarge_chunks_in_place: 1.
 - new_chunks_are_fully_committed: 0.
 - uncommit_free_chunks: 1.
 - use_allocation_guard: 0.
 - handle_deallocations: 1.


Internal statistics:

num_allocs_failed_limit: 6.
num_arena_births: 816.
num_arena_deaths: 0.
num_vsnodes_births: 2.
num_vsnodes_deaths: 0.
num_space_committed: 1159.
num_space_uncommitted: 0.
num_chunks_returned_to_freelist: 6.
num_chunks_taken_from_freelist: 3710.
num_chunk_merges: 6.
num_chunk_splits: 2527.
num_chunks_enlarged: 1765.
num_inconsistent_stats: 0.

CodeHeap 'non-profiled nmethods': size=120000Kb used=4542Kb max_used=5139Kb free=115457Kb
 bounds [0x0000015a671b0000, 0x0000015a676c0000, 0x0000015a6e6e0000]
CodeHeap 'profiled nmethods': size=120000Kb used=16366Kb max_used=17686Kb free=103633Kb
 bounds [0x0000015a5f6e0000, 0x0000015a60830000, 0x0000015a66c10000]
CodeHeap 'non-nmethods': size=5760Kb used=2396Kb max_used=2438Kb free=3364Kb
 bounds [0x0000015a66c10000, 0x0000015a66e80000, 0x0000015a671b0000]
 total_blobs=9340 nmethods=8421 adapters=831
 compilation: enabled
              stopped_count=0, restarted_count=0
 full_count=0

Compilation events (20 events):
Event: 170.624 Thread 0x0000015a76038200 9842       3       org.codehaus.groovy.reflection.CachedClass$3$$Lambda$348/0x0000015a013a7560::run (8 bytes)
Event: 170.624 Thread 0x0000015a76038200 nmethod 9842 0x0000015a5fb69a90 code [0x0000015a5fb69c40, 0x0000015a5fb69d88]
Event: 170.624 Thread 0x0000015a76038200 9843   !   3       org.codehaus.groovy.reflection.CachedClass$3::lambda$initValue$4 (63 bytes)
Event: 170.626 Thread 0x0000015a76038200 nmethod 9843 0x0000015a5f94fb90 code [0x0000015a5f94fec0, 0x0000015a5f951198]
Event: 170.626 Thread 0x0000015a76038200 9844       3       org.codehaus.groovy.reflection.CachedClass$3$$Lambda$352/0x0000015a013ad4b0::apply (5 bytes)
Event: 170.626 Thread 0x0000015a76038200 nmethod 9844 0x0000015a5fceb790 code [0x0000015a5fceb920, 0x0000015a5fcebb18]
Event: 170.626 Thread 0x0000015a76038200 9845       3       groovy.lang.MetaClassImpl$Index::getNullable (9 bytes)
Event: 170.627 Thread 0x0000015a76038200 nmethod 9845 0x0000015a5fd43f10 code [0x0000015a5fd440c0, 0x0000015a5fd442e8]
Event: 170.640 Thread 0x0000015a76038200 9846       3       org.codehaus.groovy.reflection.CachedMethod::makeAccessibleIfNecessary (21 bytes)
Event: 170.641 Thread 0x0000015a76038200 nmethod 9846 0x0000015a5fec1810 code [0x0000015a5fec1a60, 0x0000015a5fec24c8]
Event: 170.641 Thread 0x0000015a76038200 9847   !   3       org.codehaus.groovy.reflection.AccessPermissionChecker::checkAccessPermission (26 bytes)
Event: 170.642 Thread 0x0000015a76038200 nmethod 9847 0x0000015a5fd90190 code [0x0000015a5fd90340, 0x0000015a5fd905b8]
Event: 170.648 Thread 0x0000015a76038200 9848       3       groovy.lang.MetaClassImpl::getMetaProperty (45 bytes)
Event: 170.649 Thread 0x0000015a76038200 nmethod 9848 0x0000015a5fc18b10 code [0x0000015a5fc18ce0, 0x0000015a5fc19218]
Event: 170.649 Thread 0x0000015a76038200 9849       3       org.gradle.internal.metaobject.AbstractDynamicObject::<init> (5 bytes)
Event: 170.649 Thread 0x0000015a76038200 nmethod 9849 0x0000015a5fb0f190 code [0x0000015a5fb0f320, 0x0000015a5fb0f478]
Event: 170.650 Thread 0x0000015a76038200 9850       3       org.gradle.api.internal.DefaultDomainObjectSet_Decorated::getStore (39 bytes)
Event: 170.650 Thread 0x0000015a76038200 nmethod 9850 0x0000015a5fc6af10 code [0x0000015a5fc6b0e0, 0x0000015a5fc6b478]
Event: 170.689 Thread 0x0000015a76038200 9851       3       org.codehaus.groovy.reflection.ClassInfo::createCachedClass (514 bytes)
Event: 170.693 Thread 0x0000015a76038200 nmethod 9851 0x0000015a5fe31c10 code [0x0000015a5fe321c0, 0x0000015a5fe34d98]

GC Heap History (20 events):
Event: 150.573 GC heap after
{Heap after GC invocations=31 (full 0):
 garbage-first heap   total 99328K, used 58961K [0x0000000080000000, 0x0000000100000000)
  region size 1024K, 1 young (1024K), 1 survivors (1024K)
 Metaspace       used 62525K, committed 63168K, reserved 491520K
  class space    used 8675K, committed 8960K, reserved 425984K
}
Event: 156.247 GC heap before
{Heap before GC invocations=31 (full 0):
 garbage-first heap   total 99328K, used 70225K [0x0000000080000000, 0x0000000100000000)
  region size 1024K, 14 young (14336K), 1 survivors (1024K)
 Metaspace       used 62620K, committed 63360K, reserved 491520K
  class space    used 8677K, committed 9024K, reserved 425984K
}
Event: 156.250 GC heap after
{Heap after GC invocations=32 (full 0):
 garbage-first heap   total 99328K, used 59213K [0x0000000080000000, 0x0000000100000000)
  region size 1024K, 1 young (1024K), 1 survivors (1024K)
 Metaspace       used 62620K, committed 63360K, reserved 491520K
  class space    used 8677K, committed 9024K, reserved 425984K
}
Event: 158.953 GC heap before
{Heap before GC invocations=33 (full 0):
 garbage-first heap   total 106496K, used 82765K [0x0000000080000000, 0x0000000100000000)
  region size 1024K, 23 young (23552K), 1 survivors (1024K)
 Metaspace       used 65300K, committed 65920K, reserved 491520K
  class space    used 8984K, committed 9280K, reserved 425984K
}
Event: 158.962 GC heap after
{Heap after GC invocations=34 (full 0):
 garbage-first heap   total 106496K, used 64445K [0x0000000080000000, 0x0000000100000000)
  region size 1024K, 3 young (3072K), 3 survivors (3072K)
 Metaspace       used 65300K, committed 65920K, reserved 491520K
  class space    used 8984K, committed 9280K, reserved 425984K
}
Event: 159.169 GC heap before
{Heap before GC invocations=34 (full 0):
 garbage-first heap   total 106496K, used 66493K [0x0000000080000000, 0x0000000100000000)
  region size 1024K, 5 young (5120K), 3 survivors (3072K)
 Metaspace       used 65751K, committed 66432K, reserved 491520K
  class space    used 9022K, committed 9344K, reserved 425984K
}
Event: 159.177 GC heap after
{Heap after GC invocations=35 (full 0):
 garbage-first heap   total 106496K, used 64171K [0x0000000080000000, 0x0000000100000000)
  region size 1024K, 1 young (1024K), 1 survivors (1024K)
 Metaspace       used 65751K, committed 66432K, reserved 491520K
  class space    used 9022K, committed 9344K, reserved 425984K
}
Event: 161.815 GC heap before
{Heap before GC invocations=35 (full 0):
 garbage-first heap   total 106496K, used 79531K [0x0000000080000000, 0x0000000100000000)
  region size 1024K, 18 young (18432K), 1 survivors (1024K)
 Metaspace       used 68394K, committed 69120K, reserved 491520K
  class space    used 9334K, committed 9664K, reserved 425984K
}
Event: 161.819 GC heap after
{Heap after GC invocations=36 (full 0):
 garbage-first heap   total 106496K, used 66850K [0x0000000080000000, 0x0000000100000000)
  region size 1024K, 3 young (3072K), 3 survivors (3072K)
 Metaspace       used 68394K, committed 69120K, reserved 491520K
  class space    used 9334K, committed 9664K, reserved 425984K
}
Event: 164.315 GC heap before
{Heap before GC invocations=37 (full 0):
 garbage-first heap   total 117760K, used 92450K [0x0000000080000000, 0x0000000100000000)
  region size 1024K, 22 young (22528K), 3 survivors (3072K)
 Metaspace       used 69049K, committed 69760K, reserved 491520K
  class space    used 9439K, committed 9728K, reserved 425984K
}
Event: 164.320 GC heap after
{Heap after GC invocations=38 (full 0):
 garbage-first heap   total 117760K, used 69938K [0x0000000080000000, 0x0000000100000000)
  region size 1024K, 3 young (3072K), 3 survivors (3072K)
 Metaspace       used 69049K, committed 69760K, reserved 491520K
  class space    used 9439K, committed 9728K, reserved 425984K
}
Event: 164.453 GC heap before
{Heap before GC invocations=38 (full 0):
 garbage-first heap   total 117760K, used 71986K [0x0000000080000000, 0x0000000100000000)
  region size 1024K, 5 young (5120K), 3 survivors (3072K)
 Metaspace       used 69346K, committed 70080K, reserved 491520K
  class space    used 9470K, committed 9792K, reserved 425984K
}
Event: 164.459 GC heap after
{Heap after GC invocations=39 (full 0):
 garbage-first heap   total 117760K, used 70028K [0x0000000080000000, 0x0000000100000000)
  region size 1024K, 1 young (1024K), 1 survivors (1024K)
 Metaspace       used 69346K, committed 70080K, reserved 491520K
  class space    used 9470K, committed 9792K, reserved 425984K
}
Event: 167.489 GC heap before
{Heap before GC invocations=39 (full 0):
 garbage-first heap   total 117760K, used 93580K [0x0000000080000000, 0x0000000100000000)
  region size 1024K, 24 young (24576K), 1 survivors (1024K)
 Metaspace       used 71397K, committed 72128K, reserved 491520K
  class space    used 9716K, committed 10048K, reserved 425984K
}
Event: 167.493 GC heap after
{Heap after GC invocations=40 (full 0):
 garbage-first heap   total 117760K, used 71379K [0x0000000080000000, 0x0000000100000000)
  region size 1024K, 2 young (2048K), 2 survivors (2048K)
 Metaspace       used 71397K, committed 72128K, reserved 491520K
  class space    used 9716K, committed 10048K, reserved 425984K
}
Event: 169.396 GC heap before
{Heap before GC invocations=41 (full 0):
 garbage-first heap   total 122880K, used 94931K [0x0000000080000000, 0x0000000100000000)
  region size 1024K, 25 young (25600K), 2 survivors (2048K)
 Metaspace       used 73325K, committed 73984K, reserved 491520K
  class space    used 9999K, committed 10304K, reserved 425984K
}
Event: 169.402 GC heap after
{Heap after GC invocations=42 (full 0):
 garbage-first heap   total 122880K, used 73184K [0x0000000080000000, 0x0000000100000000)
  region size 1024K, 4 young (4096K), 4 survivors (4096K)
 Metaspace       used 73325K, committed 73984K, reserved 491520K
  class space    used 9999K, committed 10304K, reserved 425984K
}
Event: 169.497 GC heap before
{Heap before GC invocations=42 (full 0):
 garbage-first heap   total 122880K, used 75232K [0x0000000080000000, 0x0000000100000000)
  region size 1024K, 6 young (6144K), 4 survivors (4096K)
 Metaspace       used 73339K, committed 73984K, reserved 491520K
  class space    used 10000K, committed 10304K, reserved 425984K
}
Event: 169.504 GC heap after
{Heap after GC invocations=43 (full 0):
 garbage-first heap   total 122880K, used 73613K [0x0000000080000000, 0x0000000100000000)
  region size 1024K, 1 young (1024K), 1 survivors (1024K)
 Metaspace       used 73339K, committed 73984K, reserved 491520K
  class space    used 10000K, committed 10304K, reserved 425984K
}
Event: 170.731 GC heap before
{Heap before GC invocations=43 (full 0):
 garbage-first heap   total 122880K, used 100237K [0x0000000080000000, 0x0000000100000000)
  region size 1024K, 27 young (27648K), 1 survivors (1024K)
 Metaspace       used 73437K, committed 74176K, reserved 491520K
  class space    used 10009K, committed 10304K, reserved 425984K
}

Deoptimization events (20 events):
Event: 169.138 Thread 0x0000015a7672f570 Uncommon trap: trap_request=0xffffffde fr.pc=0x0000015a673eabf8 relative=0x0000000000000258
Event: 169.138 Thread 0x0000015a7672f570 Uncommon trap: reason=class_check action=maybe_recompile pc=0x0000015a673eabf8 method=java.util.stream.StreamOpFlag.fromCharacteristics(Ljava/util/Spliterator;)I @ 14 c2
Event: 169.138 Thread 0x0000015a7672f570 DEOPT PACKING pc=0x0000015a673eabf8 sp=0x000000101c4f7c30
Event: 169.138 Thread 0x0000015a7672f570 DEOPT UNPACKING pc=0x0000015a66c65ba3 sp=0x000000101c4f7b18 mode 2
Event: 169.343 Thread 0x0000015a7672f570 Uncommon trap: trap_request=0xffffff45 fr.pc=0x0000015a672c8d78 relative=0x0000000000000438
Event: 169.343 Thread 0x0000015a7672f570 Uncommon trap: reason=unstable_if action=reinterpret pc=0x0000015a672c8d78 method=java.util.StringJoiner.add(Ljava/lang/CharSequence;)Ljava/util/StringJoiner; @ 33 c2
Event: 169.343 Thread 0x0000015a7672f570 DEOPT PACKING pc=0x0000015a672c8d78 sp=0x000000101c4f74f0
Event: 169.344 Thread 0x0000015a7672f570 DEOPT UNPACKING pc=0x0000015a66c65ba3 sp=0x000000101c4f74a0 mode 2
Event: 169.359 Thread 0x0000015a7672f570 Uncommon trap: trap_request=0xffffff45 fr.pc=0x0000015a674c8440 relative=0x00000000000006e0
Event: 169.359 Thread 0x0000015a7672f570 Uncommon trap: reason=unstable_if action=reinterpret pc=0x0000015a674c8440 method=com.sun.beans.introspect.MethodInfo$MethodOrder.compare(Ljava/lang/reflect/Method;Ljava/lang/reflect/Method;)I @ 148 c2
Event: 169.359 Thread 0x0000015a7672f570 DEOPT PACKING pc=0x0000015a674c8440 sp=0x000000101c4f7b10
Event: 169.359 Thread 0x0000015a7672f570 DEOPT UNPACKING pc=0x0000015a66c65ba3 sp=0x000000101c4f7a48 mode 2
Event: 169.861 Thread 0x0000015a7672f570 Uncommon trap: trap_request=0xfffffff4 fr.pc=0x0000015a67593d10 relative=0x0000000000000170
Event: 169.861 Thread 0x0000015a7672f570 Uncommon trap: reason=null_check action=make_not_entrant pc=0x0000015a67593d10 method=java.lang.PublicMethods$MethodList.getMostSpecific()Ljava/lang/reflect/Method; @ 41 c2
Event: 169.861 Thread 0x0000015a7672f570 DEOPT PACKING pc=0x0000015a67593d10 sp=0x000000101c4f54f0
Event: 169.861 Thread 0x0000015a7672f570 DEOPT UNPACKING pc=0x0000015a66c65ba3 sp=0x000000101c4f5468 mode 2
Event: 170.102 Thread 0x0000015a7672f570 Uncommon trap: trap_request=0xffffffde fr.pc=0x0000015a6739c8f4 relative=0x0000000000000934
Event: 170.102 Thread 0x0000015a7672f570 Uncommon trap: reason=class_check action=maybe_recompile pc=0x0000015a6739c8f4 method=java.util.WeakHashMap.matchesKey(Ljava/util/WeakHashMap$Entry;Ljava/lang/Object;)Z @ 21 c2
Event: 170.102 Thread 0x0000015a7672f570 DEOPT PACKING pc=0x0000015a6739c8f4 sp=0x000000101c4f51e0
Event: 170.102 Thread 0x0000015a7672f570 DEOPT UNPACKING pc=0x0000015a66c65ba3 sp=0x000000101c4f5140 mode 2

Classes unloaded (0 events):
No events

Classes redefined (0 events):
No events

Internal exceptions (20 events):
Event: 170.141 Thread 0x0000015a7672f570 Exception <a 'java/lang/ClassNotFoundException'{0x000000008674c238}: com/android/builder/signing/DefaultSigningConfigCustomizer> (0x000000008674c238) 
thrown [s\open\src\hotspot\share\classfile\systemDictionary.cpp, line 256]
Event: 170.146 Thread 0x0000015a7672f570 Exception <a 'java/lang/ClassNotFoundException'{0x0000000086772628}: com/android/build/gradle/internal/dsl/SigningConfigCustomizer> (0x0000000086772628) 
thrown [s\open\src\hotspot\share\classfile\systemDictionary.cpp, line 256]
Event: 170.148 Thread 0x0000015a7672f570 Exception <a 'java/lang/ClassNotFoundException'{0x0000000086789118}: com/android/build/gradle/internal/dsl/SigningConfig$AgpDecoratedCustomizer> (0x0000000086789118) 
thrown [s\open\src\hotspot\share\classfile\systemDictionary.cpp, line 256]
Event: 170.152 Thread 0x0000015a7672f570 Exception <a 'java/lang/ClassNotFoundException'{0x00000000867bbcc8}: com/android/build/gradle/internal/dsl/SigningConfig$AgpDecorated_DecoratedCustomizer> (0x00000000867bbcc8) 
thrown [s\open\src\hotspot\share\classfile\systemDictionary.cpp, line 256]
Event: 170.190 Thread 0x0000015a7672f570 Exception <a 'java/lang/ClassNotFoundException'{0x0000000086623638}: build_78wjim1519a96q5smjez0x2cv$_run_closure2$_closure5BeanInfo> (0x0000000086623638) 
thrown [s\open\src\hotspot\share\classfile\systemDictionary.cpp, line 256]
Event: 170.191 Thread 0x0000015a7672f570 Exception <a 'java/lang/ClassNotFoundException'{0x000000008662e338}: build_78wjim1519a96q5smjez0x2cv$_run_closure2$_closure5Customizer> (0x000000008662e338) 
thrown [s\open\src\hotspot\share\classfile\systemDictionary.cpp, line 256]
Event: 170.213 Thread 0x0000015a7672f570 Exception <a 'java/lang/ClassNotFoundException'{0x0000000086652cb0}: build_78wjim1519a96q5smjez0x2cv$_run_closure2BeanInfo> (0x0000000086652cb0) 
thrown [s\open\src\hotspot\share\classfile\systemDictionary.cpp, line 256]
Event: 170.214 Thread 0x0000015a7672f570 Exception <a 'java/lang/ClassNotFoundException'{0x000000008665e098}: build_78wjim1519a96q5smjez0x2cv$_run_closure2Customizer> (0x000000008665e098) 
thrown [s\open\src\hotspot\share\classfile\systemDictionary.cpp, line 256]
Event: 170.502 Thread 0x0000015a7672f570 Exception <a 'java/lang/ClassNotFoundException'{0x00000000860baa28}: com/android/build/gradle/internal/dsl/BuildType$AgpDecorated_DecoratedBeanInfo> (0x00000000860baa28) 
thrown [s\open\src\hotspot\share\classfile\systemDictionary.cpp, line 256]
Event: 170.505 Thread 0x0000015a7672f570 Exception <a 'java/lang/ClassNotFoundException'{0x00000000860c91f8}: com/android/build/gradle/internal/dsl/BuildType$AgpDecoratedBeanInfo> (0x00000000860c91f8) 
thrown [s\open\src\hotspot\share\classfile\systemDictionary.cpp, line 256]
Event: 170.507 Thread 0x0000015a7672f570 Exception <a 'java/lang/ClassNotFoundException'{0x00000000860d77c8}: com/android/build/gradle/internal/dsl/BuildTypeBeanInfo> (0x00000000860d77c8) 
thrown [s\open\src\hotspot\share\classfile\systemDictionary.cpp, line 256]
Event: 170.509 Thread 0x0000015a7672f570 Exception <a 'java/lang/ClassNotFoundException'{0x00000000860e5b00}: com/android/builder/core/AbstractBuildTypeBeanInfo> (0x00000000860e5b00) 
thrown [s\open\src\hotspot\share\classfile\systemDictionary.cpp, line 256]
Event: 170.513 Thread 0x0000015a7672f570 Exception <a 'java/lang/ClassNotFoundException'{0x00000000860f3e28}: com/android/builder/core/AbstractBuildTypeCustomizer> (0x00000000860f3e28) 
thrown [s\open\src\hotspot\share\classfile\systemDictionary.cpp, line 256]
Event: 170.523 Thread 0x0000015a7672f570 Exception <a 'java/lang/ClassNotFoundException'{0x0000000085f1f1b8}: com/android/build/gradle/internal/dsl/BuildTypeCustomizer> (0x0000000085f1f1b8) 
thrown [s\open\src\hotspot\share\classfile\systemDictionary.cpp, line 256]
Event: 170.536 Thread 0x0000015a7672f570 Exception <a 'java/lang/ClassNotFoundException'{0x0000000085fa87a0}: com/android/build/gradle/internal/dsl/BuildType$AgpDecoratedCustomizer> (0x0000000085fa87a0) 
thrown [s\open\src\hotspot\share\classfile\systemDictionary.cpp, line 256]
Event: 170.588 Thread 0x0000015a7672f570 Exception <a 'java/lang/ClassNotFoundException'{0x0000000085ffbdb8}: com/android/build/gradle/internal/dsl/BuildType$AgpDecorated_DecoratedCustomizer> (0x0000000085ffbdb8) 
thrown [s\open\src\hotspot\share\classfile\systemDictionary.cpp, line 256]
Event: 170.633 Thread 0x0000015a7672f570 Exception <a 'java/lang/ClassNotFoundException'{0x0000000085ee6e68}: build_78wjim1519a96q5smjez0x2cv$_run_closure2$_closure6BeanInfo> (0x0000000085ee6e68) 
thrown [s\open\src\hotspot\share\classfile\systemDictionary.cpp, line 256]
Event: 170.634 Thread 0x0000015a7672f570 Exception <a 'java/lang/ClassNotFoundException'{0x0000000085ef1b68}: build_78wjim1519a96q5smjez0x2cv$_run_closure2$_closure6Customizer> (0x0000000085ef1b68) 
thrown [s\open\src\hotspot\share\classfile\systemDictionary.cpp, line 256]
Event: 170.717 Thread 0x0000015a7672f570 Exception <a 'java/lang/ClassNotFoundException'{0x0000000085dcce28}: org/gradle/api/internal/artifacts/dependencies/DefaultExternalModuleDependency_DecoratedBeanInfo> (0x0000000085dcce28) 
thrown [s\open\src\hotspot\share\classfile\systemDictionary.cpp, line 256]
Event: 170.720 Thread 0x0000015a7672f570 Exception <a 'java/lang/ClassNotFoundException'{0x0000000085de8d68}: org/gradle/api/internal/artifacts/dependencies/DefaultExternalModuleDependencyBeanInfo> (0x0000000085de8d68) 
thrown [s\open\src\hotspot\share\classfile\systemDictionary.cpp, line 256]

VM Operations (20 events):
Event: 167.493 Executing VM operation: G1CollectForAllocation done
Event: 167.569 Executing VM operation: G1Concurrent
Event: 167.645 Executing VM operation: G1Concurrent done
Event: 167.651 Executing VM operation: HandshakeAllThreads
Event: 167.652 Executing VM operation: HandshakeAllThreads done
Event: 167.674 Executing VM operation: HandshakeAllThreads
Event: 167.684 Executing VM operation: HandshakeAllThreads done
Event: 167.715 Executing VM operation: G1Concurrent
Event: 167.715 Executing VM operation: G1Concurrent done
Event: 167.870 Executing VM operation: HandshakeAllThreads
Event: 167.905 Executing VM operation: HandshakeAllThreads done
Event: 168.915 Executing VM operation: Cleanup
Event: 168.916 Executing VM operation: Cleanup done
Event: 169.396 Executing VM operation: G1CollectForAllocation
Event: 169.402 Executing VM operation: G1CollectForAllocation done
Event: 169.497 Executing VM operation: G1CollectForAllocation
Event: 169.504 Executing VM operation: G1CollectForAllocation done
Event: 170.504 Executing VM operation: Cleanup
Event: 170.505 Executing VM operation: Cleanup done
Event: 170.731 Executing VM operation: G1CollectForAllocation

Events (20 events):
Event: 167.985 Thread 0x0000015a76038c00 flushing nmethod 0x0000015a60791990
Event: 167.986 Thread 0x0000015a76038c00 flushing nmethod 0x0000015a60795690
Event: 168.221 loading class java/util/concurrent/atomic/AtomicIntegerArray
Event: 168.221 loading class java/util/concurrent/atomic/AtomicIntegerArray done
Event: 168.224 loading class java/util/Currency
Event: 168.224 loading class java/util/Currency done
Event: 168.233 loading class java/util/concurrent/atomic/AtomicLongArray
Event: 168.234 loading class java/util/concurrent/atomic/AtomicLongArray done
Event: 168.270 loading class sun/reflect/generics/repository/FieldRepository
Event: 168.270 loading class sun/reflect/generics/repository/FieldRepository done
Event: 168.289 loading class jdk/internal/access/foreign/MemorySegmentProxy
Event: 168.290 loading class jdk/internal/access/foreign/MemorySegmentProxy done
Event: 168.325 loading class jdk/internal/vm/annotation/ForceInline
Event: 168.326 loading class jdk/internal/vm/annotation/ForceInline done
Event: 168.617 loading class java/util/regex/Pattern$Caret
Event: 168.617 loading class java/util/regex/Pattern$Caret done
Event: 169.065 loading class java/util/regex/Pattern$Pos
Event: 169.065 loading class java/util/regex/Pattern$Pos done
Event: 169.945 loading class java/beans/IntrospectionException
Event: 169.946 loading class java/beans/IntrospectionException done


Dynamic libraries:
0x00007ff6256a0000 - 0x00007ff6256b0000 	C:\Program Files\Java\jdk-17\bin\java.exe
0x00007ffb6ee10000 - 0x00007ffb6f026000 	C:\WINDOWS\SYSTEM32\ntdll.dll
0x00007ffb6e210000 - 0x00007ffb6e2d4000 	C:\WINDOWS\System32\KERNEL32.DLL
0x00007ffb6c310000 - 0x00007ffb6c6b7000 	C:\WINDOWS\System32\KERNELBASE.dll
0x00007ffb6c6f0000 - 0x00007ffb6c801000 	C:\WINDOWS\System32\ucrtbase.dll
0x00007ffb4df40000 - 0x00007ffb4df59000 	C:\Program Files\Java\jdk-17\bin\jli.dll
0x00007ffb6dfb0000 - 0x00007ffb6e062000 	C:\WINDOWS\System32\ADVAPI32.dll
0x00007ffb6e390000 - 0x00007ffb6e437000 	C:\WINDOWS\System32\msvcrt.dll
0x00007ffb6e970000 - 0x00007ffb6ea18000 	C:\WINDOWS\System32\sechost.dll
0x00007ffb6c980000 - 0x00007ffb6c9a8000 	C:\WINDOWS\System32\bcrypt.dll
0x00007ffb6ead0000 - 0x00007ffb6ebe5000 	C:\WINDOWS\System32\RPCRT4.dll
0x00007ffb6cbe0000 - 0x00007ffb6cd8e000 	C:\WINDOWS\System32\USER32.dll
0x00007ffb6c6c0000 - 0x00007ffb6c6e6000 	C:\WINDOWS\System32\win32u.dll
0x00007ffb6e440000 - 0x00007ffb6e469000 	C:\WINDOWS\System32\GDI32.dll
0x00007ffb6ca20000 - 0x00007ffb6cb39000 	C:\WINDOWS\System32\gdi32full.dll
0x00007ffb6c270000 - 0x00007ffb6c30a000 	C:\WINDOWS\System32\msvcp_win.dll
0x00007ffb4eac0000 - 0x00007ffb4eadb000 	C:\Program Files\Java\jdk-17\bin\VCRUNTIME140.dll
0x00007ffb516f0000 - 0x00007ffb51983000 	C:\WINDOWS\WinSxS\amd64_microsoft.windows.common-controls_6595b64144ccf1df_6.0.22621.3235_none_270f74e173860f98\COMCTL32.dll
0x00007ffb63020000 - 0x00007ffb6302a000 	C:\WINDOWS\SYSTEM32\VERSION.dll
0x00007ffb6cb50000 - 0x00007ffb6cb81000 	C:\WINDOWS\System32\IMM32.DLL
0x00007ffb65b90000 - 0x00007ffb65b9c000 	C:\Program Files\Java\jdk-17\bin\vcruntime140_1.dll
0x00007ffb4c4c0000 - 0x00007ffb4c54e000 	C:\Program Files\Java\jdk-17\bin\msvcp140.dll
0x00007ffac8760000 - 0x00007ffac9341000 	C:\Program Files\Java\jdk-17\bin\server\jvm.dll
0x00007ffb6cb40000 - 0x00007ffb6cb48000 	C:\WINDOWS\System32\PSAPI.DLL
0x00007ffb3bb20000 - 0x00007ffb3bb29000 	C:\WINDOWS\SYSTEM32\WSOCK32.dll
0x00007ffb6e7f0000 - 0x00007ffb6e861000 	C:\WINDOWS\System32\WS2_32.dll
0x00007ffb64b20000 - 0x00007ffb64b54000 	C:\WINDOWS\SYSTEM32\WINMM.dll
0x00007ffb6b130000 - 0x00007ffb6b148000 	C:\WINDOWS\SYSTEM32\kernel.appcore.dll
0x00007ffb65b30000 - 0x00007ffb65b3a000 	C:\Program Files\Java\jdk-17\bin\jimage.dll
0x00007ffb69a40000 - 0x00007ffb69c73000 	C:\WINDOWS\SYSTEM32\DBGHELP.DLL
0x00007ffb6d210000 - 0x00007ffb6d598000 	C:\WINDOWS\System32\combase.dll
0x00007ffb6e470000 - 0x00007ffb6e547000 	C:\WINDOWS\System32\OLEAUT32.dll
0x00007ffb49b30000 - 0x00007ffb49b62000 	C:\WINDOWS\SYSTEM32\dbgcore.DLL
0x00007ffb6c1f0000 - 0x00007ffb6c269000 	C:\WINDOWS\System32\bcryptPrimitives.dll
0x00007ffb4d2b0000 - 0x00007ffb4d2d5000 	C:\Program Files\Java\jdk-17\bin\java.dll
0x00007ffb1d100000 - 0x00007ffb1d1d7000 	C:\Program Files\Java\jdk-17\bin\jsvml.dll
0x00007ffb6d750000 - 0x00007ffb6dfac000 	C:\WINDOWS\System32\SHELL32.dll
0x00007ffb6a060000 - 0x00007ffb6a959000 	C:\WINDOWS\SYSTEM32\windows.storage.dll
0x00007ffb69dc0000 - 0x00007ffb69efe000 	C:\WINDOWS\SYSTEM32\wintypes.dll
0x00007ffb6e870000 - 0x00007ffb6e963000 	C:\WINDOWS\System32\SHCORE.dll
0x00007ffb6e550000 - 0x00007ffb6e5ae000 	C:\WINDOWS\System32\shlwapi.dll
0x00007ffb6c060000 - 0x00007ffb6c081000 	C:\WINDOWS\SYSTEM32\profapi.dll
0x00007ffb4d780000 - 0x00007ffb4d799000 	C:\Program Files\Java\jdk-17\bin\net.dll
0x00007ffb65200000 - 0x00007ffb65336000 	C:\WINDOWS\SYSTEM32\WINHTTP.dll
0x00007ffb6b690000 - 0x00007ffb6b6f9000 	C:\WINDOWS\system32\mswsock.dll
0x00007ffb4d290000 - 0x00007ffb4d2a6000 	C:\Program Files\Java\jdk-17\bin\nio.dll
0x00007ffb4d270000 - 0x00007ffb4d288000 	C:\Program Files\Java\jdk-17\bin\zip.dll
0x00007ffb4df00000 - 0x00007ffb4df10000 	C:\Program Files\Java\jdk-17\bin\verify.dll
0x00007ffb4a980000 - 0x00007ffb4a9a7000 	C:\Users\phamv\.gradle\native\68d5fa5c4cc2d200863cafc0d521ce42e7d3e7ee720ec0a83991735586a16f82\windows-amd64\native-platform.dll
0x00007ffb09370000 - 0x00007ffb094b4000 	C:\Users\phamv\.gradle\native\e376f236ea51e6404a007f0833ffe2c6e607c4080706a723a18a27aeea778392\windows-amd64\native-platform-file-events.dll
0x00007ffb4daf0000 - 0x00007ffb4dafa000 	C:\Program Files\Java\jdk-17\bin\management.dll
0x00007ffb4d9c0000 - 0x00007ffb4d9cb000 	C:\Program Files\Java\jdk-17\bin\management_ext.dll
0x00007ffb6b8e0000 - 0x00007ffb6b8fb000 	C:\WINDOWS\SYSTEM32\CRYPTSP.dll
0x00007ffb6b090000 - 0x00007ffb6b0c5000 	C:\WINDOWS\system32\rsaenh.dll
0x00007ffb6b730000 - 0x00007ffb6b758000 	C:\WINDOWS\SYSTEM32\USERENV.dll
0x00007ffb6b8a0000 - 0x00007ffb6b8ac000 	C:\WINDOWS\SYSTEM32\CRYPTBASE.dll
0x00007ffb6abc0000 - 0x00007ffb6abed000 	C:\WINDOWS\SYSTEM32\IPHLPAPI.DLL
0x00007ffb6e7e0000 - 0x00007ffb6e7e9000 	C:\WINDOWS\System32\NSI.dll
0x00007ffb64e40000 - 0x00007ffb64e59000 	C:\WINDOWS\SYSTEM32\dhcpcsvc6.DLL
0x00007ffb64b90000 - 0x00007ffb64baf000 	C:\WINDOWS\SYSTEM32\dhcpcsvc.DLL
0x00007ffb6ac30000 - 0x00007ffb6ad29000 	C:\WINDOWS\SYSTEM32\DNSAPI.dll
0x00007ffb65ba0000 - 0x00007ffb65bae000 	C:\Program Files\Java\jdk-17\bin\sunmscapi.dll
0x00007ffb6c810000 - 0x00007ffb6c976000 	C:\WINDOWS\System32\CRYPT32.dll
0x00007ffb6bad0000 - 0x00007ffb6bafe000 	C:\WINDOWS\SYSTEM32\ncrypt.dll
0x00007ffb6ba90000 - 0x00007ffb6bac7000 	C:\WINDOWS\SYSTEM32\NTASN1.dll
0x00007ffb2cb80000 - 0x00007ffb2cb88000 	C:\WINDOWS\system32\wshunix.dll

dbghelp: loaded successfully - version: 4.0.5 - missing functions: none
symbol engine: initialized successfully - sym options: 0x614 - pdb path: .;C:\Program Files\Java\jdk-17\bin;C:\WINDOWS\SYSTEM32;C:\WINDOWS\WinSxS\amd64_microsoft.windows.common-controls_6595b64144ccf1df_6.0.22621.3235_none_270f74e173860f98;C:\Program Files\Java\jdk-17\bin\server;C:\Users\phamv\.gradle\native\68d5fa5c4cc2d200863cafc0d521ce42e7d3e7ee720ec0a83991735586a16f82\windows-amd64;C:\Users\phamv\.gradle\native\e376f236ea51e6404a007f0833ffe2c6e607c4080706a723a18a27aeea778392\windows-amd64

VM Arguments:
jvm_args: -XX:MaxMetaspaceSize=512m --add-opens=java.base/java.util=ALL-UNNAMED --add-opens=java.base/java.lang=ALL-UNNAMED --add-opens=java.base/java.lang.invoke=ALL-UNNAMED --add-opens=java.prefs/java.util.prefs=ALL-UNNAMED --add-opens=java.base/java.nio.charset=ALL-UNNAMED --add-opens=java.base/java.net=ALL-UNNAMED --add-opens=java.base/java.util.concurrent.atomic=ALL-UNNAMED -Xmx2048m -Dfile.encoding=windows-1252 -Duser.country=US -Duser.language=en -Duser.variant 
java_command: org.gradle.launcher.daemon.bootstrap.GradleDaemon 8.0.1
java_class_path (initial): C:\Users\phamv\.gradle\wrapper\dists\gradle-8.0.1-all\aro4hu1c3oeioove7l0i4i14o\gradle-8.0.1\lib\gradle-launcher-8.0.1.jar
Launcher Type: SUN_STANDARD

[Global flags]
     intx CICompilerCount                          = 4                                         {product} {ergonomic}
   size_t CompressedClassSpaceSize                 = 436207616                                 {product} {ergonomic}
     uint ConcGCThreads                            = 2                                         {product} {ergonomic}
     uint G1ConcRefinementThreads                  = 8                                         {product} {ergonomic}
   size_t G1HeapRegionSize                         = 1048576                                   {product} {ergonomic}
    uintx GCDrainStackTargetSize                   = 64                                        {product} {ergonomic}
   size_t InitialHeapSize                          = 132120576                                 {product} {ergonomic}
   size_t MarkStackSize                            = 4194304                                   {product} {ergonomic}
   size_t MaxHeapSize                              = 2147483648                                {product} {command line}
   size_t MaxMetaspaceSize                         = 536870912                                 {product} {command line}
   size_t MaxNewSize                               = 1287651328                                {product} {ergonomic}
   size_t MinHeapDeltaBytes                        = 1048576                                   {product} {ergonomic}
   size_t MinHeapSize                              = 8388608                                   {product} {ergonomic}
    uintx NonNMethodCodeHeapSize                   = 5839372                                {pd product} {ergonomic}
    uintx NonProfiledCodeHeapSize                  = 122909434                              {pd product} {ergonomic}
    uintx ProfiledCodeHeapSize                     = 122909434                              {pd product} {ergonomic}
    uintx ReservedCodeCacheSize                    = 251658240                              {pd product} {ergonomic}
     bool SegmentedCodeCache                       = true                                      {product} {ergonomic}
   size_t SoftMaxHeapSize                          = 2147483648                             {manageable} {ergonomic}
     bool UseCompressedClassPointers               = true                           {product lp64_product} {ergonomic}
     bool UseCompressedOops                        = true                           {product lp64_product} {ergonomic}
     bool UseG1GC                                  = true                                      {product} {ergonomic}
     bool UseLargePagesIndividualAllocation        = false                                  {pd product} {ergonomic}

Logging:
Log output configuration:
 #0: stdout all=warning uptime,level,tags
 #1: stderr all=off uptime,level,tags

Environment Variables:
CLASSPATH=D:\Gen-Chat\GenChatMobile2-main\android\\gradle\wrapper\gradle-wrapper.jar
PATH=D:\Gen-Chat\GenChatMobile2-main\node_modules\.bin;D:\Gen-Chat\GenChatMobile2-main\node_modules\.bin;D:\Gen-Chat\node_modules\.bin;D:\node_modules\.bin;C:\Program Files\nodejs\node_modules\npm\node_modules\@npmcli\run-script\lib\node-gyp-bin;D:\Gen-Chat\GenChatMobile2-main\node_modules\.bin;D:\Gen-Chat\node_modules\.bin;D:\node_modules\.bin;C:\Program Files\nodejs\node_modules\npm\node_modules\@npmcli\run-script\lib\node-gyp-bin;C:\Program Files\Common Files\Oracle\Java\javapath;C:\WINDOWS\system32;C:\WINDOWS;C:\WINDOWS\System32\Wbem;C:\WINDOWS\System32\WindowsPowerShell\v1.0\;C:\WINDOWS\System32\OpenSSH\;C:\Program Files\Java\jdk-17\bin;C:\Program Files (x86)\Microsoft SQL Server\110\Tools\Binn\;C:\Program Files\Microsoft SQL Server\110\Tools\Binn\;C:\Program Files\Microsoft SQL Server\110\DTS\Binn\;C:\Program Files (x86)\Microsoft SQL Server\110\Tools\Binn\ManagementStudio\;C:\Program Files (x86)\Microsoft SQL Server\110\DTS\Binn\;C:\Program Files\Git\cmd;C:\Program Files\nodejs\;C:\Program Files\apache-maven-3.9.6\bin;C:\Program Files\PuTTY\;C:\Program Files\Docker\Docker\resources\bin;C:\Program Files\Redis\;C:\Program Files\MongoDB\Tools\100\bin;C:\Users\phamv\AppData\Local\Microsoft\WindowsApps;;C:\Users\phamv\AppData\Local\Programs\Microsoft VS Code\bin;C:\Users\phamv\AppData\Roaming\npm;C:\Program Files\JetBrains\IntelliJ IDEA 2023.3.6\bin;;C:\Users\phamv\AppData\Local\Programs\mongosh\
USERNAME=phamv
LANG=en_US.UTF-8
OS=Windows_NT
PROCESSOR_IDENTIFIER=Intel64 Family 6 Model 126 Stepping 5, GenuineIntel



---------------  S Y S T E M  ---------------

OS:
 Windows 11 , 64 bit Build 22621 (10.0.22621.3374)
OS uptime: 0 days 8:18 hours
Hyper-V role detected

CPU: total 8 (initial active 8) (4 cores per cpu, 2 threads per core) family 6 model 126 stepping 5 microcode 0x86, cx8, cmov, fxsr, ht, mmx, 3dnowpref, sse, sse2, sse3, ssse3, sse4.1, sse4.2, popcnt, lzcnt, tsc, tscinvbit, avx, avx2, aes, erms, clmul, bmi1, bmi2, adx, avx512f, avx512dq, avx512cd, avx512bw, avx512vl, sha, fma, vzeroupper, avx512_vpopcntdq, avx512_vpclmulqdq, avx512_vaes, avx512_vnni, clflush, clflushopt, avx512_vbmi2, avx512_vbmi, hv

Memory: 4k page, system-wide physical 7973M (147M free)
TotalPageFile size 24561M (AvailPageFile size 6M)
current process WorkingSet (physical memory assigned to process): 283M, peak: 283M
current process commit charge ("private bytes"): 391M, peak: 486M

vm_info: Java HotSpot(TM) 64-Bit Server VM (17.0.9+11-LTS-201) for windows-amd64 JRE (17.0.9+11-LTS-201), built on Oct 10 2023 23:16:06 by "mach5one" with MS VC++ 17.1 (VS2022)

END.
